[0.134s] Invoking command in '/home/ubuntu/Desktop/Works/ME326GroupProject/build/basic': CMAKE_PREFIX_PATH=${CMAKE_PREFIX_PATH}:/dev_ws/install/interbotix_xs_modules:/dev_ws/install/interbotix_common_modules:/opt/ros/galactic /usr/bin/cmake /home/ubuntu/Desktop/Works/ME326GroupProject/src/basic -DCMAKE_INSTALL_PREFIX=/home/ubuntu/Desktop/Works/ME326GroupProject/install/basic
[0.711s] -- The C compiler identification is GNU 9.4.0
[1.027s] -- The CXX compiler identification is GNU 9.4.0
[1.106s] -- Check for working C compiler: /usr/bin/cc
[2.135s] -- Check for working C compiler: /usr/bin/cc -- works
[2.143s] -- Detecting C compiler ABI info
[3.051s] -- Detecting C compiler ABI info - done
[3.108s] -- Detecting C compile features
[3.110s] -- Detecting C compile features - done
[3.192s] -- Check for working CXX compiler: /usr/bin/c++
[4.107s] -- Check for working CXX compiler: /usr/bin/c++ -- works
[4.116s] -- Detecting CXX compiler ABI info
[5.125s] -- Detecting CXX compiler ABI info - done
[5.178s] -- Detecting CXX compile features
[5.181s] -- Detecting CXX compile features - done
[5.319s] -- Found ament_cmake: 1.1.6 (/opt/ros/galactic/share/ament_cmake/cmake)
[5.377s] -- Found PythonInterp: /usr/bin/python3 (found suitable version "3.8.10", minimum required is "3") 
[5.378s] -- Using PYTHON_EXECUTABLE: /usr/bin/python3
[5.592s] -- Found ament_lint_auto: 0.10.7 (/opt/ros/galactic/share/ament_lint_auto/cmake)
[6.151s] -- Added test 'copyright' to check source files copyright and LICENSE
[6.505s] -- Added test 'lint_cmake' to check CMake code style
[6.758s] -- Added test 'xmllint' to check XML markup files
[6.949s] -- Configuring done
[7.365s] -- Generating done
[7.624s] -- Build files have been written to: /home/ubuntu/Desktop/Works/ME326GroupProject/build/basic
[7.631s] Invoked command in '/home/ubuntu/Desktop/Works/ME326GroupProject/build/basic' returned '0': CMAKE_PREFIX_PATH=${CMAKE_PREFIX_PATH}:/dev_ws/install/interbotix_xs_modules:/dev_ws/install/interbotix_common_modules:/opt/ros/galactic /usr/bin/cmake /home/ubuntu/Desktop/Works/ME326GroupProject/src/basic -DCMAKE_INSTALL_PREFIX=/home/ubuntu/Desktop/Works/ME326GroupProject/install/basic
[7.648s] Invoking command in '/home/ubuntu/Desktop/Works/ME326GroupProject/build/basic': CMAKE_PREFIX_PATH=${CMAKE_PREFIX_PATH}:/dev_ws/install/interbotix_xs_modules:/dev_ws/install/interbotix_common_modules:/opt/ros/galactic /usr/bin/cmake --build /home/ubuntu/Desktop/Works/ME326GroupProject/build/basic -- -j20 -l20
[8.114s] Invoked command in '/home/ubuntu/Desktop/Works/ME326GroupProject/build/basic' returned '0': CMAKE_PREFIX_PATH=${CMAKE_PREFIX_PATH}:/dev_ws/install/interbotix_xs_modules:/dev_ws/install/interbotix_common_modules:/opt/ros/galactic /usr/bin/cmake --build /home/ubuntu/Desktop/Works/ME326GroupProject/build/basic -- -j20 -l20
[8.234s] Invoking command in '/home/ubuntu/Desktop/Works/ME326GroupProject/build/basic': CMAKE_PREFIX_PATH=${CMAKE_PREFIX_PATH}:/dev_ws/install/interbotix_xs_modules:/dev_ws/install/interbotix_common_modules:/opt/ros/galactic /usr/bin/cmake --install /home/ubuntu/Desktop/Works/ME326GroupProject/build/basic
[8.369s] -- Install configuration: ""
[8.407s] -- Installing: /home/ubuntu/Desktop/Works/ME326GroupProject/install/basic/share/ament_index/resource_index/package_run_dependencies/basic
[8.505s] -- Installing: /home/ubuntu/Desktop/Works/ME326GroupProject/install/basic/share/ament_index/resource_index/parent_prefix_path/basic
[8.579s] -- Installing: /home/ubuntu/Desktop/Works/ME326GroupProject/install/basic/share/basic/environment/ament_prefix_path.sh
[8.625s] -- Installing: /home/ubuntu/Desktop/Works/ME326GroupProject/install/basic/share/basic/environment/ament_prefix_path.dsv
[8.677s] -- Installing: /home/ubuntu/Desktop/Works/ME326GroupProject/install/basic/share/basic/environment/path.sh
[8.743s] -- Installing: /home/ubuntu/Desktop/Works/ME326GroupProject/install/basic/share/basic/environment/path.dsv
[8.802s] -- Installing: /home/ubuntu/Desktop/Works/ME326GroupProject/install/basic/share/basic/local_setup.bash
[8.855s] -- Installing: /home/ubuntu/Desktop/Works/ME326GroupProject/install/basic/share/basic/local_setup.sh
[8.911s] -- Installing: /home/ubuntu/Desktop/Works/ME326GroupProject/install/basic/share/basic/local_setup.zsh
[8.948s] -- Installing: /home/ubuntu/Desktop/Works/ME326GroupProject/install/basic/share/basic/local_setup.dsv
[8.992s] -- Installing: /home/ubuntu/Desktop/Works/ME326GroupProject/install/basic/share/basic/package.dsv
[9.044s] -- Installing: /home/ubuntu/Desktop/Works/ME326GroupProject/install/basic/share/ament_index/resource_index/packages/basic
[9.114s] -- Installing: /home/ubuntu/Desktop/Works/ME326GroupProject/install/basic/share/basic/cmake/basicConfig.cmake
[9.164s] -- Installing: /home/ubuntu/Desktop/Works/ME326GroupProject/install/basic/share/basic/cmake/basicConfig-version.cmake
[9.213s] -- Installing: /home/ubuntu/Desktop/Works/ME326GroupProject/install/basic/share/basic/package.xml
[9.253s] Invoked command in '/home/ubuntu/Desktop/Works/ME326GroupProject/build/basic' returned '0': CMAKE_PREFIX_PATH=${CMAKE_PREFIX_PATH}:/dev_ws/install/interbotix_xs_modules:/dev_ws/install/interbotix_common_modules:/opt/ros/galactic /usr/bin/cmake --install /home/ubuntu/Desktop/Works/ME326GroupProject/build/basic
