[0.000000] (-) TimerEvent: {}
[0.000729] (basic) JobQueued: {'identifier': 'basic', 'dependencies': OrderedDict()}
[0.001164] (basic) JobStarted: {'identifier': 'basic'}
[0.097137] (-) TimerEvent: {}
[0.126608] (basic) JobProgress: {'identifier': 'basic', 'progress': 'cmake'}
[0.189540] (basic) Command: {'cmd': ['/usr/bin/cmake', '/home/ubuntu/Desktop/Works/ME326GroupProject/src/basic', '-DCMAKE_INSTALL_PREFIX=/home/ubuntu/Desktop/Works/ME326GroupProject/install/basic'], 'cwd': '/home/ubuntu/Desktop/Works/ME326GroupProject/build/basic', 'env': OrderedDict([('VNCDESKTOP', 'cbe4caa1ebe3:1 (ubuntu)'), ('QT_SCALE_FACTOR', '1'), ('USER', 'ubuntu'), ('SUPERVISOR_GROUP_NAME', 'vnc'), ('HOSTNAME', 'cbe4caa1ebe3'), ('GIT_ASKPASS', '/usr/share/codium/resources/app/extensions/git/dist/askpass.sh'), ('SHLVL', '2'), ('LD_LIBRARY_PATH', '/dev_ws/install/moveit_visual_tools/lib:/dev_ws/install/interbotix_xs_rviz/lib:/dev_ws/install/interbotix_xs_ros_control/lib:/dev_ws/install/interbotix_xs_msgs/lib:/dev_ws/install/interbotix_xs_driver/lib:/dev_ws/install/interbotix_tf_tools/lib:/dev_ws/install/dynamixel_workbench_toolbox/lib:/usr/lib/x86_64-linux-gnu/gazebo-11/plugins:/opt/ros/galactic/opt/yaml_cpp_vendor/lib:/opt/ros/galactic/opt/rviz_ogre_vendor/lib:/opt/ros/galactic/lib/x86_64-linux-gnu:/opt/ros/galactic/lib:/usr/share/gazebo/../../lib/x86_64-linux-gnu/gazebo-11/plugins:'), ('HOME', '/home/ubuntu'), ('CHROME_DESKTOP', 'codium.desktop'), ('OLDPWD', '/home/ubuntu/Desktop/Works/ME326GroupProject/src'), ('TERM_PROGRAM_VERSION', '1.96.2'), ('GIO_LAUNCHED_DESKTOP_FILE', '/home/ubuntu/Desktop/codium.desktop'), ('GAZEBO_MASTER_URI', 'http://localhost:11345'), ('ROS_PYTHON_VERSION', '3'), ('GTK_MODULES', 'appmenu-gtk-module'), ('VSCODE_GIT_ASKPASS_MAIN', '/usr/share/codium/resources/app/extensions/git/dist/askpass-main.js'), ('VSCODE_GIT_ASKPASS_NODE', '/usr/share/codium/codium'), ('LC_CTYPE', 'C.UTF-8'), ('DBUS_SESSION_BUS_ADDRESS', 'unix:abstract=/tmp/dbus-eFPEujWa32,guid=017905acd645cfe1bf92612367997802'), ('COLORTERM', 'truecolor'), ('GIO_LAUNCHED_DESKTOP_FILE_PID', '547'), ('UBUNTU_MENUPROXY', '1'), ('COLCON_PREFIX_PATH', '/home/ubuntu/Desktop/Works/ME326GroupProject/install:/dev_ws/install'), ('ROS_DISTRO', 'galactic'), ('QT_AUTO_SCREEN_SCALE_FACTOR', '0'), ('_', '/usr/bin/colcon'), ('ROS_VERSION', '2'), ('TERM', 'xterm-256color'), ('GTK_OVERLAY_SCROLLING', '0'), ('GAZEBO_MODEL_PATH', '/usr/share/gazebo/../../share/gazebo-11/models:'), ('ROS_LOCALHOST_ONLY', '0'), ('INSIDE_CAJA_PYTHON', ''), ('OGRE_RESOURCE_PATH', '/usr/lib/x86_64-linux-gnu/OGRE-1.9.0'), ('PATH', '/opt/ros/galactic/bin:/usr/local/sbin:/usr/local/bin:/usr/sbin:/usr/bin:/sbin:/bin:/snap/bin'), ('SESSION_MANAGER', 'local/cbe4caa1ebe3:@/tmp/.ICE-unix/89,unix/cbe4caa1ebe3:/tmp/.ICE-unix/89'), ('GDK_BACKEND', 'x11'), ('DISPLAY', ':1'), ('LANG', 'en_US.UTF-8'), ('XDG_CURRENT_DESKTOP', 'MATE'), ('INTERBOTIX_XSLOCOBOT_BASE_TYPE', 'create3'), ('VSCODE_GIT_IPC_HANDLE', '/tmp/vscode-git-4113206b09.sock'), ('INTERBOTIX_WS', '/home/ubuntu/dev_ws'), ('SUPERVISOR_ENABLED', '1'), ('TERM_PROGRAM', 'vscode'), ('AMENT_PREFIX_PATH', '/home/ubuntu/Desktop/Works/ME326GroupProject/install/basic:/dev_ws/install/moveit_visual_tools:/dev_ws/install/interbotix_xslocobot_moveit:/dev_ws/install/interbotix_xslocobot_ros_control:/dev_ws/install/interbotix_xslocobot_sim:/dev_ws/install/interbotix_xslocobot_nav:/dev_ws/install/interbotix_xslocobot_joy:/dev_ws/install/interbotix_xslocobot_control:/dev_ws/install/interbotix_xslocobot_descriptions:/dev_ws/install/interbotix_xs_toolbox:/dev_ws/install/interbotix_xs_rviz:/dev_ws/install/interbotix_ros_xseries:/dev_ws/install/interbotix_xs_sdk:/dev_ws/install/interbotix_xs_ros_control:/dev_ws/install/interbotix_xs_modules:/dev_ws/install/interbotix_xs_msgs:/dev_ws/install/interbotix_xs_driver:/dev_ws/install/interbotix_tf_tools:/dev_ws/install/interbotix_common_toolbox:/dev_ws/install/interbotix_common_sim:/dev_ws/install/interbotix_common_modules:/dev_ws/install/dynamixel_workbench_toolbox:/opt/ros/galactic'), ('ORIGINAL_XDG_CURRENT_DESKTOP', 'MATE'), ('NO_AT_BRIDGE', '1'), ('PASSWD', 'ubuntu'), ('SUPERVISOR_SERVER_URL', 'unix:///var/run/supervisor.sock'), ('GAZEBO_RESOURCE_PATH', '/usr/share/gazebo/../../share/gazebo-11:'), ('GAZEBO_MODEL_DATABASE_URI', 'http://models.gazebosim.org'), ('VSCODE_GIT_ASKPASS_EXTRA_ARGS', ''), ('SUPERVISOR_PROCESS_NAME', 'vnc'), ('PWD', '/home/ubuntu/Desktop/Works/ME326GroupProject/build/basic'), ('GAZEBO_PLUGIN_PATH', '/usr/share/gazebo/../../lib/x86_64-linux-gnu/gazebo-11/plugins:'), ('XDG_DATA_DIRS', '/usr/local/share:/usr/share:/var/lib/snapd/desktop'), ('PYTHONPATH', '/dev_ws/install/interbotix_xs_modules/lib/python3.8/site-packages:/dev_ws/install/interbotix_xs_msgs/lib/python3.8/site-packages:/dev_ws/install/interbotix_common_modules/lib/python3.8/site-packages:/opt/ros/galactic/lib/python3.8/site-packages'), ('MATE_DESKTOP_SESSION_ID', 'this-is-deprecated'), ('COLCON', '1'), ('CMAKE_PREFIX_PATH', '/home/ubuntu/Desktop/Works/ME326GroupProject/install/basic:/dev_ws/install/moveit_visual_tools:/dev_ws/install/interbotix_xslocobot_moveit:/dev_ws/install/interbotix_xslocobot_ros_control:/dev_ws/install/interbotix_xslocobot_sim:/dev_ws/install/interbotix_xslocobot_nav:/dev_ws/install/interbotix_xslocobot_joy:/dev_ws/install/interbotix_xslocobot_control:/dev_ws/install/interbotix_xslocobot_descriptions:/dev_ws/install/interbotix_xs_toolbox:/dev_ws/install/interbotix_xs_rviz:/dev_ws/install/interbotix_ros_xseries:/dev_ws/install/interbotix_xs_sdk:/dev_ws/install/interbotix_xs_ros_control:/dev_ws/install/interbotix_xs_msgs:/dev_ws/install/interbotix_xs_driver:/dev_ws/install/interbotix_tf_tools:/dev_ws/install/interbotix_common_toolbox:/dev_ws/install/interbotix_common_sim:/dev_ws/install/dynamixel_workbench_toolbox:/dev_ws/install/interbotix_xs_modules:/dev_ws/install/interbotix_common_modules:/opt/ros/galactic')]), 'shell': False}
[0.237564] (-) TimerEvent: {}
[0.338326] (-) TimerEvent: {}
[0.438985] (-) TimerEvent: {}
[0.501156] (basic) StdoutLine: {'line': b'-- Found ament_cmake: 1.1.6 (/opt/ros/galactic/share/ament_cmake/cmake)\n'}
[0.539162] (-) TimerEvent: {}
[0.551547] (basic) StdoutLine: {'line': b'-- Using PYTHON_EXECUTABLE: /usr/bin/python3\n'}
[0.639296] (-) TimerEvent: {}
[0.740018] (-) TimerEvent: {}
[0.749709] (basic) StdoutLine: {'line': b'-- Override CMake install command with custom implementation using symlinks instead of copying resources\n'}
[0.840286] (-) TimerEvent: {}
[0.885787] (basic) StdoutLine: {'line': b'-- Found ament_lint_auto: 0.10.7 (/opt/ros/galactic/share/ament_lint_auto/cmake)\n'}
[0.940313] (-) TimerEvent: {}
[1.041183] (-) TimerEvent: {}
[1.142313] (-) TimerEvent: {}
[1.242991] (-) TimerEvent: {}
[1.343820] (-) TimerEvent: {}
[1.444521] (-) TimerEvent: {}
[1.460193] (basic) StdoutLine: {'line': b"-- Added test 'copyright' to check source files copyright and LICENSE\n"}
[1.544797] (-) TimerEvent: {}
[1.645814] (-) TimerEvent: {}
[1.746532] (-) TimerEvent: {}
[1.847259] (-) TimerEvent: {}
[1.948124] (-) TimerEvent: {}
[2.048834] (-) TimerEvent: {}
[2.149924] (-) TimerEvent: {}
[2.250911] (-) TimerEvent: {}
[2.351778] (-) TimerEvent: {}
[2.452560] (-) TimerEvent: {}
[2.537858] (basic) StdoutLine: {'line': b"-- Added test 'flake8' to check Python code syntax and style conventions\n"}
[2.552676] (-) TimerEvent: {}
[2.653401] (-) TimerEvent: {}
[2.658905] (basic) StdoutLine: {'line': b"-- Added test 'lint_cmake' to check CMake code style\n"}
[2.710113] (basic) StdoutLine: {'line': b"-- Added test 'pep257' to check Python code against some of the style conventions in PEP 257\n"}
[2.753530] (-) TimerEvent: {}
[2.854387] (-) TimerEvent: {}
[2.955396] (-) TimerEvent: {}
[3.056149] (-) TimerEvent: {}
[3.157017] (-) TimerEvent: {}
[3.262110] (-) TimerEvent: {}
[3.276893] (basic) StdoutLine: {'line': b"-- Added test 'xmllint' to check XML markup files\n"}
[3.362246] (-) TimerEvent: {}
[3.434450] (basic) StdoutLine: {'line': b'-- Configuring done\n'}
[3.462343] (-) TimerEvent: {}
[3.563188] (-) TimerEvent: {}
[3.664385] (-) TimerEvent: {}
[3.765189] (-) TimerEvent: {}
[3.866066] (-) TimerEvent: {}
[3.922890] (basic) StdoutLine: {'line': b'-- Generating done\n'}
[3.966249] (-) TimerEvent: {}
[4.067139] (-) TimerEvent: {}
[4.168045] (-) TimerEvent: {}
[4.186748] (basic) StdoutLine: {'line': b'-- Build files have been written to: /home/ubuntu/Desktop/Works/ME326GroupProject/build/basic\n'}
[4.190590] (basic) CommandEnded: {'returncode': 0}
[4.215925] (basic) JobProgress: {'identifier': 'basic', 'progress': 'build'}
[4.216389] (basic) Command: {'cmd': ['/usr/bin/cmake', '--build', '/home/ubuntu/Desktop/Works/ME326GroupProject/build/basic', '--', '-j20', '-l20'], 'cwd': '/home/ubuntu/Desktop/Works/ME326GroupProject/build/basic', 'env': OrderedDict([('VNCDESKTOP', 'cbe4caa1ebe3:1 (ubuntu)'), ('QT_SCALE_FACTOR', '1'), ('USER', 'ubuntu'), ('SUPERVISOR_GROUP_NAME', 'vnc'), ('HOSTNAME', 'cbe4caa1ebe3'), ('GIT_ASKPASS', '/usr/share/codium/resources/app/extensions/git/dist/askpass.sh'), ('SHLVL', '2'), ('LD_LIBRARY_PATH', '/dev_ws/install/moveit_visual_tools/lib:/dev_ws/install/interbotix_xs_rviz/lib:/dev_ws/install/interbotix_xs_ros_control/lib:/dev_ws/install/interbotix_xs_msgs/lib:/dev_ws/install/interbotix_xs_driver/lib:/dev_ws/install/interbotix_tf_tools/lib:/dev_ws/install/dynamixel_workbench_toolbox/lib:/usr/lib/x86_64-linux-gnu/gazebo-11/plugins:/opt/ros/galactic/opt/yaml_cpp_vendor/lib:/opt/ros/galactic/opt/rviz_ogre_vendor/lib:/opt/ros/galactic/lib/x86_64-linux-gnu:/opt/ros/galactic/lib:/usr/share/gazebo/../../lib/x86_64-linux-gnu/gazebo-11/plugins:'), ('HOME', '/home/ubuntu'), ('CHROME_DESKTOP', 'codium.desktop'), ('OLDPWD', '/home/ubuntu/Desktop/Works/ME326GroupProject/src'), ('TERM_PROGRAM_VERSION', '1.96.2'), ('GIO_LAUNCHED_DESKTOP_FILE', '/home/ubuntu/Desktop/codium.desktop'), ('GAZEBO_MASTER_URI', 'http://localhost:11345'), ('ROS_PYTHON_VERSION', '3'), ('GTK_MODULES', 'appmenu-gtk-module'), ('VSCODE_GIT_ASKPASS_MAIN', '/usr/share/codium/resources/app/extensions/git/dist/askpass-main.js'), ('VSCODE_GIT_ASKPASS_NODE', '/usr/share/codium/codium'), ('LC_CTYPE', 'C.UTF-8'), ('DBUS_SESSION_BUS_ADDRESS', 'unix:abstract=/tmp/dbus-eFPEujWa32,guid=017905acd645cfe1bf92612367997802'), ('COLORTERM', 'truecolor'), ('GIO_LAUNCHED_DESKTOP_FILE_PID', '547'), ('UBUNTU_MENUPROXY', '1'), ('COLCON_PREFIX_PATH', '/home/ubuntu/Desktop/Works/ME326GroupProject/install:/dev_ws/install'), ('ROS_DISTRO', 'galactic'), ('QT_AUTO_SCREEN_SCALE_FACTOR', '0'), ('_', '/usr/bin/colcon'), ('ROS_VERSION', '2'), ('TERM', 'xterm-256color'), ('GTK_OVERLAY_SCROLLING', '0'), ('GAZEBO_MODEL_PATH', '/usr/share/gazebo/../../share/gazebo-11/models:'), ('ROS_LOCALHOST_ONLY', '0'), ('INSIDE_CAJA_PYTHON', ''), ('OGRE_RESOURCE_PATH', '/usr/lib/x86_64-linux-gnu/OGRE-1.9.0'), ('PATH', '/opt/ros/galactic/bin:/usr/local/sbin:/usr/local/bin:/usr/sbin:/usr/bin:/sbin:/bin:/snap/bin'), ('SESSION_MANAGER', 'local/cbe4caa1ebe3:@/tmp/.ICE-unix/89,unix/cbe4caa1ebe3:/tmp/.ICE-unix/89'), ('GDK_BACKEND', 'x11'), ('DISPLAY', ':1'), ('LANG', 'en_US.UTF-8'), ('XDG_CURRENT_DESKTOP', 'MATE'), ('INTERBOTIX_XSLOCOBOT_BASE_TYPE', 'create3'), ('VSCODE_GIT_IPC_HANDLE', '/tmp/vscode-git-4113206b09.sock'), ('INTERBOTIX_WS', '/home/ubuntu/dev_ws'), ('SUPERVISOR_ENABLED', '1'), ('TERM_PROGRAM', 'vscode'), ('AMENT_PREFIX_PATH', '/home/ubuntu/Desktop/Works/ME326GroupProject/install/basic:/dev_ws/install/moveit_visual_tools:/dev_ws/install/interbotix_xslocobot_moveit:/dev_ws/install/interbotix_xslocobot_ros_control:/dev_ws/install/interbotix_xslocobot_sim:/dev_ws/install/interbotix_xslocobot_nav:/dev_ws/install/interbotix_xslocobot_joy:/dev_ws/install/interbotix_xslocobot_control:/dev_ws/install/interbotix_xslocobot_descriptions:/dev_ws/install/interbotix_xs_toolbox:/dev_ws/install/interbotix_xs_rviz:/dev_ws/install/interbotix_ros_xseries:/dev_ws/install/interbotix_xs_sdk:/dev_ws/install/interbotix_xs_ros_control:/dev_ws/install/interbotix_xs_modules:/dev_ws/install/interbotix_xs_msgs:/dev_ws/install/interbotix_xs_driver:/dev_ws/install/interbotix_tf_tools:/dev_ws/install/interbotix_common_toolbox:/dev_ws/install/interbotix_common_sim:/dev_ws/install/interbotix_common_modules:/dev_ws/install/dynamixel_workbench_toolbox:/opt/ros/galactic'), ('ORIGINAL_XDG_CURRENT_DESKTOP', 'MATE'), ('NO_AT_BRIDGE', '1'), ('PASSWD', 'ubuntu'), ('SUPERVISOR_SERVER_URL', 'unix:///var/run/supervisor.sock'), ('GAZEBO_RESOURCE_PATH', '/usr/share/gazebo/../../share/gazebo-11:'), ('GAZEBO_MODEL_DATABASE_URI', 'http://models.gazebosim.org'), ('VSCODE_GIT_ASKPASS_EXTRA_ARGS', ''), ('SUPERVISOR_PROCESS_NAME', 'vnc'), ('PWD', '/home/ubuntu/Desktop/Works/ME326GroupProject/build/basic'), ('GAZEBO_PLUGIN_PATH', '/usr/share/gazebo/../../lib/x86_64-linux-gnu/gazebo-11/plugins:'), ('XDG_DATA_DIRS', '/usr/local/share:/usr/share:/var/lib/snapd/desktop'), ('PYTHONPATH', '/dev_ws/install/interbotix_xs_modules/lib/python3.8/site-packages:/dev_ws/install/interbotix_xs_msgs/lib/python3.8/site-packages:/dev_ws/install/interbotix_common_modules/lib/python3.8/site-packages:/opt/ros/galactic/lib/python3.8/site-packages'), ('MATE_DESKTOP_SESSION_ID', 'this-is-deprecated'), ('COLCON', '1'), ('CMAKE_PREFIX_PATH', '/home/ubuntu/Desktop/Works/ME326GroupProject/install/basic:/dev_ws/install/moveit_visual_tools:/dev_ws/install/interbotix_xslocobot_moveit:/dev_ws/install/interbotix_xslocobot_ros_control:/dev_ws/install/interbotix_xslocobot_sim:/dev_ws/install/interbotix_xslocobot_nav:/dev_ws/install/interbotix_xslocobot_joy:/dev_ws/install/interbotix_xslocobot_control:/dev_ws/install/interbotix_xslocobot_descriptions:/dev_ws/install/interbotix_xs_toolbox:/dev_ws/install/interbotix_xs_rviz:/dev_ws/install/interbotix_ros_xseries:/dev_ws/install/interbotix_xs_sdk:/dev_ws/install/interbotix_xs_ros_control:/dev_ws/install/interbotix_xs_msgs:/dev_ws/install/interbotix_xs_driver:/dev_ws/install/interbotix_tf_tools:/dev_ws/install/interbotix_common_toolbox:/dev_ws/install/interbotix_common_sim:/dev_ws/install/dynamixel_workbench_toolbox:/dev_ws/install/interbotix_xs_modules:/dev_ws/install/interbotix_common_modules:/opt/ros/galactic')]), 'shell': False}
[4.268185] (-) TimerEvent: {}
[4.369010] (-) TimerEvent: {}
[4.469549] (-) TimerEvent: {}
[4.570439] (-) TimerEvent: {}
[4.671189] (-) TimerEvent: {}
[4.772110] (-) TimerEvent: {}
[4.872681] (-) TimerEvent: {}
[4.934296] (basic) CommandEnded: {'returncode': 0}
[4.960278] (basic) JobProgress: {'identifier': 'basic', 'progress': 'install'}
[4.972902] (-) TimerEvent: {}
[5.073682] (-) TimerEvent: {}
[5.133581] (basic) Command: {'cmd': ['/usr/bin/cmake', '--install', '/home/ubuntu/Desktop/Works/ME326GroupProject/build/basic'], 'cwd': '/home/ubuntu/Desktop/Works/ME326GroupProject/build/basic', 'env': OrderedDict([('VNCDESKTOP', 'cbe4caa1ebe3:1 (ubuntu)'), ('QT_SCALE_FACTOR', '1'), ('USER', 'ubuntu'), ('SUPERVISOR_GROUP_NAME', 'vnc'), ('HOSTNAME', 'cbe4caa1ebe3'), ('GIT_ASKPASS', '/usr/share/codium/resources/app/extensions/git/dist/askpass.sh'), ('SHLVL', '2'), ('LD_LIBRARY_PATH', '/dev_ws/install/moveit_visual_tools/lib:/dev_ws/install/interbotix_xs_rviz/lib:/dev_ws/install/interbotix_xs_ros_control/lib:/dev_ws/install/interbotix_xs_msgs/lib:/dev_ws/install/interbotix_xs_driver/lib:/dev_ws/install/interbotix_tf_tools/lib:/dev_ws/install/dynamixel_workbench_toolbox/lib:/usr/lib/x86_64-linux-gnu/gazebo-11/plugins:/opt/ros/galactic/opt/yaml_cpp_vendor/lib:/opt/ros/galactic/opt/rviz_ogre_vendor/lib:/opt/ros/galactic/lib/x86_64-linux-gnu:/opt/ros/galactic/lib:/usr/share/gazebo/../../lib/x86_64-linux-gnu/gazebo-11/plugins:'), ('HOME', '/home/ubuntu'), ('CHROME_DESKTOP', 'codium.desktop'), ('OLDPWD', '/home/ubuntu/Desktop/Works/ME326GroupProject/src'), ('TERM_PROGRAM_VERSION', '1.96.2'), ('GIO_LAUNCHED_DESKTOP_FILE', '/home/ubuntu/Desktop/codium.desktop'), ('GAZEBO_MASTER_URI', 'http://localhost:11345'), ('ROS_PYTHON_VERSION', '3'), ('GTK_MODULES', 'appmenu-gtk-module'), ('VSCODE_GIT_ASKPASS_MAIN', '/usr/share/codium/resources/app/extensions/git/dist/askpass-main.js'), ('VSCODE_GIT_ASKPASS_NODE', '/usr/share/codium/codium'), ('LC_CTYPE', 'C.UTF-8'), ('DBUS_SESSION_BUS_ADDRESS', 'unix:abstract=/tmp/dbus-eFPEujWa32,guid=017905acd645cfe1bf92612367997802'), ('COLORTERM', 'truecolor'), ('GIO_LAUNCHED_DESKTOP_FILE_PID', '547'), ('UBUNTU_MENUPROXY', '1'), ('COLCON_PREFIX_PATH', '/home/ubuntu/Desktop/Works/ME326GroupProject/install:/dev_ws/install'), ('ROS_DISTRO', 'galactic'), ('QT_AUTO_SCREEN_SCALE_FACTOR', '0'), ('_', '/usr/bin/colcon'), ('ROS_VERSION', '2'), ('TERM', 'xterm-256color'), ('GTK_OVERLAY_SCROLLING', '0'), ('GAZEBO_MODEL_PATH', '/usr/share/gazebo/../../share/gazebo-11/models:'), ('ROS_LOCALHOST_ONLY', '0'), ('INSIDE_CAJA_PYTHON', ''), ('OGRE_RESOURCE_PATH', '/usr/lib/x86_64-linux-gnu/OGRE-1.9.0'), ('PATH', '/opt/ros/galactic/bin:/usr/local/sbin:/usr/local/bin:/usr/sbin:/usr/bin:/sbin:/bin:/snap/bin'), ('SESSION_MANAGER', 'local/cbe4caa1ebe3:@/tmp/.ICE-unix/89,unix/cbe4caa1ebe3:/tmp/.ICE-unix/89'), ('GDK_BACKEND', 'x11'), ('DISPLAY', ':1'), ('LANG', 'en_US.UTF-8'), ('XDG_CURRENT_DESKTOP', 'MATE'), ('INTERBOTIX_XSLOCOBOT_BASE_TYPE', 'create3'), ('VSCODE_GIT_IPC_HANDLE', '/tmp/vscode-git-4113206b09.sock'), ('INTERBOTIX_WS', '/home/ubuntu/dev_ws'), ('SUPERVISOR_ENABLED', '1'), ('TERM_PROGRAM', 'vscode'), ('AMENT_PREFIX_PATH', '/home/ubuntu/Desktop/Works/ME326GroupProject/install/basic:/dev_ws/install/moveit_visual_tools:/dev_ws/install/interbotix_xslocobot_moveit:/dev_ws/install/interbotix_xslocobot_ros_control:/dev_ws/install/interbotix_xslocobot_sim:/dev_ws/install/interbotix_xslocobot_nav:/dev_ws/install/interbotix_xslocobot_joy:/dev_ws/install/interbotix_xslocobot_control:/dev_ws/install/interbotix_xslocobot_descriptions:/dev_ws/install/interbotix_xs_toolbox:/dev_ws/install/interbotix_xs_rviz:/dev_ws/install/interbotix_ros_xseries:/dev_ws/install/interbotix_xs_sdk:/dev_ws/install/interbotix_xs_ros_control:/dev_ws/install/interbotix_xs_modules:/dev_ws/install/interbotix_xs_msgs:/dev_ws/install/interbotix_xs_driver:/dev_ws/install/interbotix_tf_tools:/dev_ws/install/interbotix_common_toolbox:/dev_ws/install/interbotix_common_sim:/dev_ws/install/interbotix_common_modules:/dev_ws/install/dynamixel_workbench_toolbox:/opt/ros/galactic'), ('ORIGINAL_XDG_CURRENT_DESKTOP', 'MATE'), ('NO_AT_BRIDGE', '1'), ('PASSWD', 'ubuntu'), ('SUPERVISOR_SERVER_URL', 'unix:///var/run/supervisor.sock'), ('GAZEBO_RESOURCE_PATH', '/usr/share/gazebo/../../share/gazebo-11:'), ('GAZEBO_MODEL_DATABASE_URI', 'http://models.gazebosim.org'), ('VSCODE_GIT_ASKPASS_EXTRA_ARGS', ''), ('SUPERVISOR_PROCESS_NAME', 'vnc'), ('PWD', '/home/ubuntu/Desktop/Works/ME326GroupProject/build/basic'), ('GAZEBO_PLUGIN_PATH', '/usr/share/gazebo/../../lib/x86_64-linux-gnu/gazebo-11/plugins:'), ('XDG_DATA_DIRS', '/usr/local/share:/usr/share:/var/lib/snapd/desktop'), ('PYTHONPATH', '/dev_ws/install/interbotix_xs_modules/lib/python3.8/site-packages:/dev_ws/install/interbotix_xs_msgs/lib/python3.8/site-packages:/dev_ws/install/interbotix_common_modules/lib/python3.8/site-packages:/opt/ros/galactic/lib/python3.8/site-packages'), ('MATE_DESKTOP_SESSION_ID', 'this-is-deprecated'), ('COLCON', '1'), ('CMAKE_PREFIX_PATH', '/home/ubuntu/Desktop/Works/ME326GroupProject/install/basic:/dev_ws/install/moveit_visual_tools:/dev_ws/install/interbotix_xslocobot_moveit:/dev_ws/install/interbotix_xslocobot_ros_control:/dev_ws/install/interbotix_xslocobot_sim:/dev_ws/install/interbotix_xslocobot_nav:/dev_ws/install/interbotix_xslocobot_joy:/dev_ws/install/interbotix_xslocobot_control:/dev_ws/install/interbotix_xslocobot_descriptions:/dev_ws/install/interbotix_xs_toolbox:/dev_ws/install/interbotix_xs_rviz:/dev_ws/install/interbotix_ros_xseries:/dev_ws/install/interbotix_xs_sdk:/dev_ws/install/interbotix_xs_ros_control:/dev_ws/install/interbotix_xs_msgs:/dev_ws/install/interbotix_xs_driver:/dev_ws/install/interbotix_tf_tools:/dev_ws/install/interbotix_common_toolbox:/dev_ws/install/interbotix_common_sim:/dev_ws/install/dynamixel_workbench_toolbox:/dev_ws/install/interbotix_xs_modules:/dev_ws/install/interbotix_common_modules:/opt/ros/galactic')]), 'shell': False}
[5.173898] (-) TimerEvent: {}
[5.275500] (-) TimerEvent: {}
[5.286056] (basic) StdoutLine: {'line': b'-- Install configuration: ""\n'}
[5.298519] (basic) StdoutLine: {'line': b'-- Execute custom install script\n'}
[5.356034] (basic) StdoutLine: {'line': b'-- Up-to-date symlink: /home/ubuntu/Desktop/Works/ME326GroupProject/install/basic/lib/basic/input_node.py\n'}
[5.375618] (-) TimerEvent: {}
[5.459088] (basic) StdoutLine: {'line': b'-- Up-to-date symlink: /home/ubuntu/Desktop/Works/ME326GroupProject/install/basic/share/ament_index/resource_index/package_run_dependencies/basic\n'}
[5.475754] (-) TimerEvent: {}
[5.556545] (basic) StdoutLine: {'line': b'-- Up-to-date symlink: /home/ubuntu/Desktop/Works/ME326GroupProject/install/basic/share/ament_index/resource_index/parent_prefix_path/basic\n'}
[5.575949] (-) TimerEvent: {}
[5.603461] (basic) StdoutLine: {'line': b'-- Up-to-date symlink: /home/ubuntu/Desktop/Works/ME326GroupProject/install/basic/share/basic/environment/ament_prefix_path.sh\n'}
[5.645306] (basic) StdoutLine: {'line': b'-- Up-to-date symlink: /home/ubuntu/Desktop/Works/ME326GroupProject/install/basic/share/basic/environment/ament_prefix_path.dsv\n'}
[5.676049] (-) TimerEvent: {}
[5.685151] (basic) StdoutLine: {'line': b'-- Up-to-date symlink: /home/ubuntu/Desktop/Works/ME326GroupProject/install/basic/share/basic/environment/path.sh\n'}
[5.747123] (basic) StdoutLine: {'line': b'-- Up-to-date symlink: /home/ubuntu/Desktop/Works/ME326GroupProject/install/basic/share/basic/environment/path.dsv\n'}
[5.776230] (-) TimerEvent: {}
[5.791283] (basic) StdoutLine: {'line': b'-- Up-to-date symlink: /home/ubuntu/Desktop/Works/ME326GroupProject/install/basic/share/basic/local_setup.bash\n'}
[5.832089] (basic) StdoutLine: {'line': b'-- Up-to-date symlink: /home/ubuntu/Desktop/Works/ME326GroupProject/install/basic/share/basic/local_setup.sh\n'}
[5.874677] (basic) StdoutLine: {'line': b'-- Up-to-date symlink: /home/ubuntu/Desktop/Works/ME326GroupProject/install/basic/share/basic/local_setup.zsh\n'}
[5.876503] (-) TimerEvent: {}
[5.927841] (basic) StdoutLine: {'line': b'-- Up-to-date symlink: /home/ubuntu/Desktop/Works/ME326GroupProject/install/basic/share/basic/local_setup.dsv\n'}
[5.941842] (basic) StdoutLine: {'line': b'-- Symlinking: /home/ubuntu/Desktop/Works/ME326GroupProject/install/basic/share/basic/package.dsv\n'}
[5.976755] (-) TimerEvent: {}
[6.077756] (-) TimerEvent: {}
[6.205216] (-) TimerEvent: {}
[6.236033] (basic) StdoutLine: {'line': b'-- Up-to-date symlink: /home/ubuntu/Desktop/Works/ME326GroupProject/install/basic/share/ament_index/resource_index/packages/basic\n'}
[6.297589] (basic) StdoutLine: {'line': b'-- Up-to-date symlink: /home/ubuntu/Desktop/Works/ME326GroupProject/install/basic/share/basic/cmake/basicConfig.cmake\n'}
[6.305344] (-) TimerEvent: {}
[6.350336] (basic) StdoutLine: {'line': b'-- Up-to-date symlink: /home/ubuntu/Desktop/Works/ME326GroupProject/install/basic/share/basic/cmake/basicConfig-version.cmake\n'}
[6.401237] (basic) StdoutLine: {'line': b'-- Up-to-date symlink: /home/ubuntu/Desktop/Works/ME326GroupProject/install/basic/share/basic/package.xml\n'}
[6.405481] (-) TimerEvent: {}
[6.408035] (basic) CommandEnded: {'returncode': 0}
[6.505725] (-) TimerEvent: {}
[6.606439] (-) TimerEvent: {}
[6.706967] (-) TimerEvent: {}
[6.807846] (-) TimerEvent: {}
[6.908700] (-) TimerEvent: {}
[7.009911] (-) TimerEvent: {}
[7.110754] (-) TimerEvent: {}
[7.211764] (-) TimerEvent: {}
[7.312355] (-) TimerEvent: {}
[7.413263] (-) TimerEvent: {}
[7.514088] (-) TimerEvent: {}
[7.615129] (-) TimerEvent: {}
[7.669874] (basic) JobEnded: {'identifier': 'basic', 'rc': 0}
[7.689801] (-) EventReactorShutdown: {}
