[0.184s] DEBUG:colcon:Command line arguments: ['/usr/bin/colcon', 'build', '--symlink-install']
[0.185s] DEBUG:colcon:Parsed command line arguments: Namespace(allow_overriding=[], ament_cmake_args=None, base_paths=['.'], build_base='build', catkin_cmake_args=None, catkin_skip_building_tests=False, cmake_args=None, cmake_clean_cache=False, cmake_clean_first=False, cmake_force_configure=False, cmake_target=None, cmake_target_skip_unavailable=False, continue_on_error=False, event_handlers=None, executor='parallel', ignore_user_meta=False, install_base='install', log_base=None, log_level=None, main=<bound method BuildVerb.main of <colcon_core.verb.build.BuildVerb object at 0x7f7beac94bb0>>, merge_install=False, metas=['./colcon.meta'], packages_above=None, packages_above_and_dependencies=None, packages_above_depth=None, packages_end=None, packages_ignore=None, packages_ignore_regex=None, packages_select=None, packages_select_build_failed=False, packages_select_by_dep=None, packages_select_regex=None, packages_select_test_failures=False, packages_skip=None, packages_skip_build_finished=False, packages_skip_by_dep=None, packages_skip_regex=None, packages_skip_test_passed=False, packages_skip_up_to=None, packages_start=None, packages_up_to=None, packages_up_to_regex=None, parallel_workers=20, paths=None, symlink_install=True, test_result_base=None, verb_extension=<colcon_core.verb.build.BuildVerb object at 0x7f7beac94bb0>, verb_name='build', verb_parser=<colcon_defaults.argument_parser.defaults.DefaultArgumentsDecorator object at 0x7f7beabb7d00>)
[0.324s] Level 1:colcon.colcon_core.package_discovery:discover_packages(colcon_meta) check parameters
[0.325s] Level 1:colcon.colcon_core.package_discovery:discover_packages(recursive) check parameters
[0.325s] Level 1:colcon.colcon_core.package_discovery:discover_packages(ignore) check parameters
[0.325s] Level 1:colcon.colcon_core.package_discovery:discover_packages(path) check parameters
[0.325s] Level 1:colcon.colcon_core.package_discovery:discover_packages(colcon_meta) discover
[0.325s] Level 1:colcon.colcon_core.package_discovery:discover_packages(recursive) discover
[0.326s] INFO:colcon.colcon_core.package_discovery:Crawling recursively for packages in '/home/ubuntu/Desktop/Works/ME326GroupProject'
[0.327s] Level 1:colcon.colcon_core.package_identification:_identify(.) by extensions ['ignore', 'ignore_ament_install']
[0.327s] Level 1:colcon.colcon_core.package_identification:_identify(.) by extension 'ignore'
[0.327s] Level 1:colcon.colcon_core.package_identification:_identify(.) by extension 'ignore_ament_install'
[0.328s] Level 1:colcon.colcon_core.package_identification:_identify(.) by extensions ['colcon_pkg']
[0.328s] Level 1:colcon.colcon_core.package_identification:_identify(.) by extension 'colcon_pkg'
[0.328s] Level 1:colcon.colcon_core.package_identification:_identify(.) by extensions ['colcon_meta']
[0.329s] Level 1:colcon.colcon_core.package_identification:_identify(.) by extension 'colcon_meta'
[0.329s] Level 1:colcon.colcon_core.package_identification:_identify(.) by extensions ['ros']
[0.329s] Level 1:colcon.colcon_core.package_identification:_identify(.) by extension 'ros'
[0.337s] Level 1:colcon.colcon_core.package_identification:_identify(.) by extensions ['cmake', 'python']
[0.337s] Level 1:colcon.colcon_core.package_identification:_identify(.) by extension 'cmake'
[0.338s] Level 1:colcon.colcon_core.package_identification:_identify(.) by extension 'python'
[0.338s] Level 1:colcon.colcon_core.package_identification:_identify(.) by extensions ['python_setup_py']
[0.338s] Level 1:colcon.colcon_core.package_identification:_identify(.) by extension 'python_setup_py'
[0.340s] Level 1:colcon.colcon_core.package_identification:_identify(build) by extensions ['ignore', 'ignore_ament_install']
[0.340s] Level 1:colcon.colcon_core.package_identification:_identify(build) by extension 'ignore'
[0.341s] Level 1:colcon.colcon_core.package_identification:_identify(build) ignored
[0.342s] Level 1:colcon.colcon_core.package_identification:_identify(install) by extensions ['ignore', 'ignore_ament_install']
[0.343s] Level 1:colcon.colcon_core.package_identification:_identify(install) by extension 'ignore'
[0.343s] Level 1:colcon.colcon_core.package_identification:_identify(install) ignored
[0.346s] Level 1:colcon.colcon_core.package_identification:_identify(log) by extensions ['ignore', 'ignore_ament_install']
[0.346s] Level 1:colcon.colcon_core.package_identification:_identify(log) by extension 'ignore'
[0.347s] Level 1:colcon.colcon_core.package_identification:_identify(log) ignored
[0.349s] Level 1:colcon.colcon_core.package_identification:_identify(src) by extensions ['ignore', 'ignore_ament_install']
[0.349s] Level 1:colcon.colcon_core.package_identification:_identify(src) by extension 'ignore'
[0.350s] Level 1:colcon.colcon_core.package_identification:_identify(src) by extension 'ignore_ament_install'
[0.351s] Level 1:colcon.colcon_core.package_identification:_identify(src) by extensions ['colcon_pkg']
[0.351s] Level 1:colcon.colcon_core.package_identification:_identify(src) by extension 'colcon_pkg'
[0.352s] Level 1:colcon.colcon_core.package_identification:_identify(src) by extensions ['colcon_meta']
[0.352s] Level 1:colcon.colcon_core.package_identification:_identify(src) by extension 'colcon_meta'
[0.352s] Level 1:colcon.colcon_core.package_identification:_identify(src) by extensions ['ros']
[0.352s] Level 1:colcon.colcon_core.package_identification:_identify(src) by extension 'ros'
[0.355s] Level 1:colcon.colcon_core.package_identification:_identify(src) by extensions ['cmake', 'python']
[0.355s] Level 1:colcon.colcon_core.package_identification:_identify(src) by extension 'cmake'
[0.356s] Level 1:colcon.colcon_core.package_identification:_identify(src) by extension 'python'
[0.356s] Level 1:colcon.colcon_core.package_identification:_identify(src) by extensions ['python_setup_py']
[0.356s] Level 1:colcon.colcon_core.package_identification:_identify(src) by extension 'python_setup_py'
[0.360s] Level 1:colcon.colcon_core.package_identification:_identify(src/basic) by extensions ['ignore', 'ignore_ament_install']
[0.360s] Level 1:colcon.colcon_core.package_identification:_identify(src/basic) by extension 'ignore'
[0.361s] Level 1:colcon.colcon_core.package_identification:_identify(src/basic) by extension 'ignore_ament_install'
[0.363s] Level 1:colcon.colcon_core.package_identification:_identify(src/basic) by extensions ['colcon_pkg']
[0.363s] Level 1:colcon.colcon_core.package_identification:_identify(src/basic) by extension 'colcon_pkg'
[0.364s] Level 1:colcon.colcon_core.package_identification:_identify(src/basic) by extensions ['colcon_meta']
[0.364s] Level 1:colcon.colcon_core.package_identification:_identify(src/basic) by extension 'colcon_meta'
[0.366s] Level 1:colcon.colcon_core.package_identification:_identify(src/basic) by extensions ['ros']
[0.366s] Level 1:colcon.colcon_core.package_identification:_identify(src/basic) by extension 'ros'
[0.380s] DEBUG:colcon.colcon_core.package_identification:Package 'src/basic' with type 'ros.ament_cmake' and name 'basic'
[0.381s] Level 1:colcon.colcon_core.package_discovery:discover_packages(recursive) using defaults
[0.381s] Level 1:colcon.colcon_core.package_discovery:discover_packages(ignore) discover
[0.381s] Level 1:colcon.colcon_core.package_discovery:discover_packages(ignore) using defaults
[0.381s] Level 1:colcon.colcon_core.package_discovery:discover_packages(path) discover
[0.381s] Level 1:colcon.colcon_core.package_discovery:discover_packages(path) using defaults
[0.395s] Level 1:colcon.colcon_core.package_discovery:discover_packages(prefix_path) check parameters
[0.395s] Level 1:colcon.colcon_core.package_discovery:discover_packages(prefix_path) discover
[0.397s] DEBUG:colcon.colcon_installed_package_information.package_discovery:Found 21 installed packages in /dev_ws/install
[0.399s] DEBUG:colcon.colcon_installed_package_information.package_discovery:Found 383 installed packages in /opt/ros/galactic
[0.406s] Level 1:colcon.colcon_core.package_discovery:discover_packages(prefix_path) using defaults
[0.464s] Level 5:colcon.colcon_core.verb:set package 'basic' build argument 'cmake_args' from command line to 'None'
[0.465s] Level 5:colcon.colcon_core.verb:set package 'basic' build argument 'cmake_target' from command line to 'None'
[0.465s] Level 5:colcon.colcon_core.verb:set package 'basic' build argument 'cmake_target_skip_unavailable' from command line to 'False'
[0.465s] Level 5:colcon.colcon_core.verb:set package 'basic' build argument 'cmake_clean_cache' from command line to 'False'
[0.465s] Level 5:colcon.colcon_core.verb:set package 'basic' build argument 'cmake_clean_first' from command line to 'False'
[0.465s] Level 5:colcon.colcon_core.verb:set package 'basic' build argument 'cmake_force_configure' from command line to 'False'
[0.465s] Level 5:colcon.colcon_core.verb:set package 'basic' build argument 'ament_cmake_args' from command line to 'None'
[0.465s] Level 5:colcon.colcon_core.verb:set package 'basic' build argument 'catkin_cmake_args' from command line to 'None'
[0.465s] Level 5:colcon.colcon_core.verb:set package 'basic' build argument 'catkin_skip_building_tests' from command line to 'False'
[0.466s] DEBUG:colcon.colcon_core.verb:Building package 'basic' with the following arguments: {'ament_cmake_args': None, 'build_base': '/home/ubuntu/Desktop/Works/ME326GroupProject/build/basic', 'catkin_cmake_args': None, 'catkin_skip_building_tests': False, 'cmake_args': None, 'cmake_clean_cache': False, 'cmake_clean_first': False, 'cmake_force_configure': False, 'cmake_target': None, 'cmake_target_skip_unavailable': False, 'install_base': '/home/ubuntu/Desktop/Works/ME326GroupProject/install/basic', 'merge_install': False, 'path': '/home/ubuntu/Desktop/Works/ME326GroupProject/src/basic', 'symlink_install': True, 'test_result_base': None}
[0.466s] INFO:colcon.colcon_core.executor:Executing jobs using 'parallel' executor
[0.467s] DEBUG:colcon.colcon_parallel_executor.executor.parallel:run_until_complete
[0.467s] INFO:colcon.colcon_ros.task.ament_cmake.build:Building ROS package in '/home/ubuntu/Desktop/Works/ME326GroupProject/src/basic' with build type 'ament_cmake'
[0.467s] INFO:colcon.colcon_cmake.task.cmake.build:Building CMake package in '/home/ubuntu/Desktop/Works/ME326GroupProject/src/basic'
[0.469s] INFO:colcon.colcon_core.plugin_system:Skipping extension 'colcon_core.shell.bat': Not used on non-Windows systems
[0.469s] INFO:colcon.colcon_core.shell:Skip shell extension 'powershell' for command environment: Not usable outside of PowerShell
[0.470s] DEBUG:colcon.colcon_core.shell:Skip shell extension 'dsv' for command environment
[0.509s] DEBUG:colcon.colcon_core.event_handler.log_command:Invoking command in '/home/ubuntu/Desktop/Works/ME326GroupProject/build/basic': CMAKE_PREFIX_PATH=${CMAKE_PREFIX_PATH}:/dev_ws/install/interbotix_xs_modules:/dev_ws/install/interbotix_common_modules:/opt/ros/galactic /usr/bin/cmake --build /home/ubuntu/Desktop/Works/ME326GroupProject/build/basic -- -j20 -l20
[2.916s] DEBUG:colcon.colcon_core.event_handler.log_command:Invoked command in '/home/ubuntu/Desktop/Works/ME326GroupProject/build/basic' returned '0': CMAKE_PREFIX_PATH=${CMAKE_PREFIX_PATH}:/dev_ws/install/interbotix_xs_modules:/dev_ws/install/interbotix_common_modules:/opt/ros/galactic /usr/bin/cmake --build /home/ubuntu/Desktop/Works/ME326GroupProject/build/basic -- -j20 -l20
[3.020s] DEBUG:colcon.colcon_core.event_handler.log_command:Invoking command in '/home/ubuntu/Desktop/Works/ME326GroupProject/build/basic': CMAKE_PREFIX_PATH=${CMAKE_PREFIX_PATH}:/dev_ws/install/interbotix_xs_modules:/dev_ws/install/interbotix_common_modules:/opt/ros/galactic /usr/bin/cmake --install /home/ubuntu/Desktop/Works/ME326GroupProject/build/basic
[5.180s] Level 1:colcon.colcon_core.environment:create_environment_scripts_only(basic)
[5.183s] DEBUG:colcon.colcon_core.event_handler.log_command:Invoked command in '/home/ubuntu/Desktop/Works/ME326GroupProject/build/basic' returned '0': CMAKE_PREFIX_PATH=${CMAKE_PREFIX_PATH}:/dev_ws/install/interbotix_xs_modules:/dev_ws/install/interbotix_common_modules:/opt/ros/galactic /usr/bin/cmake --install /home/ubuntu/Desktop/Works/ME326GroupProject/build/basic
[5.187s] Level 1:colcon.colcon_core.environment:checking '/home/ubuntu/Desktop/Works/ME326GroupProject/install/basic' for CMake module files
[5.285s] Level 1:colcon.colcon_core.environment:checking '/home/ubuntu/Desktop/Works/ME326GroupProject/install/basic' for CMake config files
[5.353s] Level 1:colcon.colcon_core.shell:create_environment_hook('basic', 'cmake_prefix_path')
[5.353s] INFO:colcon.colcon_core.shell:Creating environment hook '/home/ubuntu/Desktop/Works/ME326GroupProject/install/basic/share/basic/hook/cmake_prefix_path.ps1'
[5.362s] INFO:colcon.colcon_core.shell:Creating environment descriptor '/home/ubuntu/Desktop/Works/ME326GroupProject/install/basic/share/basic/hook/cmake_prefix_path.dsv'
[5.374s] INFO:colcon.colcon_core.shell:Creating environment hook '/home/ubuntu/Desktop/Works/ME326GroupProject/install/basic/share/basic/hook/cmake_prefix_path.sh'
[5.385s] Level 1:colcon.colcon_core.environment:checking '/home/ubuntu/Desktop/Works/ME326GroupProject/install/basic/lib'
[5.388s] Level 1:colcon.colcon_core.environment:checking '/home/ubuntu/Desktop/Works/ME326GroupProject/install/basic/bin'
[5.389s] Level 1:colcon.colcon_core.environment:checking '/home/ubuntu/Desktop/Works/ME326GroupProject/install/basic/lib/pkgconfig/basic.pc'
[5.391s] Level 1:colcon.colcon_core.environment:checking '/home/ubuntu/Desktop/Works/ME326GroupProject/install/basic/lib/python3.8/site-packages'
[5.392s] Level 1:colcon.colcon_core.environment:checking '/home/ubuntu/Desktop/Works/ME326GroupProject/install/basic/bin'
[5.393s] INFO:colcon.colcon_core.shell:Creating package script '/home/ubuntu/Desktop/Works/ME326GroupProject/install/basic/share/basic/package.ps1'
[5.402s] INFO:colcon.colcon_core.shell:Creating package descriptor '/home/ubuntu/Desktop/Works/ME326GroupProject/install/basic/share/basic/package.dsv'
[5.421s] INFO:colcon.colcon_core.shell:Creating package script '/home/ubuntu/Desktop/Works/ME326GroupProject/install/basic/share/basic/package.sh'
[5.433s] INFO:colcon.colcon_core.shell:Creating package script '/home/ubuntu/Desktop/Works/ME326GroupProject/install/basic/share/basic/package.bash'
[5.445s] INFO:colcon.colcon_core.shell:Creating package script '/home/ubuntu/Desktop/Works/ME326GroupProject/install/basic/share/basic/package.zsh'
[5.456s] Level 1:colcon.colcon_core.environment:create_file_with_runtime_dependencies(/home/ubuntu/Desktop/Works/ME326GroupProject/install/basic/share/colcon-core/packages/basic)
[5.481s] Level 1:colcon.colcon_core.environment:create_environment_scripts_only(basic)
[5.482s] Level 1:colcon.colcon_core.environment:checking '/home/ubuntu/Desktop/Works/ME326GroupProject/install/basic' for CMake module files
[5.581s] Level 1:colcon.colcon_core.environment:checking '/home/ubuntu/Desktop/Works/ME326GroupProject/install/basic' for CMake config files
[5.658s] Level 1:colcon.colcon_core.shell:create_environment_hook('basic', 'cmake_prefix_path')
[5.659s] INFO:colcon.colcon_core.shell:Creating environment hook '/home/ubuntu/Desktop/Works/ME326GroupProject/install/basic/share/basic/hook/cmake_prefix_path.ps1'
[5.673s] INFO:colcon.colcon_core.shell:Creating environment descriptor '/home/ubuntu/Desktop/Works/ME326GroupProject/install/basic/share/basic/hook/cmake_prefix_path.dsv'
[5.687s] INFO:colcon.colcon_core.shell:Creating environment hook '/home/ubuntu/Desktop/Works/ME326GroupProject/install/basic/share/basic/hook/cmake_prefix_path.sh'
[5.703s] Level 1:colcon.colcon_core.environment:checking '/home/ubuntu/Desktop/Works/ME326GroupProject/install/basic/lib'
[5.706s] Level 1:colcon.colcon_core.environment:checking '/home/ubuntu/Desktop/Works/ME326GroupProject/install/basic/bin'
[5.707s] Level 1:colcon.colcon_core.environment:checking '/home/ubuntu/Desktop/Works/ME326GroupProject/install/basic/lib/pkgconfig/basic.pc'
[5.709s] Level 1:colcon.colcon_core.environment:checking '/home/ubuntu/Desktop/Works/ME326GroupProject/install/basic/lib/python3.8/site-packages'
[5.711s] Level 1:colcon.colcon_core.environment:checking '/home/ubuntu/Desktop/Works/ME326GroupProject/install/basic/bin'
[5.712s] INFO:colcon.colcon_core.shell:Creating package script '/home/ubuntu/Desktop/Works/ME326GroupProject/install/basic/share/basic/package.ps1'
[5.724s] INFO:colcon.colcon_core.shell:Creating package descriptor '/home/ubuntu/Desktop/Works/ME326GroupProject/install/basic/share/basic/package.dsv'
[5.733s] INFO:colcon.colcon_core.shell:Creating package script '/home/ubuntu/Desktop/Works/ME326GroupProject/install/basic/share/basic/package.sh'
[5.740s] INFO:colcon.colcon_core.shell:Creating package script '/home/ubuntu/Desktop/Works/ME326GroupProject/install/basic/share/basic/package.bash'
[5.749s] INFO:colcon.colcon_core.shell:Creating package script '/home/ubuntu/Desktop/Works/ME326GroupProject/install/basic/share/basic/package.zsh'
[5.757s] Level 1:colcon.colcon_core.environment:create_file_with_runtime_dependencies(/home/ubuntu/Desktop/Works/ME326GroupProject/install/basic/share/colcon-core/packages/basic)
[5.762s] DEBUG:colcon.colcon_parallel_executor.executor.parallel:closing loop
[5.763s] DEBUG:colcon.colcon_parallel_executor.executor.parallel:loop closed
[5.763s] DEBUG:colcon.colcon_parallel_executor.executor.parallel:run_until_complete finished with '0'
[5.763s] DEBUG:colcon.colcon_core.event_reactor:joining thread
[5.815s] INFO:colcon.colcon_core.plugin_system:Skipping extension 'colcon_notification.desktop_notification.terminal_notifier': Not used on non-Darwin systems
[5.815s] INFO:colcon.colcon_core.plugin_system:Skipping extension 'colcon_notification.desktop_notification.win32': Not used on non-Windows systems
[5.816s] INFO:colcon.colcon_notification.desktop_notification:Sending desktop notification using 'notify2'
[5.827s] DEBUG:colcon.colcon_core.event_reactor:joined thread
[5.828s] INFO:colcon.colcon_core.shell:Creating prefix script '/home/ubuntu/Desktop/Works/ME326GroupProject/install/local_setup.ps1'
[5.833s] INFO:colcon.colcon_core.shell:Creating prefix util module '/home/ubuntu/Desktop/Works/ME326GroupProject/install/_local_setup_util_ps1.py'
[5.840s] INFO:colcon.colcon_core.shell:Creating prefix chain script '/home/ubuntu/Desktop/Works/ME326GroupProject/install/setup.ps1'
[5.846s] INFO:colcon.colcon_core.shell:Creating prefix script '/home/ubuntu/Desktop/Works/ME326GroupProject/install/local_setup.sh'
[5.851s] INFO:colcon.colcon_core.shell:Creating prefix util module '/home/ubuntu/Desktop/Works/ME326GroupProject/install/_local_setup_util_sh.py'
[5.857s] INFO:colcon.colcon_core.shell:Creating prefix chain script '/home/ubuntu/Desktop/Works/ME326GroupProject/install/setup.sh'
[5.864s] INFO:colcon.colcon_core.shell:Creating prefix script '/home/ubuntu/Desktop/Works/ME326GroupProject/install/local_setup.bash'
[5.869s] INFO:colcon.colcon_core.shell:Creating prefix chain script '/home/ubuntu/Desktop/Works/ME326GroupProject/install/setup.bash'
[5.875s] INFO:colcon.colcon_core.shell:Creating prefix script '/home/ubuntu/Desktop/Works/ME326GroupProject/install/local_setup.zsh'
[5.880s] INFO:colcon.colcon_core.shell:Creating prefix chain script '/home/ubuntu/Desktop/Works/ME326GroupProject/install/setup.zsh'
