-- Found ament_cmake: 1.1.6 (/opt/ros/galactic/share/ament_cmake/cmake)
-- Using PYTHON_EXECUTABLE: /usr/bin/python3
-- Override CMake install command with custom implementation using symlinks instead of copying resources
-- Found ament_lint_auto: 0.10.7 (/opt/ros/galactic/share/ament_lint_auto/cmake)
-- Added test 'copyright' to check source files copyright and LICENSE
-- Added test 'flake8' to check Python code syntax and style conventions
-- Added test 'lint_cmake' to check CMake code style
-- Added test 'pep257' to check Python code against some of the style conventions in PEP 257
-- Added test 'xmllint' to check XML markup files
-- Configuring done
-- Generating done
-- Build files have been written to: /home/ubuntu/Desktop/Works/ME326GroupProject/build/basic
-- Install configuration: ""
-- Execute custom install script
-- Up-to-date symlink: /home/ubuntu/Desktop/Works/ME326GroupProject/install/basic/lib/basic/input_node.py
-- Up-to-date symlink: /home/ubuntu/Desktop/Works/ME326GroupProject/install/basic/share/ament_index/resource_index/package_run_dependencies/basic
-- Up-to-date symlink: /home/ubuntu/Desktop/Works/ME326GroupProject/install/basic/share/ament_index/resource_index/parent_prefix_path/basic
-- Up-to-date symlink: /home/ubuntu/Desktop/Works/ME326GroupProject/install/basic/share/basic/environment/ament_prefix_path.sh
-- Up-to-date symlink: /home/ubuntu/Desktop/Works/ME326GroupProject/install/basic/share/basic/environment/ament_prefix_path.dsv
-- Up-to-date symlink: /home/ubuntu/Desktop/Works/ME326GroupProject/install/basic/share/basic/environment/path.sh
-- Up-to-date symlink: /home/ubuntu/Desktop/Works/ME326GroupProject/install/basic/share/basic/environment/path.dsv
-- Up-to-date symlink: /home/ubuntu/Desktop/Works/ME326GroupProject/install/basic/share/basic/local_setup.bash
-- Up-to-date symlink: /home/ubuntu/Desktop/Works/ME326GroupProject/install/basic/share/basic/local_setup.sh
-- Up-to-date symlink: /home/ubuntu/Desktop/Works/ME326GroupProject/install/basic/share/basic/local_setup.zsh
-- Up-to-date symlink: /home/ubuntu/Desktop/Works/ME326GroupProject/install/basic/share/basic/local_setup.dsv
-- Symlinking: /home/ubuntu/Desktop/Works/ME326GroupProject/install/basic/share/basic/package.dsv
-- Up-to-date symlink: /home/ubuntu/Desktop/Works/ME326GroupProject/install/basic/share/ament_index/resource_index/packages/basic
-- Up-to-date symlink: /home/ubuntu/Desktop/Works/ME326GroupProject/install/basic/share/basic/cmake/basicConfig.cmake
-- Up-to-date symlink: /home/ubuntu/Desktop/Works/ME326GroupProject/install/basic/share/basic/cmake/basicConfig-version.cmake
-- Up-to-date symlink: /home/ubuntu/Desktop/Works/ME326GroupProject/install/basic/share/basic/package.xml
