[0.372s] DEBUG:colcon:Command line arguments: ['/usr/bin/colcon', 'build']
[0.372s] DEBUG:colcon:Parsed command line arguments: Namespace(allow_overriding=[], ament_cmake_args=None, base_paths=['.'], build_base='build', catkin_cmake_args=None, catkin_skip_building_tests=False, cmake_args=None, cmake_clean_cache=False, cmake_clean_first=False, cmake_force_configure=False, cmake_target=None, cmake_target_skip_unavailable=False, continue_on_error=False, event_handlers=None, executor='parallel', ignore_user_meta=False, install_base='install', log_base=None, log_level=None, main=<bound method BuildVerb.main of <colcon_core.verb.build.BuildVerb object at 0x7f2d8bf13b80>>, merge_install=False, metas=['./colcon.meta'], packages_above=None, packages_above_and_dependencies=None, packages_above_depth=None, packages_end=None, packages_ignore=None, packages_ignore_regex=None, packages_select=None, packages_select_build_failed=False, packages_select_by_dep=None, packages_select_regex=None, packages_select_test_failures=False, packages_skip=None, packages_skip_build_finished=False, packages_skip_by_dep=None, packages_skip_regex=None, packages_skip_test_passed=False, packages_skip_up_to=None, packages_start=None, packages_up_to=None, packages_up_to_regex=None, parallel_workers=20, paths=None, symlink_install=False, test_result_base=None, verb_extension=<colcon_core.verb.build.BuildVerb object at 0x7f2d8bf13b80>, verb_name='build', verb_parser=<colcon_defaults.argument_parser.defaults.DefaultArgumentsDecorator object at 0x7f2d8be36cd0>)
[0.648s] Level 1:colcon.colcon_core.package_discovery:discover_packages(colcon_meta) check parameters
[0.649s] Level 1:colcon.colcon_core.package_discovery:discover_packages(recursive) check parameters
[0.650s] Level 1:colcon.colcon_core.package_discovery:discover_packages(ignore) check parameters
[0.651s] Level 1:colcon.colcon_core.package_discovery:discover_packages(path) check parameters
[0.651s] Level 1:colcon.colcon_core.package_discovery:discover_packages(colcon_meta) discover
[0.652s] Level 1:colcon.colcon_core.package_discovery:discover_packages(recursive) discover
[0.652s] INFO:colcon.colcon_core.package_discovery:Crawling recursively for packages in '/home/ubuntu/Desktop/Works/ME326GroupProject'
[0.655s] Level 1:colcon.colcon_core.package_identification:_identify(.) by extensions ['ignore', 'ignore_ament_install']
[0.655s] Level 1:colcon.colcon_core.package_identification:_identify(.) by extension 'ignore'
[0.656s] Level 1:colcon.colcon_core.package_identification:_identify(.) by extension 'ignore_ament_install'
[0.659s] Level 1:colcon.colcon_core.package_identification:_identify(.) by extensions ['colcon_pkg']
[0.660s] Level 1:colcon.colcon_core.package_identification:_identify(.) by extension 'colcon_pkg'
[0.661s] Level 1:colcon.colcon_core.package_identification:_identify(.) by extensions ['colcon_meta']
[0.662s] Level 1:colcon.colcon_core.package_identification:_identify(.) by extension 'colcon_meta'
[0.662s] Level 1:colcon.colcon_core.package_identification:_identify(.) by extensions ['ros']
[0.663s] Level 1:colcon.colcon_core.package_identification:_identify(.) by extension 'ros'
[0.681s] Level 1:colcon.colcon_core.package_identification:_identify(.) by extensions ['cmake', 'python']
[0.682s] Level 1:colcon.colcon_core.package_identification:_identify(.) by extension 'cmake'
[0.683s] Level 1:colcon.colcon_core.package_identification:_identify(.) by extension 'python'
[0.684s] Level 1:colcon.colcon_core.package_identification:_identify(.) by extensions ['python_setup_py']
[0.684s] Level 1:colcon.colcon_core.package_identification:_identify(.) by extension 'python_setup_py'
[0.689s] Level 1:colcon.colcon_core.package_identification:_identify(build) by extensions ['ignore', 'ignore_ament_install']
[0.690s] Level 1:colcon.colcon_core.package_identification:_identify(build) by extension 'ignore'
[0.692s] Level 1:colcon.colcon_core.package_identification:_identify(build) ignored
[0.699s] Level 1:colcon.colcon_core.package_identification:_identify(install) by extensions ['ignore', 'ignore_ament_install']
[0.700s] Level 1:colcon.colcon_core.package_identification:_identify(install) by extension 'ignore'
[0.703s] Level 1:colcon.colcon_core.package_identification:_identify(install) ignored
[0.720s] Level 1:colcon.colcon_core.package_identification:_identify(log) by extensions ['ignore', 'ignore_ament_install']
[0.721s] Level 1:colcon.colcon_core.package_identification:_identify(log) by extension 'ignore'
[0.723s] Level 1:colcon.colcon_core.package_identification:_identify(log) ignored
[0.730s] Level 1:colcon.colcon_core.package_identification:_identify(src) by extensions ['ignore', 'ignore_ament_install']
[0.731s] Level 1:colcon.colcon_core.package_identification:_identify(src) by extension 'ignore'
[0.733s] Level 1:colcon.colcon_core.package_identification:_identify(src) by extension 'ignore_ament_install'
[0.736s] Level 1:colcon.colcon_core.package_identification:_identify(src) by extensions ['colcon_pkg']
[0.737s] Level 1:colcon.colcon_core.package_identification:_identify(src) by extension 'colcon_pkg'
[0.739s] Level 1:colcon.colcon_core.package_identification:_identify(src) by extensions ['colcon_meta']
[0.739s] Level 1:colcon.colcon_core.package_identification:_identify(src) by extension 'colcon_meta'
[0.741s] Level 1:colcon.colcon_core.package_identification:_identify(src) by extensions ['ros']
[0.743s] Level 1:colcon.colcon_core.package_identification:_identify(src) by extension 'ros'
[0.750s] Level 1:colcon.colcon_core.package_identification:_identify(src) by extensions ['cmake', 'python']
[0.751s] Level 1:colcon.colcon_core.package_identification:_identify(src) by extension 'cmake'
[0.754s] Level 1:colcon.colcon_core.package_identification:_identify(src) by extension 'python'
[0.755s] Level 1:colcon.colcon_core.package_identification:_identify(src) by extensions ['python_setup_py']
[0.756s] Level 1:colcon.colcon_core.package_identification:_identify(src) by extension 'python_setup_py'
[0.767s] Level 1:colcon.colcon_core.package_identification:_identify(src/basic) by extensions ['ignore', 'ignore_ament_install']
[0.768s] Level 1:colcon.colcon_core.package_identification:_identify(src/basic) by extension 'ignore'
[0.771s] Level 1:colcon.colcon_core.package_identification:_identify(src/basic) by extension 'ignore_ament_install'
[0.779s] Level 1:colcon.colcon_core.package_identification:_identify(src/basic) by extensions ['colcon_pkg']
[0.779s] Level 1:colcon.colcon_core.package_identification:_identify(src/basic) by extension 'colcon_pkg'
[0.782s] Level 1:colcon.colcon_core.package_identification:_identify(src/basic) by extensions ['colcon_meta']
[0.782s] Level 1:colcon.colcon_core.package_identification:_identify(src/basic) by extension 'colcon_meta'
[0.787s] Level 1:colcon.colcon_core.package_identification:_identify(src/basic) by extensions ['ros']
[0.787s] Level 1:colcon.colcon_core.package_identification:_identify(src/basic) by extension 'ros'
[0.821s] DEBUG:colcon.colcon_core.package_identification:Package 'src/basic' with type 'ros.ament_cmake' and name 'basic'
[0.822s] Level 1:colcon.colcon_core.package_discovery:discover_packages(recursive) using defaults
[0.822s] Level 1:colcon.colcon_core.package_discovery:discover_packages(ignore) discover
[0.823s] Level 1:colcon.colcon_core.package_discovery:discover_packages(ignore) using defaults
[0.823s] Level 1:colcon.colcon_core.package_discovery:discover_packages(path) discover
[0.823s] Level 1:colcon.colcon_core.package_discovery:discover_packages(path) using defaults
[0.859s] Level 1:colcon.colcon_core.package_discovery:discover_packages(prefix_path) check parameters
[0.859s] Level 1:colcon.colcon_core.package_discovery:discover_packages(prefix_path) discover
[0.942s] DEBUG:colcon.colcon_installed_package_information.package_discovery:Found 1 installed packages in /home/ubuntu/Desktop/Works/ME326GroupProject/install
[0.944s] DEBUG:colcon.colcon_installed_package_information.package_discovery:Found 21 installed packages in /dev_ws/install
[0.947s] DEBUG:colcon.colcon_installed_package_information.package_discovery:Found 383 installed packages in /opt/ros/galactic
[0.967s] Level 1:colcon.colcon_core.package_discovery:discover_packages(prefix_path) using defaults
[1.133s] Level 5:colcon.colcon_core.verb:set package 'basic' build argument 'cmake_args' from command line to 'None'
[1.133s] Level 5:colcon.colcon_core.verb:set package 'basic' build argument 'cmake_target' from command line to 'None'
[1.134s] Level 5:colcon.colcon_core.verb:set package 'basic' build argument 'cmake_target_skip_unavailable' from command line to 'False'
[1.134s] Level 5:colcon.colcon_core.verb:set package 'basic' build argument 'cmake_clean_cache' from command line to 'False'
[1.135s] Level 5:colcon.colcon_core.verb:set package 'basic' build argument 'cmake_clean_first' from command line to 'False'
[1.135s] Level 5:colcon.colcon_core.verb:set package 'basic' build argument 'cmake_force_configure' from command line to 'False'
[1.136s] Level 5:colcon.colcon_core.verb:set package 'basic' build argument 'ament_cmake_args' from command line to 'None'
[1.136s] Level 5:colcon.colcon_core.verb:set package 'basic' build argument 'catkin_cmake_args' from command line to 'None'
[1.137s] Level 5:colcon.colcon_core.verb:set package 'basic' build argument 'catkin_skip_building_tests' from command line to 'False'
[1.138s] DEBUG:colcon.colcon_core.verb:Building package 'basic' with the following arguments: {'ament_cmake_args': None, 'build_base': '/home/ubuntu/Desktop/Works/ME326GroupProject/build/basic', 'catkin_cmake_args': None, 'catkin_skip_building_tests': False, 'cmake_args': None, 'cmake_clean_cache': False, 'cmake_clean_first': False, 'cmake_force_configure': False, 'cmake_target': None, 'cmake_target_skip_unavailable': False, 'install_base': '/home/ubuntu/Desktop/Works/ME326GroupProject/install/basic', 'merge_install': False, 'path': '/home/ubuntu/Desktop/Works/ME326GroupProject/src/basic', 'symlink_install': False, 'test_result_base': None}
[1.139s] INFO:colcon.colcon_core.executor:Executing jobs using 'parallel' executor
[1.141s] DEBUG:colcon.colcon_parallel_executor.executor.parallel:run_until_complete
[1.142s] INFO:colcon.colcon_ros.task.ament_cmake.build:Building ROS package in '/home/ubuntu/Desktop/Works/ME326GroupProject/src/basic' with build type 'ament_cmake'
[1.143s] INFO:colcon.colcon_cmake.task.cmake.build:Building CMake package in '/home/ubuntu/Desktop/Works/ME326GroupProject/src/basic'
[1.147s] INFO:colcon.colcon_core.plugin_system:Skipping extension 'colcon_core.shell.bat': Not used on non-Windows systems
[1.148s] INFO:colcon.colcon_core.shell:Skip shell extension 'powershell' for command environment: Not usable outside of PowerShell
[1.149s] DEBUG:colcon.colcon_core.shell:Skip shell extension 'dsv' for command environment
[1.409s] DEBUG:colcon.colcon_core.event_handler.log_command:Invoking command in '/home/ubuntu/Desktop/Works/ME326GroupProject/build/basic': CMAKE_PREFIX_PATH=${CMAKE_PREFIX_PATH}:/dev_ws/install/interbotix_xs_modules:/dev_ws/install/interbotix_common_modules:/opt/ros/galactic /usr/bin/cmake --build /home/ubuntu/Desktop/Works/ME326GroupProject/build/basic -- -j20 -l20
[3.722s] DEBUG:colcon.colcon_core.event_handler.log_command:Invoked command in '/home/ubuntu/Desktop/Works/ME326GroupProject/build/basic' returned '0': CMAKE_PREFIX_PATH=${CMAKE_PREFIX_PATH}:/dev_ws/install/interbotix_xs_modules:/dev_ws/install/interbotix_common_modules:/opt/ros/galactic /usr/bin/cmake --build /home/ubuntu/Desktop/Works/ME326GroupProject/build/basic -- -j20 -l20
[3.961s] DEBUG:colcon.colcon_core.event_handler.log_command:Invoking command in '/home/ubuntu/Desktop/Works/ME326GroupProject/build/basic': CMAKE_PREFIX_PATH=${CMAKE_PREFIX_PATH}:/dev_ws/install/interbotix_xs_modules:/dev_ws/install/interbotix_common_modules:/opt/ros/galactic /usr/bin/cmake --install /home/ubuntu/Desktop/Works/ME326GroupProject/build/basic
[5.616s] Level 1:colcon.colcon_core.environment:create_environment_scripts_only(basic)
[5.620s] DEBUG:colcon.colcon_core.event_handler.log_command:Invoked command in '/home/ubuntu/Desktop/Works/ME326GroupProject/build/basic' returned '0': CMAKE_PREFIX_PATH=${CMAKE_PREFIX_PATH}:/dev_ws/install/interbotix_xs_modules:/dev_ws/install/interbotix_common_modules:/opt/ros/galactic /usr/bin/cmake --install /home/ubuntu/Desktop/Works/ME326GroupProject/build/basic
[5.622s] Level 1:colcon.colcon_core.environment:checking '/home/ubuntu/Desktop/Works/ME326GroupProject/install/basic' for CMake module files
[5.850s] Level 1:colcon.colcon_core.environment:checking '/home/ubuntu/Desktop/Works/ME326GroupProject/install/basic' for CMake config files
[6.068s] Level 1:colcon.colcon_core.shell:create_environment_hook('basic', 'cmake_prefix_path')
[6.069s] INFO:colcon.colcon_core.shell:Creating environment hook '/home/ubuntu/Desktop/Works/ME326GroupProject/install/basic/share/basic/hook/cmake_prefix_path.ps1'
[6.102s] INFO:colcon.colcon_core.shell:Creating environment descriptor '/home/ubuntu/Desktop/Works/ME326GroupProject/install/basic/share/basic/hook/cmake_prefix_path.dsv'
[6.139s] INFO:colcon.colcon_core.shell:Creating environment hook '/home/ubuntu/Desktop/Works/ME326GroupProject/install/basic/share/basic/hook/cmake_prefix_path.sh'
[6.183s] Level 1:colcon.colcon_core.environment:checking '/home/ubuntu/Desktop/Works/ME326GroupProject/install/basic/lib'
[6.194s] Level 1:colcon.colcon_core.environment:checking '/home/ubuntu/Desktop/Works/ME326GroupProject/install/basic/bin'
[6.197s] Level 1:colcon.colcon_core.environment:checking '/home/ubuntu/Desktop/Works/ME326GroupProject/install/basic/lib/pkgconfig/basic.pc'
[6.201s] Level 1:colcon.colcon_core.environment:checking '/home/ubuntu/Desktop/Works/ME326GroupProject/install/basic/lib/python3.8/site-packages'
[6.205s] Level 1:colcon.colcon_core.environment:checking '/home/ubuntu/Desktop/Works/ME326GroupProject/install/basic/bin'
[6.209s] INFO:colcon.colcon_core.shell:Creating package script '/home/ubuntu/Desktop/Works/ME326GroupProject/install/basic/share/basic/package.ps1'
[6.244s] INFO:colcon.colcon_core.shell:Creating package descriptor '/home/ubuntu/Desktop/Works/ME326GroupProject/install/basic/share/basic/package.dsv'
[6.278s] INFO:colcon.colcon_core.shell:Creating package script '/home/ubuntu/Desktop/Works/ME326GroupProject/install/basic/share/basic/package.sh'
[6.307s] INFO:colcon.colcon_core.shell:Creating package script '/home/ubuntu/Desktop/Works/ME326GroupProject/install/basic/share/basic/package.bash'
[6.333s] INFO:colcon.colcon_core.shell:Creating package script '/home/ubuntu/Desktop/Works/ME326GroupProject/install/basic/share/basic/package.zsh'
[6.359s] Level 1:colcon.colcon_core.environment:create_file_with_runtime_dependencies(/home/ubuntu/Desktop/Works/ME326GroupProject/install/basic/share/colcon-core/packages/basic)
[6.419s] Level 1:colcon.colcon_core.environment:create_environment_scripts_only(basic)
[6.420s] Level 1:colcon.colcon_core.environment:checking '/home/ubuntu/Desktop/Works/ME326GroupProject/install/basic' for CMake module files
[6.675s] Level 1:colcon.colcon_core.environment:checking '/home/ubuntu/Desktop/Works/ME326GroupProject/install/basic' for CMake config files
[6.886s] Level 1:colcon.colcon_core.shell:create_environment_hook('basic', 'cmake_prefix_path')
[6.887s] INFO:colcon.colcon_core.shell:Creating environment hook '/home/ubuntu/Desktop/Works/ME326GroupProject/install/basic/share/basic/hook/cmake_prefix_path.ps1'
[6.919s] INFO:colcon.colcon_core.shell:Creating environment descriptor '/home/ubuntu/Desktop/Works/ME326GroupProject/install/basic/share/basic/hook/cmake_prefix_path.dsv'
[6.961s] INFO:colcon.colcon_core.shell:Creating environment hook '/home/ubuntu/Desktop/Works/ME326GroupProject/install/basic/share/basic/hook/cmake_prefix_path.sh'
[7.009s] Level 1:colcon.colcon_core.environment:checking '/home/ubuntu/Desktop/Works/ME326GroupProject/install/basic/lib'
[7.020s] Level 1:colcon.colcon_core.environment:checking '/home/ubuntu/Desktop/Works/ME326GroupProject/install/basic/bin'
[7.024s] Level 1:colcon.colcon_core.environment:checking '/home/ubuntu/Desktop/Works/ME326GroupProject/install/basic/lib/pkgconfig/basic.pc'
[7.029s] Level 1:colcon.colcon_core.environment:checking '/home/ubuntu/Desktop/Works/ME326GroupProject/install/basic/lib/python3.8/site-packages'
[7.034s] Level 1:colcon.colcon_core.environment:checking '/home/ubuntu/Desktop/Works/ME326GroupProject/install/basic/bin'
[7.038s] INFO:colcon.colcon_core.shell:Creating package script '/home/ubuntu/Desktop/Works/ME326GroupProject/install/basic/share/basic/package.ps1'
[7.071s] INFO:colcon.colcon_core.shell:Creating package descriptor '/home/ubuntu/Desktop/Works/ME326GroupProject/install/basic/share/basic/package.dsv'
[7.097s] INFO:colcon.colcon_core.shell:Creating package script '/home/ubuntu/Desktop/Works/ME326GroupProject/install/basic/share/basic/package.sh'
[7.128s] INFO:colcon.colcon_core.shell:Creating package script '/home/ubuntu/Desktop/Works/ME326GroupProject/install/basic/share/basic/package.bash'
[7.156s] INFO:colcon.colcon_core.shell:Creating package script '/home/ubuntu/Desktop/Works/ME326GroupProject/install/basic/share/basic/package.zsh'
[7.195s] Level 1:colcon.colcon_core.environment:create_file_with_runtime_dependencies(/home/ubuntu/Desktop/Works/ME326GroupProject/install/basic/share/colcon-core/packages/basic)
[7.216s] DEBUG:colcon.colcon_parallel_executor.executor.parallel:closing loop
[7.217s] DEBUG:colcon.colcon_parallel_executor.executor.parallel:loop closed
[7.217s] DEBUG:colcon.colcon_parallel_executor.executor.parallel:run_until_complete finished with '0'
[7.218s] DEBUG:colcon.colcon_core.event_reactor:joining thread
[7.271s] INFO:colcon.colcon_core.plugin_system:Skipping extension 'colcon_notification.desktop_notification.terminal_notifier': Not used on non-Darwin systems
[7.272s] INFO:colcon.colcon_core.plugin_system:Skipping extension 'colcon_notification.desktop_notification.win32': Not used on non-Windows systems
[7.273s] INFO:colcon.colcon_notification.desktop_notification:Sending desktop notification using 'notify2'
[7.515s] DEBUG:colcon.colcon_core.event_reactor:joined thread
[7.516s] INFO:colcon.colcon_core.shell:Creating prefix script '/home/ubuntu/Desktop/Works/ME326GroupProject/install/local_setup.ps1'
[7.528s] INFO:colcon.colcon_core.shell:Creating prefix util module '/home/ubuntu/Desktop/Works/ME326GroupProject/install/_local_setup_util_ps1.py'
[7.547s] INFO:colcon.colcon_core.shell:Creating prefix chain script '/home/ubuntu/Desktop/Works/ME326GroupProject/install/setup.ps1'
[7.587s] INFO:colcon.colcon_core.shell:Creating prefix script '/home/ubuntu/Desktop/Works/ME326GroupProject/install/local_setup.sh'
[7.601s] INFO:colcon.colcon_core.shell:Creating prefix util module '/home/ubuntu/Desktop/Works/ME326GroupProject/install/_local_setup_util_sh.py'
[7.618s] INFO:colcon.colcon_core.shell:Creating prefix chain script '/home/ubuntu/Desktop/Works/ME326GroupProject/install/setup.sh'
[7.654s] INFO:colcon.colcon_core.shell:Creating prefix script '/home/ubuntu/Desktop/Works/ME326GroupProject/install/local_setup.bash'
[7.668s] INFO:colcon.colcon_core.shell:Creating prefix chain script '/home/ubuntu/Desktop/Works/ME326GroupProject/install/setup.bash'
[7.703s] INFO:colcon.colcon_core.shell:Creating prefix script '/home/ubuntu/Desktop/Works/ME326GroupProject/install/local_setup.zsh'
[7.718s] INFO:colcon.colcon_core.shell:Creating prefix chain script '/home/ubuntu/Desktop/Works/ME326GroupProject/install/setup.zsh'
