[0.262s] Invoking command in '/home/ubuntu/Desktop/Works/ME326GroupProject/build/basic': CMAKE_PREFIX_PATH=${CMAKE_PREFIX_PATH}:/dev_ws/install/interbotix_xs_modules:/dev_ws/install/interbotix_common_modules:/opt/ros/galactic /usr/bin/cmake --build /home/ubuntu/Desktop/Works/ME326GroupProject/build/basic -- -j20 -l20
[1.163s] Invoked command in '/home/ubuntu/Desktop/Works/ME326GroupProject/build/basic' returned '0': CMAKE_PREFIX_PATH=${CMAKE_PREFIX_PATH}:/dev_ws/install/interbotix_xs_modules:/dev_ws/install/interbotix_common_modules:/opt/ros/galactic /usr/bin/cmake --build /home/ubuntu/Desktop/Works/ME326GroupProject/build/basic -- -j20 -l20
[1.401s] Invoking command in '/home/ubuntu/Desktop/Works/ME326GroupProject/build/basic': CMAKE_PREFIX_PATH=${CMAKE_PREFIX_PATH}:/dev_ws/install/interbotix_xs_modules:/dev_ws/install/interbotix_common_modules:/opt/ros/galactic /usr/bin/cmake --install /home/ubuntu/Desktop/Works/ME326GroupProject/build/basic
[1.600s] -- Install configuration: ""
[1.614s] -- Execute custom install script
[1.687s] -- Up-to-date symlink: /home/ubuntu/Desktop/Works/ME326GroupProject/install/basic/lib/basic/input_node.py
[1.813s] -- Up-to-date symlink: /home/ubuntu/Desktop/Works/ME326GroupProject/install/basic/share/ament_index/resource_index/package_run_dependencies/basic
[1.937s] -- Up-to-date symlink: /home/ubuntu/Desktop/Works/ME326GroupProject/install/basic/share/ament_index/resource_index/parent_prefix_path/basic
[2.017s] -- Up-to-date symlink: /home/ubuntu/Desktop/Works/ME326GroupProject/install/basic/share/basic/environment/ament_prefix_path.sh
[2.061s] -- Up-to-date symlink: /home/ubuntu/Desktop/Works/ME326GroupProject/install/basic/share/basic/environment/ament_prefix_path.dsv
[2.116s] -- Up-to-date symlink: /home/ubuntu/Desktop/Works/ME326GroupProject/install/basic/share/basic/environment/path.sh
[2.196s] -- Up-to-date symlink: /home/ubuntu/Desktop/Works/ME326GroupProject/install/basic/share/basic/environment/path.dsv
[2.264s] -- Up-to-date symlink: /home/ubuntu/Desktop/Works/ME326GroupProject/install/basic/share/basic/local_setup.bash
[2.328s] -- Up-to-date symlink: /home/ubuntu/Desktop/Works/ME326GroupProject/install/basic/share/basic/local_setup.sh
[2.388s] -- Up-to-date symlink: /home/ubuntu/Desktop/Works/ME326GroupProject/install/basic/share/basic/local_setup.zsh
[2.447s] -- Up-to-date symlink: /home/ubuntu/Desktop/Works/ME326GroupProject/install/basic/share/basic/local_setup.dsv
[2.471s] -- Symlinking: /home/ubuntu/Desktop/Works/ME326GroupProject/install/basic/share/basic/package.dsv
[2.840s] -- Up-to-date symlink: /home/ubuntu/Desktop/Works/ME326GroupProject/install/basic/share/ament_index/resource_index/packages/basic
[2.922s] -- Up-to-date symlink: /home/ubuntu/Desktop/Works/ME326GroupProject/install/basic/share/basic/cmake/basicConfig.cmake
[2.986s] -- Up-to-date symlink: /home/ubuntu/Desktop/Works/ME326GroupProject/install/basic/share/basic/cmake/basicConfig-version.cmake
[3.051s] -- Up-to-date symlink: /home/ubuntu/Desktop/Works/ME326GroupProject/install/basic/share/basic/package.xml
[3.060s] Invoked command in '/home/ubuntu/Desktop/Works/ME326GroupProject/build/basic' returned '0': CMAKE_PREFIX_PATH=${CMAKE_PREFIX_PATH}:/dev_ws/install/interbotix_xs_modules:/dev_ws/install/interbotix_common_modules:/opt/ros/galactic /usr/bin/cmake --install /home/ubuntu/Desktop/Works/ME326GroupProject/build/basic
