[0.367s] DEBUG:colcon:Command line arguments: ['/usr/bin/colcon', 'build']
[0.368s] DEBUG:colcon:Parsed command line arguments: Namespace(allow_overriding=[], ament_cmake_args=None, base_paths=['.'], build_base='build', catkin_cmake_args=None, catkin_skip_building_tests=False, cmake_args=None, cmake_clean_cache=False, cmake_clean_first=False, cmake_force_configure=False, cmake_target=None, cmake_target_skip_unavailable=False, continue_on_error=False, event_handlers=None, executor='parallel', ignore_user_meta=False, install_base='install', log_base=None, log_level=None, main=<bound method BuildVerb.main of <colcon_core.verb.build.BuildVerb object at 0x7f89cd73fb80>>, merge_install=False, metas=['./colcon.meta'], packages_above=None, packages_above_and_dependencies=None, packages_above_depth=None, packages_end=None, packages_ignore=None, packages_ignore_regex=None, packages_select=None, packages_select_build_failed=False, packages_select_by_dep=None, packages_select_regex=None, packages_select_test_failures=False, packages_skip=None, packages_skip_build_finished=False, packages_skip_by_dep=None, packages_skip_regex=None, packages_skip_test_passed=False, packages_skip_up_to=None, packages_start=None, packages_up_to=None, packages_up_to_regex=None, parallel_workers=20, paths=None, symlink_install=False, test_result_base=None, verb_extension=<colcon_core.verb.build.BuildVerb object at 0x7f89cd73fb80>, verb_name='build', verb_parser=<colcon_defaults.argument_parser.defaults.DefaultArgumentsDecorator object at 0x7f89cd662cd0>)
[0.638s] Level 1:colcon.colcon_core.package_discovery:discover_packages(colcon_meta) check parameters
[0.639s] Level 1:colcon.colcon_core.package_discovery:discover_packages(recursive) check parameters
[0.640s] Level 1:colcon.colcon_core.package_discovery:discover_packages(ignore) check parameters
[0.640s] Level 1:colcon.colcon_core.package_discovery:discover_packages(path) check parameters
[0.641s] Level 1:colcon.colcon_core.package_discovery:discover_packages(colcon_meta) discover
[0.641s] Level 1:colcon.colcon_core.package_discovery:discover_packages(recursive) discover
[0.642s] INFO:colcon.colcon_core.package_discovery:Crawling recursively for packages in '/home/ubuntu/Desktop/Works/ME326GroupProject'
[0.646s] Level 1:colcon.colcon_core.package_identification:_identify(.) by extensions ['ignore', 'ignore_ament_install']
[0.646s] Level 1:colcon.colcon_core.package_identification:_identify(.) by extension 'ignore'
[0.647s] Level 1:colcon.colcon_core.package_identification:_identify(.) by extension 'ignore_ament_install'
[0.649s] Level 1:colcon.colcon_core.package_identification:_identify(.) by extensions ['colcon_pkg']
[0.649s] Level 1:colcon.colcon_core.package_identification:_identify(.) by extension 'colcon_pkg'
[0.650s] Level 1:colcon.colcon_core.package_identification:_identify(.) by extensions ['colcon_meta']
[0.651s] Level 1:colcon.colcon_core.package_identification:_identify(.) by extension 'colcon_meta'
[0.651s] Level 1:colcon.colcon_core.package_identification:_identify(.) by extensions ['ros']
[0.652s] Level 1:colcon.colcon_core.package_identification:_identify(.) by extension 'ros'
[0.670s] Level 1:colcon.colcon_core.package_identification:_identify(.) by extensions ['cmake', 'python']
[0.670s] Level 1:colcon.colcon_core.package_identification:_identify(.) by extension 'cmake'
[0.671s] Level 1:colcon.colcon_core.package_identification:_identify(.) by extension 'python'
[0.672s] Level 1:colcon.colcon_core.package_identification:_identify(.) by extensions ['python_setup_py']
[0.673s] Level 1:colcon.colcon_core.package_identification:_identify(.) by extension 'python_setup_py'
[0.678s] Level 1:colcon.colcon_core.package_identification:_identify(build) by extensions ['ignore', 'ignore_ament_install']
[0.701s] Level 1:colcon.colcon_core.package_identification:_identify(build) by extension 'ignore'
[0.704s] Level 1:colcon.colcon_core.package_identification:_identify(build) ignored
[0.710s] Level 1:colcon.colcon_core.package_identification:_identify(install) by extensions ['ignore', 'ignore_ament_install']
[0.710s] Level 1:colcon.colcon_core.package_identification:_identify(install) by extension 'ignore'
[0.713s] Level 1:colcon.colcon_core.package_identification:_identify(install) ignored
[0.721s] Level 1:colcon.colcon_core.package_identification:_identify(log) by extensions ['ignore', 'ignore_ament_install']
[0.721s] Level 1:colcon.colcon_core.package_identification:_identify(log) by extension 'ignore'
[0.723s] Level 1:colcon.colcon_core.package_identification:_identify(log) ignored
[0.728s] Level 1:colcon.colcon_core.package_identification:_identify(src) by extensions ['ignore', 'ignore_ament_install']
[0.729s] Level 1:colcon.colcon_core.package_identification:_identify(src) by extension 'ignore'
[0.730s] Level 1:colcon.colcon_core.package_identification:_identify(src) by extension 'ignore_ament_install'
[0.733s] Level 1:colcon.colcon_core.package_identification:_identify(src) by extensions ['colcon_pkg']
[0.734s] Level 1:colcon.colcon_core.package_identification:_identify(src) by extension 'colcon_pkg'
[0.736s] Level 1:colcon.colcon_core.package_identification:_identify(src) by extensions ['colcon_meta']
[0.736s] Level 1:colcon.colcon_core.package_identification:_identify(src) by extension 'colcon_meta'
[0.738s] Level 1:colcon.colcon_core.package_identification:_identify(src) by extensions ['ros']
[0.738s] Level 1:colcon.colcon_core.package_identification:_identify(src) by extension 'ros'
[0.748s] Level 1:colcon.colcon_core.package_identification:_identify(src) by extensions ['cmake', 'python']
[0.749s] Level 1:colcon.colcon_core.package_identification:_identify(src) by extension 'cmake'
[0.753s] Level 1:colcon.colcon_core.package_identification:_identify(src) by extension 'python'
[0.755s] Level 1:colcon.colcon_core.package_identification:_identify(src) by extensions ['python_setup_py']
[0.756s] Level 1:colcon.colcon_core.package_identification:_identify(src) by extension 'python_setup_py'
[0.765s] Level 1:colcon.colcon_core.package_identification:_identify(src/basic) by extensions ['ignore', 'ignore_ament_install']
[0.766s] Level 1:colcon.colcon_core.package_identification:_identify(src/basic) by extension 'ignore'
[0.769s] Level 1:colcon.colcon_core.package_identification:_identify(src/basic) by extension 'ignore_ament_install'
[0.774s] Level 1:colcon.colcon_core.package_identification:_identify(src/basic) by extensions ['colcon_pkg']
[0.774s] Level 1:colcon.colcon_core.package_identification:_identify(src/basic) by extension 'colcon_pkg'
[0.777s] Level 1:colcon.colcon_core.package_identification:_identify(src/basic) by extensions ['colcon_meta']
[0.778s] Level 1:colcon.colcon_core.package_identification:_identify(src/basic) by extension 'colcon_meta'
[0.781s] Level 1:colcon.colcon_core.package_identification:_identify(src/basic) by extensions ['ros']
[0.782s] Level 1:colcon.colcon_core.package_identification:_identify(src/basic) by extension 'ros'
[0.817s] DEBUG:colcon.colcon_core.package_identification:Package 'src/basic' with type 'ros.ament_cmake' and name 'basic'
[0.818s] Level 1:colcon.colcon_core.package_discovery:discover_packages(recursive) using defaults
[0.819s] Level 1:colcon.colcon_core.package_discovery:discover_packages(ignore) discover
[0.819s] Level 1:colcon.colcon_core.package_discovery:discover_packages(ignore) using defaults
[0.820s] Level 1:colcon.colcon_core.package_discovery:discover_packages(path) discover
[0.820s] Level 1:colcon.colcon_core.package_discovery:discover_packages(path) using defaults
[0.851s] Level 1:colcon.colcon_core.package_discovery:discover_packages(prefix_path) check parameters
[0.851s] Level 1:colcon.colcon_core.package_discovery:discover_packages(prefix_path) discover
[0.947s] DEBUG:colcon.colcon_installed_package_information.package_discovery:Found 1 installed packages in /home/ubuntu/Desktop/Works/ME326GroupProject/install
[0.948s] DEBUG:colcon.colcon_installed_package_information.package_discovery:Found 21 installed packages in /dev_ws/install
[0.951s] DEBUG:colcon.colcon_installed_package_information.package_discovery:Found 383 installed packages in /opt/ros/galactic
[0.966s] Level 1:colcon.colcon_core.package_discovery:discover_packages(prefix_path) using defaults
[1.121s] Level 5:colcon.colcon_core.verb:set package 'basic' build argument 'cmake_args' from command line to 'None'
[1.122s] Level 5:colcon.colcon_core.verb:set package 'basic' build argument 'cmake_target' from command line to 'None'
[1.122s] Level 5:colcon.colcon_core.verb:set package 'basic' build argument 'cmake_target_skip_unavailable' from command line to 'False'
[1.123s] Level 5:colcon.colcon_core.verb:set package 'basic' build argument 'cmake_clean_cache' from command line to 'False'
[1.124s] Level 5:colcon.colcon_core.verb:set package 'basic' build argument 'cmake_clean_first' from command line to 'False'
[1.124s] Level 5:colcon.colcon_core.verb:set package 'basic' build argument 'cmake_force_configure' from command line to 'False'
[1.125s] Level 5:colcon.colcon_core.verb:set package 'basic' build argument 'ament_cmake_args' from command line to 'None'
[1.125s] Level 5:colcon.colcon_core.verb:set package 'basic' build argument 'catkin_cmake_args' from command line to 'None'
[1.126s] Level 5:colcon.colcon_core.verb:set package 'basic' build argument 'catkin_skip_building_tests' from command line to 'False'
[1.126s] DEBUG:colcon.colcon_core.verb:Building package 'basic' with the following arguments: {'ament_cmake_args': None, 'build_base': '/home/ubuntu/Desktop/Works/ME326GroupProject/build/basic', 'catkin_cmake_args': None, 'catkin_skip_building_tests': False, 'cmake_args': None, 'cmake_clean_cache': False, 'cmake_clean_first': False, 'cmake_force_configure': False, 'cmake_target': None, 'cmake_target_skip_unavailable': False, 'install_base': '/home/ubuntu/Desktop/Works/ME326GroupProject/install/basic', 'merge_install': False, 'path': '/home/ubuntu/Desktop/Works/ME326GroupProject/src/basic', 'symlink_install': False, 'test_result_base': None}
[1.127s] INFO:colcon.colcon_core.executor:Executing jobs using 'parallel' executor
[1.129s] DEBUG:colcon.colcon_parallel_executor.executor.parallel:run_until_complete
[1.129s] INFO:colcon.colcon_ros.task.ament_cmake.build:Building ROS package in '/home/ubuntu/Desktop/Works/ME326GroupProject/src/basic' with build type 'ament_cmake'
[1.130s] INFO:colcon.colcon_cmake.task.cmake.build:Building CMake package in '/home/ubuntu/Desktop/Works/ME326GroupProject/src/basic'
[1.132s] INFO:colcon.colcon_core.plugin_system:Skipping extension 'colcon_core.shell.bat': Not used on non-Windows systems
[1.133s] INFO:colcon.colcon_core.shell:Skip shell extension 'powershell' for command environment: Not usable outside of PowerShell
[1.134s] DEBUG:colcon.colcon_core.shell:Skip shell extension 'dsv' for command environment
[1.364s] DEBUG:colcon.colcon_core.event_handler.log_command:Invoking command in '/home/ubuntu/Desktop/Works/ME326GroupProject/build/basic': CMAKE_PREFIX_PATH=${CMAKE_PREFIX_PATH}:/dev_ws/install/interbotix_xs_modules:/dev_ws/install/interbotix_common_modules:/opt/ros/galactic /usr/bin/cmake --build /home/ubuntu/Desktop/Works/ME326GroupProject/build/basic -- -j20 -l20
[2.265s] DEBUG:colcon.colcon_core.event_handler.log_command:Invoked command in '/home/ubuntu/Desktop/Works/ME326GroupProject/build/basic' returned '0': CMAKE_PREFIX_PATH=${CMAKE_PREFIX_PATH}:/dev_ws/install/interbotix_xs_modules:/dev_ws/install/interbotix_common_modules:/opt/ros/galactic /usr/bin/cmake --build /home/ubuntu/Desktop/Works/ME326GroupProject/build/basic -- -j20 -l20
[2.490s] DEBUG:colcon.colcon_core.event_handler.log_command:Invoking command in '/home/ubuntu/Desktop/Works/ME326GroupProject/build/basic': CMAKE_PREFIX_PATH=${CMAKE_PREFIX_PATH}:/dev_ws/install/interbotix_xs_modules:/dev_ws/install/interbotix_common_modules:/opt/ros/galactic /usr/bin/cmake --install /home/ubuntu/Desktop/Works/ME326GroupProject/build/basic
[4.097s] Level 1:colcon.colcon_core.environment:create_environment_scripts_only(basic)
[4.101s] DEBUG:colcon.colcon_core.event_handler.log_command:Invoked command in '/home/ubuntu/Desktop/Works/ME326GroupProject/build/basic' returned '0': CMAKE_PREFIX_PATH=${CMAKE_PREFIX_PATH}:/dev_ws/install/interbotix_xs_modules:/dev_ws/install/interbotix_common_modules:/opt/ros/galactic /usr/bin/cmake --install /home/ubuntu/Desktop/Works/ME326GroupProject/build/basic
[4.104s] Level 1:colcon.colcon_core.environment:checking '/home/ubuntu/Desktop/Works/ME326GroupProject/install/basic' for CMake module files
[4.335s] Level 1:colcon.colcon_core.environment:checking '/home/ubuntu/Desktop/Works/ME326GroupProject/install/basic' for CMake config files
[4.542s] Level 1:colcon.colcon_core.shell:create_environment_hook('basic', 'cmake_prefix_path')
[4.543s] INFO:colcon.colcon_core.shell:Creating environment hook '/home/ubuntu/Desktop/Works/ME326GroupProject/install/basic/share/basic/hook/cmake_prefix_path.ps1'
[4.574s] INFO:colcon.colcon_core.shell:Creating environment descriptor '/home/ubuntu/Desktop/Works/ME326GroupProject/install/basic/share/basic/hook/cmake_prefix_path.dsv'
[4.602s] INFO:colcon.colcon_core.shell:Creating environment hook '/home/ubuntu/Desktop/Works/ME326GroupProject/install/basic/share/basic/hook/cmake_prefix_path.sh'
[4.642s] Level 1:colcon.colcon_core.environment:checking '/home/ubuntu/Desktop/Works/ME326GroupProject/install/basic/lib'
[4.651s] Level 1:colcon.colcon_core.environment:checking '/home/ubuntu/Desktop/Works/ME326GroupProject/install/basic/bin'
[4.654s] Level 1:colcon.colcon_core.environment:checking '/home/ubuntu/Desktop/Works/ME326GroupProject/install/basic/lib/pkgconfig/basic.pc'
[4.659s] Level 1:colcon.colcon_core.environment:checking '/home/ubuntu/Desktop/Works/ME326GroupProject/install/basic/lib/python3.8/site-packages'
[4.663s] Level 1:colcon.colcon_core.environment:checking '/home/ubuntu/Desktop/Works/ME326GroupProject/install/basic/bin'
[4.666s] INFO:colcon.colcon_core.shell:Creating package script '/home/ubuntu/Desktop/Works/ME326GroupProject/install/basic/share/basic/package.ps1'
[4.698s] INFO:colcon.colcon_core.shell:Creating package descriptor '/home/ubuntu/Desktop/Works/ME326GroupProject/install/basic/share/basic/package.dsv'
[4.729s] INFO:colcon.colcon_core.shell:Creating package script '/home/ubuntu/Desktop/Works/ME326GroupProject/install/basic/share/basic/package.sh'
[4.756s] INFO:colcon.colcon_core.shell:Creating package script '/home/ubuntu/Desktop/Works/ME326GroupProject/install/basic/share/basic/package.bash'
[4.780s] INFO:colcon.colcon_core.shell:Creating package script '/home/ubuntu/Desktop/Works/ME326GroupProject/install/basic/share/basic/package.zsh'
[4.808s] Level 1:colcon.colcon_core.environment:create_file_with_runtime_dependencies(/home/ubuntu/Desktop/Works/ME326GroupProject/install/basic/share/colcon-core/packages/basic)
[4.862s] Level 1:colcon.colcon_core.environment:create_environment_scripts_only(basic)
[4.863s] Level 1:colcon.colcon_core.environment:checking '/home/ubuntu/Desktop/Works/ME326GroupProject/install/basic' for CMake module files
[5.102s] Level 1:colcon.colcon_core.environment:checking '/home/ubuntu/Desktop/Works/ME326GroupProject/install/basic' for CMake config files
[5.312s] Level 1:colcon.colcon_core.shell:create_environment_hook('basic', 'cmake_prefix_path')
[5.313s] INFO:colcon.colcon_core.shell:Creating environment hook '/home/ubuntu/Desktop/Works/ME326GroupProject/install/basic/share/basic/hook/cmake_prefix_path.ps1'
[5.351s] INFO:colcon.colcon_core.shell:Creating environment descriptor '/home/ubuntu/Desktop/Works/ME326GroupProject/install/basic/share/basic/hook/cmake_prefix_path.dsv'
[5.384s] INFO:colcon.colcon_core.shell:Creating environment hook '/home/ubuntu/Desktop/Works/ME326GroupProject/install/basic/share/basic/hook/cmake_prefix_path.sh'
[5.427s] Level 1:colcon.colcon_core.environment:checking '/home/ubuntu/Desktop/Works/ME326GroupProject/install/basic/lib'
[5.437s] Level 1:colcon.colcon_core.environment:checking '/home/ubuntu/Desktop/Works/ME326GroupProject/install/basic/bin'
[5.440s] Level 1:colcon.colcon_core.environment:checking '/home/ubuntu/Desktop/Works/ME326GroupProject/install/basic/lib/pkgconfig/basic.pc'
[5.445s] Level 1:colcon.colcon_core.environment:checking '/home/ubuntu/Desktop/Works/ME326GroupProject/install/basic/lib/python3.8/site-packages'
[5.450s] Level 1:colcon.colcon_core.environment:checking '/home/ubuntu/Desktop/Works/ME326GroupProject/install/basic/bin'
[5.456s] INFO:colcon.colcon_core.shell:Creating package script '/home/ubuntu/Desktop/Works/ME326GroupProject/install/basic/share/basic/package.ps1'
[5.482s] INFO:colcon.colcon_core.shell:Creating package descriptor '/home/ubuntu/Desktop/Works/ME326GroupProject/install/basic/share/basic/package.dsv'
[5.509s] INFO:colcon.colcon_core.shell:Creating package script '/home/ubuntu/Desktop/Works/ME326GroupProject/install/basic/share/basic/package.sh'
[5.538s] INFO:colcon.colcon_core.shell:Creating package script '/home/ubuntu/Desktop/Works/ME326GroupProject/install/basic/share/basic/package.bash'
[5.564s] INFO:colcon.colcon_core.shell:Creating package script '/home/ubuntu/Desktop/Works/ME326GroupProject/install/basic/share/basic/package.zsh'
[5.595s] Level 1:colcon.colcon_core.environment:create_file_with_runtime_dependencies(/home/ubuntu/Desktop/Works/ME326GroupProject/install/basic/share/colcon-core/packages/basic)
[5.615s] DEBUG:colcon.colcon_parallel_executor.executor.parallel:closing loop
[5.615s] DEBUG:colcon.colcon_parallel_executor.executor.parallel:loop closed
[5.616s] DEBUG:colcon.colcon_parallel_executor.executor.parallel:run_until_complete finished with '0'
[5.617s] DEBUG:colcon.colcon_core.event_reactor:joining thread
[5.666s] INFO:colcon.colcon_core.plugin_system:Skipping extension 'colcon_notification.desktop_notification.terminal_notifier': Not used on non-Darwin systems
[5.667s] INFO:colcon.colcon_core.plugin_system:Skipping extension 'colcon_notification.desktop_notification.win32': Not used on non-Windows systems
[5.668s] INFO:colcon.colcon_notification.desktop_notification:Sending desktop notification using 'notify2'
[5.685s] DEBUG:colcon.colcon_core.event_reactor:joined thread
[5.686s] INFO:colcon.colcon_core.shell:Creating prefix script '/home/ubuntu/Desktop/Works/ME326GroupProject/install/local_setup.ps1'
[5.703s] INFO:colcon.colcon_core.shell:Creating prefix util module '/home/ubuntu/Desktop/Works/ME326GroupProject/install/_local_setup_util_ps1.py'
[5.716s] INFO:colcon.colcon_core.shell:Creating prefix chain script '/home/ubuntu/Desktop/Works/ME326GroupProject/install/setup.ps1'
[5.753s] INFO:colcon.colcon_core.shell:Creating prefix script '/home/ubuntu/Desktop/Works/ME326GroupProject/install/local_setup.sh'
[5.767s] INFO:colcon.colcon_core.shell:Creating prefix util module '/home/ubuntu/Desktop/Works/ME326GroupProject/install/_local_setup_util_sh.py'
[5.779s] INFO:colcon.colcon_core.shell:Creating prefix chain script '/home/ubuntu/Desktop/Works/ME326GroupProject/install/setup.sh'
[5.813s] INFO:colcon.colcon_core.shell:Creating prefix script '/home/ubuntu/Desktop/Works/ME326GroupProject/install/local_setup.bash'
[5.825s] INFO:colcon.colcon_core.shell:Creating prefix chain script '/home/ubuntu/Desktop/Works/ME326GroupProject/install/setup.bash'
[5.857s] INFO:colcon.colcon_core.shell:Creating prefix script '/home/ubuntu/Desktop/Works/ME326GroupProject/install/local_setup.zsh'
[5.869s] INFO:colcon.colcon_core.shell:Creating prefix chain script '/home/ubuntu/Desktop/Works/ME326GroupProject/install/setup.zsh'
