[0.376s] DEBUG:colcon:Command line arguments: ['/usr/bin/colcon', 'build']
[0.377s] DEBUG:colcon:Parsed command line arguments: Namespace(allow_overriding=[], ament_cmake_args=None, base_paths=['.'], build_base='build', catkin_cmake_args=None, catkin_skip_building_tests=False, cmake_args=None, cmake_clean_cache=False, cmake_clean_first=False, cmake_force_configure=False, cmake_target=None, cmake_target_skip_unavailable=False, continue_on_error=False, event_handlers=None, executor='parallel', ignore_user_meta=False, install_base='install', log_base=None, log_level=None, main=<bound method BuildVerb.main of <colcon_core.verb.build.BuildVerb object at 0x7fa6b186fb80>>, merge_install=False, metas=['./colcon.meta'], packages_above=None, packages_above_and_dependencies=None, packages_above_depth=None, packages_end=None, packages_ignore=None, packages_ignore_regex=None, packages_select=None, packages_select_build_failed=False, packages_select_by_dep=None, packages_select_regex=None, packages_select_test_failures=False, packages_skip=None, packages_skip_build_finished=False, packages_skip_by_dep=None, packages_skip_regex=None, packages_skip_test_passed=False, packages_skip_up_to=None, packages_start=None, packages_up_to=None, packages_up_to_regex=None, parallel_workers=20, paths=None, symlink_install=False, test_result_base=None, verb_extension=<colcon_core.verb.build.BuildVerb object at 0x7fa6b186fb80>, verb_name='build', verb_parser=<colcon_defaults.argument_parser.defaults.DefaultArgumentsDecorator object at 0x7fa6b1793cd0>)
[0.666s] Level 1:colcon.colcon_core.package_discovery:discover_packages(colcon_meta) check parameters
[0.667s] Level 1:colcon.colcon_core.package_discovery:discover_packages(recursive) check parameters
[0.667s] Level 1:colcon.colcon_core.package_discovery:discover_packages(ignore) check parameters
[0.668s] Level 1:colcon.colcon_core.package_discovery:discover_packages(path) check parameters
[0.668s] Level 1:colcon.colcon_core.package_discovery:discover_packages(colcon_meta) discover
[0.669s] Level 1:colcon.colcon_core.package_discovery:discover_packages(recursive) discover
[0.669s] INFO:colcon.colcon_core.package_discovery:Crawling recursively for packages in '/home/ubuntu/Desktop/Works/ME326GroupProject'
[0.672s] Level 1:colcon.colcon_core.package_identification:_identify(.) by extensions ['ignore', 'ignore_ament_install']
[0.672s] Level 1:colcon.colcon_core.package_identification:_identify(.) by extension 'ignore'
[0.673s] Level 1:colcon.colcon_core.package_identification:_identify(.) by extension 'ignore_ament_install'
[0.674s] Level 1:colcon.colcon_core.package_identification:_identify(.) by extensions ['colcon_pkg']
[0.674s] Level 1:colcon.colcon_core.package_identification:_identify(.) by extension 'colcon_pkg'
[0.675s] Level 1:colcon.colcon_core.package_identification:_identify(.) by extensions ['colcon_meta']
[0.675s] Level 1:colcon.colcon_core.package_identification:_identify(.) by extension 'colcon_meta'
[0.676s] Level 1:colcon.colcon_core.package_identification:_identify(.) by extensions ['ros']
[0.676s] Level 1:colcon.colcon_core.package_identification:_identify(.) by extension 'ros'
[0.694s] Level 1:colcon.colcon_core.package_identification:_identify(.) by extensions ['cmake', 'python']
[0.695s] Level 1:colcon.colcon_core.package_identification:_identify(.) by extension 'cmake'
[0.695s] Level 1:colcon.colcon_core.package_identification:_identify(.) by extension 'python'
[0.696s] Level 1:colcon.colcon_core.package_identification:_identify(.) by extensions ['python_setup_py']
[0.696s] Level 1:colcon.colcon_core.package_identification:_identify(.) by extension 'python_setup_py'
[0.702s] Level 1:colcon.colcon_core.package_identification:_identify(build) by extensions ['ignore', 'ignore_ament_install']
[0.703s] Level 1:colcon.colcon_core.package_identification:_identify(build) by extension 'ignore'
[0.708s] Level 1:colcon.colcon_core.package_identification:_identify(build) ignored
[0.715s] Level 1:colcon.colcon_core.package_identification:_identify(install) by extensions ['ignore', 'ignore_ament_install']
[0.716s] Level 1:colcon.colcon_core.package_identification:_identify(install) by extension 'ignore'
[0.721s] Level 1:colcon.colcon_core.package_identification:_identify(install) ignored
[0.728s] Level 1:colcon.colcon_core.package_identification:_identify(log) by extensions ['ignore', 'ignore_ament_install']
[0.728s] Level 1:colcon.colcon_core.package_identification:_identify(log) by extension 'ignore'
[0.730s] Level 1:colcon.colcon_core.package_identification:_identify(log) ignored
[0.734s] Level 1:colcon.colcon_core.package_identification:_identify(src) by extensions ['ignore', 'ignore_ament_install']
[0.735s] Level 1:colcon.colcon_core.package_identification:_identify(src) by extension 'ignore'
[0.736s] Level 1:colcon.colcon_core.package_identification:_identify(src) by extension 'ignore_ament_install'
[0.739s] Level 1:colcon.colcon_core.package_identification:_identify(src) by extensions ['colcon_pkg']
[0.740s] Level 1:colcon.colcon_core.package_identification:_identify(src) by extension 'colcon_pkg'
[0.741s] Level 1:colcon.colcon_core.package_identification:_identify(src) by extensions ['colcon_meta']
[0.742s] Level 1:colcon.colcon_core.package_identification:_identify(src) by extension 'colcon_meta'
[0.743s] Level 1:colcon.colcon_core.package_identification:_identify(src) by extensions ['ros']
[0.743s] Level 1:colcon.colcon_core.package_identification:_identify(src) by extension 'ros'
[0.748s] Level 1:colcon.colcon_core.package_identification:_identify(src) by extensions ['cmake', 'python']
[0.748s] Level 1:colcon.colcon_core.package_identification:_identify(src) by extension 'cmake'
[0.750s] Level 1:colcon.colcon_core.package_identification:_identify(src) by extension 'python'
[0.751s] Level 1:colcon.colcon_core.package_identification:_identify(src) by extensions ['python_setup_py']
[0.752s] Level 1:colcon.colcon_core.package_identification:_identify(src) by extension 'python_setup_py'
[0.758s] Level 1:colcon.colcon_core.package_identification:_identify(src/basic) by extensions ['ignore', 'ignore_ament_install']
[0.759s] Level 1:colcon.colcon_core.package_identification:_identify(src/basic) by extension 'ignore'
[0.761s] Level 1:colcon.colcon_core.package_identification:_identify(src/basic) by extension 'ignore_ament_install'
[0.766s] Level 1:colcon.colcon_core.package_identification:_identify(src/basic) by extensions ['colcon_pkg']
[0.766s] Level 1:colcon.colcon_core.package_identification:_identify(src/basic) by extension 'colcon_pkg'
[0.768s] Level 1:colcon.colcon_core.package_identification:_identify(src/basic) by extensions ['colcon_meta']
[0.769s] Level 1:colcon.colcon_core.package_identification:_identify(src/basic) by extension 'colcon_meta'
[0.772s] Level 1:colcon.colcon_core.package_identification:_identify(src/basic) by extensions ['ros']
[0.773s] Level 1:colcon.colcon_core.package_identification:_identify(src/basic) by extension 'ros'
[0.799s] DEBUG:colcon.colcon_core.package_identification:Package 'src/basic' with type 'ros.ament_cmake' and name 'basic'
[0.824s] Level 1:colcon.colcon_core.package_discovery:discover_packages(recursive) using defaults
[0.825s] Level 1:colcon.colcon_core.package_discovery:discover_packages(ignore) discover
[0.825s] Level 1:colcon.colcon_core.package_discovery:discover_packages(ignore) using defaults
[0.826s] Level 1:colcon.colcon_core.package_discovery:discover_packages(path) discover
[0.826s] Level 1:colcon.colcon_core.package_discovery:discover_packages(path) using defaults
[0.862s] Level 1:colcon.colcon_core.package_discovery:discover_packages(prefix_path) check parameters
[0.862s] Level 1:colcon.colcon_core.package_discovery:discover_packages(prefix_path) discover
[0.940s] DEBUG:colcon.colcon_installed_package_information.package_discovery:Found 1 installed packages in /home/ubuntu/Desktop/Works/ME326GroupProject/install
[0.943s] DEBUG:colcon.colcon_installed_package_information.package_discovery:Found 21 installed packages in /dev_ws/install
[0.946s] DEBUG:colcon.colcon_installed_package_information.package_discovery:Found 383 installed packages in /opt/ros/galactic
[0.962s] Level 1:colcon.colcon_core.package_discovery:discover_packages(prefix_path) using defaults
[1.115s] Level 5:colcon.colcon_core.verb:set package 'basic' build argument 'cmake_args' from command line to 'None'
[1.116s] Level 5:colcon.colcon_core.verb:set package 'basic' build argument 'cmake_target' from command line to 'None'
[1.116s] Level 5:colcon.colcon_core.verb:set package 'basic' build argument 'cmake_target_skip_unavailable' from command line to 'False'
[1.117s] Level 5:colcon.colcon_core.verb:set package 'basic' build argument 'cmake_clean_cache' from command line to 'False'
[1.117s] Level 5:colcon.colcon_core.verb:set package 'basic' build argument 'cmake_clean_first' from command line to 'False'
[1.117s] Level 5:colcon.colcon_core.verb:set package 'basic' build argument 'cmake_force_configure' from command line to 'False'
[1.118s] Level 5:colcon.colcon_core.verb:set package 'basic' build argument 'ament_cmake_args' from command line to 'None'
[1.118s] Level 5:colcon.colcon_core.verb:set package 'basic' build argument 'catkin_cmake_args' from command line to 'None'
[1.119s] Level 5:colcon.colcon_core.verb:set package 'basic' build argument 'catkin_skip_building_tests' from command line to 'False'
[1.119s] DEBUG:colcon.colcon_core.verb:Building package 'basic' with the following arguments: {'ament_cmake_args': None, 'build_base': '/home/ubuntu/Desktop/Works/ME326GroupProject/build/basic', 'catkin_cmake_args': None, 'catkin_skip_building_tests': False, 'cmake_args': None, 'cmake_clean_cache': False, 'cmake_clean_first': False, 'cmake_force_configure': False, 'cmake_target': None, 'cmake_target_skip_unavailable': False, 'install_base': '/home/ubuntu/Desktop/Works/ME326GroupProject/install/basic', 'merge_install': False, 'path': '/home/ubuntu/Desktop/Works/ME326GroupProject/src/basic', 'symlink_install': False, 'test_result_base': None}
[1.120s] INFO:colcon.colcon_core.executor:Executing jobs using 'parallel' executor
[1.123s] DEBUG:colcon.colcon_parallel_executor.executor.parallel:run_until_complete
[1.123s] INFO:colcon.colcon_ros.task.ament_cmake.build:Building ROS package in '/home/ubuntu/Desktop/Works/ME326GroupProject/src/basic' with build type 'ament_cmake'
[1.124s] INFO:colcon.colcon_cmake.task.cmake.build:Building CMake package in '/home/ubuntu/Desktop/Works/ME326GroupProject/src/basic'
[1.130s] INFO:colcon.colcon_core.plugin_system:Skipping extension 'colcon_core.shell.bat': Not used on non-Windows systems
[1.131s] INFO:colcon.colcon_core.shell:Skip shell extension 'powershell' for command environment: Not usable outside of PowerShell
[1.131s] DEBUG:colcon.colcon_core.shell:Skip shell extension 'dsv' for command environment
[1.370s] DEBUG:colcon.colcon_core.event_handler.log_command:Invoking command in '/home/ubuntu/Desktop/Works/ME326GroupProject/build/basic': CMAKE_PREFIX_PATH=${CMAKE_PREFIX_PATH}:/dev_ws/install/interbotix_xs_modules:/dev_ws/install/interbotix_common_modules:/opt/ros/galactic /usr/bin/cmake --build /home/ubuntu/Desktop/Works/ME326GroupProject/build/basic -- -j20 -l20
[2.122s] DEBUG:colcon.colcon_core.event_handler.log_command:Invoked command in '/home/ubuntu/Desktop/Works/ME326GroupProject/build/basic' returned '0': CMAKE_PREFIX_PATH=${CMAKE_PREFIX_PATH}:/dev_ws/install/interbotix_xs_modules:/dev_ws/install/interbotix_common_modules:/opt/ros/galactic /usr/bin/cmake --build /home/ubuntu/Desktop/Works/ME326GroupProject/build/basic -- -j20 -l20
[2.295s] DEBUG:colcon.colcon_core.event_handler.log_command:Invoking command in '/home/ubuntu/Desktop/Works/ME326GroupProject/build/basic': CMAKE_PREFIX_PATH=${CMAKE_PREFIX_PATH}:/dev_ws/install/interbotix_xs_modules:/dev_ws/install/interbotix_common_modules:/opt/ros/galactic /usr/bin/cmake --install /home/ubuntu/Desktop/Works/ME326GroupProject/build/basic
[5.070s] Level 1:colcon.colcon_core.environment:create_environment_scripts_only(basic)
[5.073s] DEBUG:colcon.colcon_core.event_handler.log_command:Invoked command in '/home/ubuntu/Desktop/Works/ME326GroupProject/build/basic' returned '0': CMAKE_PREFIX_PATH=${CMAKE_PREFIX_PATH}:/dev_ws/install/interbotix_xs_modules:/dev_ws/install/interbotix_common_modules:/opt/ros/galactic /usr/bin/cmake --install /home/ubuntu/Desktop/Works/ME326GroupProject/build/basic
[5.076s] Level 1:colcon.colcon_core.environment:checking '/home/ubuntu/Desktop/Works/ME326GroupProject/install/basic' for CMake module files
[5.270s] Level 1:colcon.colcon_core.environment:checking '/home/ubuntu/Desktop/Works/ME326GroupProject/install/basic' for CMake config files
[5.429s] Level 1:colcon.colcon_core.shell:create_environment_hook('basic', 'cmake_prefix_path')
[5.430s] INFO:colcon.colcon_core.shell:Creating environment hook '/home/ubuntu/Desktop/Works/ME326GroupProject/install/basic/share/basic/hook/cmake_prefix_path.ps1'
[5.450s] INFO:colcon.colcon_core.shell:Creating environment descriptor '/home/ubuntu/Desktop/Works/ME326GroupProject/install/basic/share/basic/hook/cmake_prefix_path.dsv'
[5.476s] INFO:colcon.colcon_core.shell:Creating environment hook '/home/ubuntu/Desktop/Works/ME326GroupProject/install/basic/share/basic/hook/cmake_prefix_path.sh'
[5.505s] Level 1:colcon.colcon_core.environment:checking '/home/ubuntu/Desktop/Works/ME326GroupProject/install/basic/lib'
[5.512s] Level 1:colcon.colcon_core.environment:checking '/home/ubuntu/Desktop/Works/ME326GroupProject/install/basic/bin'
[5.514s] Level 1:colcon.colcon_core.environment:checking '/home/ubuntu/Desktop/Works/ME326GroupProject/install/basic/lib/pkgconfig/basic.pc'
[5.517s] Level 1:colcon.colcon_core.environment:checking '/home/ubuntu/Desktop/Works/ME326GroupProject/install/basic/lib/python3.8/site-packages'
[5.520s] Level 1:colcon.colcon_core.environment:checking '/home/ubuntu/Desktop/Works/ME326GroupProject/install/basic/bin'
[5.522s] INFO:colcon.colcon_core.shell:Creating package script '/home/ubuntu/Desktop/Works/ME326GroupProject/install/basic/share/basic/package.ps1'
[5.544s] INFO:colcon.colcon_core.shell:Creating package descriptor '/home/ubuntu/Desktop/Works/ME326GroupProject/install/basic/share/basic/package.dsv'
[5.568s] INFO:colcon.colcon_core.shell:Creating package script '/home/ubuntu/Desktop/Works/ME326GroupProject/install/basic/share/basic/package.sh'
[5.598s] INFO:colcon.colcon_core.shell:Creating package script '/home/ubuntu/Desktop/Works/ME326GroupProject/install/basic/share/basic/package.bash'
[5.620s] INFO:colcon.colcon_core.shell:Creating package script '/home/ubuntu/Desktop/Works/ME326GroupProject/install/basic/share/basic/package.zsh'
[5.641s] Level 1:colcon.colcon_core.environment:create_file_with_runtime_dependencies(/home/ubuntu/Desktop/Works/ME326GroupProject/install/basic/share/colcon-core/packages/basic)
[5.680s] Level 1:colcon.colcon_core.environment:create_environment_scripts_only(basic)
[5.680s] Level 1:colcon.colcon_core.environment:checking '/home/ubuntu/Desktop/Works/ME326GroupProject/install/basic' for CMake module files
[5.885s] Level 1:colcon.colcon_core.environment:checking '/home/ubuntu/Desktop/Works/ME326GroupProject/install/basic' for CMake config files
[6.078s] Level 1:colcon.colcon_core.shell:create_environment_hook('basic', 'cmake_prefix_path')
[6.078s] INFO:colcon.colcon_core.shell:Creating environment hook '/home/ubuntu/Desktop/Works/ME326GroupProject/install/basic/share/basic/hook/cmake_prefix_path.ps1'
[6.102s] INFO:colcon.colcon_core.shell:Creating environment descriptor '/home/ubuntu/Desktop/Works/ME326GroupProject/install/basic/share/basic/hook/cmake_prefix_path.dsv'
[6.137s] INFO:colcon.colcon_core.shell:Creating environment hook '/home/ubuntu/Desktop/Works/ME326GroupProject/install/basic/share/basic/hook/cmake_prefix_path.sh'
[6.176s] Level 1:colcon.colcon_core.environment:checking '/home/ubuntu/Desktop/Works/ME326GroupProject/install/basic/lib'
[6.184s] Level 1:colcon.colcon_core.environment:checking '/home/ubuntu/Desktop/Works/ME326GroupProject/install/basic/bin'
[6.186s] Level 1:colcon.colcon_core.environment:checking '/home/ubuntu/Desktop/Works/ME326GroupProject/install/basic/lib/pkgconfig/basic.pc'
[6.189s] Level 1:colcon.colcon_core.environment:checking '/home/ubuntu/Desktop/Works/ME326GroupProject/install/basic/lib/python3.8/site-packages'
[6.192s] Level 1:colcon.colcon_core.environment:checking '/home/ubuntu/Desktop/Works/ME326GroupProject/install/basic/bin'
[6.194s] INFO:colcon.colcon_core.shell:Creating package script '/home/ubuntu/Desktop/Works/ME326GroupProject/install/basic/share/basic/package.ps1'
[6.214s] INFO:colcon.colcon_core.shell:Creating package descriptor '/home/ubuntu/Desktop/Works/ME326GroupProject/install/basic/share/basic/package.dsv'
[6.235s] INFO:colcon.colcon_core.shell:Creating package script '/home/ubuntu/Desktop/Works/ME326GroupProject/install/basic/share/basic/package.sh'
[6.257s] INFO:colcon.colcon_core.shell:Creating package script '/home/ubuntu/Desktop/Works/ME326GroupProject/install/basic/share/basic/package.bash'
[6.288s] INFO:colcon.colcon_core.shell:Creating package script '/home/ubuntu/Desktop/Works/ME326GroupProject/install/basic/share/basic/package.zsh'
[6.305s] Level 1:colcon.colcon_core.environment:create_file_with_runtime_dependencies(/home/ubuntu/Desktop/Works/ME326GroupProject/install/basic/share/colcon-core/packages/basic)
[6.322s] DEBUG:colcon.colcon_parallel_executor.executor.parallel:closing loop
[6.323s] DEBUG:colcon.colcon_parallel_executor.executor.parallel:loop closed
[6.323s] DEBUG:colcon.colcon_parallel_executor.executor.parallel:run_until_complete finished with '0'
[6.324s] DEBUG:colcon.colcon_core.event_reactor:joining thread
[6.367s] INFO:colcon.colcon_core.plugin_system:Skipping extension 'colcon_notification.desktop_notification.terminal_notifier': Not used on non-Darwin systems
[6.367s] INFO:colcon.colcon_core.plugin_system:Skipping extension 'colcon_notification.desktop_notification.win32': Not used on non-Windows systems
[6.368s] INFO:colcon.colcon_notification.desktop_notification:Sending desktop notification using 'notify2'
[6.617s] DEBUG:colcon.colcon_core.event_reactor:joined thread
[6.618s] INFO:colcon.colcon_core.shell:Creating prefix script '/home/ubuntu/Desktop/Works/ME326GroupProject/install/local_setup.ps1'
[6.635s] INFO:colcon.colcon_core.shell:Creating prefix util module '/home/ubuntu/Desktop/Works/ME326GroupProject/install/_local_setup_util_ps1.py'
[6.645s] INFO:colcon.colcon_core.shell:Creating prefix chain script '/home/ubuntu/Desktop/Works/ME326GroupProject/install/setup.ps1'
[6.675s] INFO:colcon.colcon_core.shell:Creating prefix script '/home/ubuntu/Desktop/Works/ME326GroupProject/install/local_setup.sh'
[6.686s] INFO:colcon.colcon_core.shell:Creating prefix util module '/home/ubuntu/Desktop/Works/ME326GroupProject/install/_local_setup_util_sh.py'
[6.696s] INFO:colcon.colcon_core.shell:Creating prefix chain script '/home/ubuntu/Desktop/Works/ME326GroupProject/install/setup.sh'
[6.735s] INFO:colcon.colcon_core.shell:Creating prefix script '/home/ubuntu/Desktop/Works/ME326GroupProject/install/local_setup.bash'
[6.743s] INFO:colcon.colcon_core.shell:Creating prefix chain script '/home/ubuntu/Desktop/Works/ME326GroupProject/install/setup.bash'
[6.771s] INFO:colcon.colcon_core.shell:Creating prefix script '/home/ubuntu/Desktop/Works/ME326GroupProject/install/local_setup.zsh'
[6.789s] INFO:colcon.colcon_core.shell:Creating prefix chain script '/home/ubuntu/Desktop/Works/ME326GroupProject/install/setup.zsh'
