[0.081s] Invoking command in '/home/ubuntu/Desktop/Works/ME326GroupProject/build/basic': CMAKE_PREFIX_PATH=${CMAKE_PREFIX_PATH}:/dev_ws/install/interbotix_xs_modules:/dev_ws/install/interbotix_common_modules:/opt/ros/galactic /usr/bin/cmake /home/ubuntu/Desktop/Works/ME326GroupProject/src/basic -DAMENT_CMAKE_SYMLINK_INSTALL=1 -DCMAKE_INSTALL_PREFIX=/home/ubuntu/Desktop/Works/ME326GroupProject/install/basic
[0.221s] -- Found ament_cmake: 1.1.6 (/opt/ros/galactic/share/ament_cmake/cmake)
[0.243s] -- Using PYTHON_EXECUTABLE: /usr/bin/python3
[0.314s] -- Override CMake install command with custom implementation using symlinks instead of copying resources
[0.496s] -- Found ament_lint_auto: 0.10.7 (/opt/ros/galactic/share/ament_lint_auto/cmake)
[0.951s] -- Added test 'copyright' to check source files copyright and LICENSE
[1.268s] -- Added test 'flake8' to check Python code syntax and style conventions
[1.303s] -- Added test 'lint_cmake' to check CMake code style
[1.324s] -- Added test 'pep257' to check Python code against some of the style conventions in PEP 257
[1.538s] -- Added test 'xmllint' to check XML markup files
[1.621s] -- Configuring done
[1.892s] -- Generating done
[2.024s] -- Build files have been written to: /home/ubuntu/Desktop/Works/ME326GroupProject/build/basic
[2.027s] Invoked command in '/home/ubuntu/Desktop/Works/ME326GroupProject/build/basic' returned '0': CMAKE_PREFIX_PATH=${CMAKE_PREFIX_PATH}:/dev_ws/install/interbotix_xs_modules:/dev_ws/install/interbotix_common_modules:/opt/ros/galactic /usr/bin/cmake /home/ubuntu/Desktop/Works/ME326GroupProject/src/basic -DAMENT_CMAKE_SYMLINK_INSTALL=1 -DCMAKE_INSTALL_PREFIX=/home/ubuntu/Desktop/Works/ME326GroupProject/install/basic
[2.036s] Invoking command in '/home/ubuntu/Desktop/Works/ME326GroupProject/build/basic': CMAKE_PREFIX_PATH=${CMAKE_PREFIX_PATH}:/dev_ws/install/interbotix_xs_modules:/dev_ws/install/interbotix_common_modules:/opt/ros/galactic /usr/bin/cmake --build /home/ubuntu/Desktop/Works/ME326GroupProject/build/basic -- -j20 -l20
[2.299s] Invoked command in '/home/ubuntu/Desktop/Works/ME326GroupProject/build/basic' returned '0': CMAKE_PREFIX_PATH=${CMAKE_PREFIX_PATH}:/dev_ws/install/interbotix_xs_modules:/dev_ws/install/interbotix_common_modules:/opt/ros/galactic /usr/bin/cmake --build /home/ubuntu/Desktop/Works/ME326GroupProject/build/basic -- -j20 -l20
[2.367s] Invoking command in '/home/ubuntu/Desktop/Works/ME326GroupProject/build/basic': CMAKE_PREFIX_PATH=${CMAKE_PREFIX_PATH}:/dev_ws/install/interbotix_xs_modules:/dev_ws/install/interbotix_common_modules:/opt/ros/galactic /usr/bin/cmake --install /home/ubuntu/Desktop/Works/ME326GroupProject/build/basic
[2.445s] -- Install configuration: ""
[2.450s] -- Execute custom install script
[2.457s] CMake Error at ament_cmake_symlink_install/ament_cmake_symlink_install.cmake:204 (message):
[2.458s]   ament_cmake_symlink_install_programs() can't find
[2.459s]   '/home/ubuntu/Desktop/Works/ME326GroupProject/src/basic/scripts/constant_control.py'
[2.459s] Call Stack (most recent call first):
[2.460s]   ament_cmake_symlink_install/ament_cmake_symlink_install.cmake:314 (ament_cmake_symlink_install_programs)
[2.460s]   cmake_install.cmake:41 (include)
[2.461s] 
[2.462s] 
[2.462s] Invoked command in '/home/ubuntu/Desktop/Works/ME326GroupProject/build/basic' returned '1': CMAKE_PREFIX_PATH=${CMAKE_PREFIX_PATH}:/dev_ws/install/interbotix_xs_modules:/dev_ws/install/interbotix_common_modules:/opt/ros/galactic /usr/bin/cmake --install /home/ubuntu/Desktop/Works/ME326GroupProject/build/basic
