[0.000000] (-) TimerEvent: {}
[0.000535] (basic) JobQueued: {'identifier': 'basic', 'dependencies': OrderedDict()}
[0.000996] (basic) JobStarted: {'identifier': 'basic'}
[0.053566] (basic) JobProgress: {'identifier': 'basic', 'progress': 'cmake'}
[0.096969] (-) TimerEvent: {}
[0.121399] (basic) Command: {'cmd': ['/usr/bin/cmake', '/home/ubuntu/Desktop/Works/ME326GroupProject/src/basic', '-DCMAKE_INSTALL_PREFIX=/home/ubuntu/Desktop/Works/ME326GroupProject/install/basic'], 'cwd': '/home/ubuntu/Desktop/Works/ME326GroupProject/build/basic', 'env': OrderedDict([('VNCDESKTOP', 'cbe4caa1ebe3:1 (ubuntu)'), ('QT_SCALE_FACTOR', '1'), ('USER', 'ubuntu'), ('SUPERVISOR_GROUP_NAME', 'vnc'), ('HOSTNAME', 'cbe4caa1ebe3'), ('GIT_ASKPASS', '/usr/share/codium/resources/app/extensions/git/dist/askpass.sh'), ('SHLVL', '2'), ('LD_LIBRARY_PATH', '/dev_ws/install/moveit_visual_tools/lib:/dev_ws/install/interbotix_xs_rviz/lib:/dev_ws/install/interbotix_xs_ros_control/lib:/dev_ws/install/interbotix_xs_msgs/lib:/dev_ws/install/interbotix_xs_driver/lib:/dev_ws/install/interbotix_tf_tools/lib:/dev_ws/install/dynamixel_workbench_toolbox/lib:/usr/lib/x86_64-linux-gnu/gazebo-11/plugins:/opt/ros/galactic/opt/yaml_cpp_vendor/lib:/opt/ros/galactic/opt/rviz_ogre_vendor/lib:/opt/ros/galactic/lib/x86_64-linux-gnu:/opt/ros/galactic/lib:/usr/share/gazebo/../../lib/x86_64-linux-gnu/gazebo-11/plugins:'), ('HOME', '/home/ubuntu'), ('CHROME_DESKTOP', 'codium.desktop'), ('OLDPWD', '/home/ubuntu/Desktop/Works/ME326GroupProject/src'), ('TERM_PROGRAM_VERSION', '1.96.2'), ('GIO_LAUNCHED_DESKTOP_FILE', '/home/ubuntu/Desktop/codium.desktop'), ('GAZEBO_MASTER_URI', 'http://localhost:11345'), ('ROS_PYTHON_VERSION', '3'), ('GTK_MODULES', 'appmenu-gtk-module'), ('VSCODE_GIT_ASKPASS_MAIN', '/usr/share/codium/resources/app/extensions/git/dist/askpass-main.js'), ('VSCODE_GIT_ASKPASS_NODE', '/usr/share/codium/codium'), ('LC_CTYPE', 'C.UTF-8'), ('DBUS_SESSION_BUS_ADDRESS', 'unix:abstract=/tmp/dbus-eFPEujWa32,guid=017905acd645cfe1bf92612367997802'), ('COLORTERM', 'truecolor'), ('GIO_LAUNCHED_DESKTOP_FILE_PID', '547'), ('UBUNTU_MENUPROXY', '1'), ('COLCON_PREFIX_PATH', '/dev_ws/install'), ('ROS_DISTRO', 'galactic'), ('QT_AUTO_SCREEN_SCALE_FACTOR', '0'), ('_', '/usr/bin/colcon'), ('ROS_VERSION', '2'), ('TERM', 'xterm-256color'), ('GTK_OVERLAY_SCROLLING', '0'), ('GAZEBO_MODEL_PATH', '/usr/share/gazebo/../../share/gazebo-11/models:'), ('ROS_LOCALHOST_ONLY', '0'), ('INSIDE_CAJA_PYTHON', ''), ('OGRE_RESOURCE_PATH', '/usr/lib/x86_64-linux-gnu/OGRE-1.9.0'), ('PATH', '/opt/ros/galactic/bin:/usr/local/sbin:/usr/local/bin:/usr/sbin:/usr/bin:/sbin:/bin:/snap/bin'), ('SESSION_MANAGER', 'local/cbe4caa1ebe3:@/tmp/.ICE-unix/89,unix/cbe4caa1ebe3:/tmp/.ICE-unix/89'), ('GDK_BACKEND', 'x11'), ('DISPLAY', ':1'), ('LANG', 'en_US.UTF-8'), ('XDG_CURRENT_DESKTOP', 'MATE'), ('INTERBOTIX_XSLOCOBOT_BASE_TYPE', 'create3'), ('VSCODE_GIT_IPC_HANDLE', '/tmp/vscode-git-4113206b09.sock'), ('INTERBOTIX_WS', '/home/ubuntu/dev_ws'), ('SUPERVISOR_ENABLED', '1'), ('TERM_PROGRAM', 'vscode'), ('AMENT_PREFIX_PATH', '/dev_ws/install/moveit_visual_tools:/dev_ws/install/interbotix_xslocobot_moveit:/dev_ws/install/interbotix_xslocobot_ros_control:/dev_ws/install/interbotix_xslocobot_sim:/dev_ws/install/interbotix_xslocobot_nav:/dev_ws/install/interbotix_xslocobot_joy:/dev_ws/install/interbotix_xslocobot_control:/dev_ws/install/interbotix_xslocobot_descriptions:/dev_ws/install/interbotix_xs_toolbox:/dev_ws/install/interbotix_xs_rviz:/dev_ws/install/interbotix_ros_xseries:/dev_ws/install/interbotix_xs_sdk:/dev_ws/install/interbotix_xs_ros_control:/dev_ws/install/interbotix_xs_modules:/dev_ws/install/interbotix_xs_msgs:/dev_ws/install/interbotix_xs_driver:/dev_ws/install/interbotix_tf_tools:/dev_ws/install/interbotix_common_toolbox:/dev_ws/install/interbotix_common_sim:/dev_ws/install/interbotix_common_modules:/dev_ws/install/dynamixel_workbench_toolbox:/opt/ros/galactic'), ('ORIGINAL_XDG_CURRENT_DESKTOP', 'MATE'), ('NO_AT_BRIDGE', '1'), ('PASSWD', 'ubuntu'), ('SUPERVISOR_SERVER_URL', 'unix:///var/run/supervisor.sock'), ('GAZEBO_RESOURCE_PATH', '/usr/share/gazebo/../../share/gazebo-11:'), ('GAZEBO_MODEL_DATABASE_URI', 'http://models.gazebosim.org'), ('VSCODE_GIT_ASKPASS_EXTRA_ARGS', ''), ('SUPERVISOR_PROCESS_NAME', 'vnc'), ('PWD', '/home/ubuntu/Desktop/Works/ME326GroupProject/build/basic'), ('GAZEBO_PLUGIN_PATH', '/usr/share/gazebo/../../lib/x86_64-linux-gnu/gazebo-11/plugins:'), ('XDG_DATA_DIRS', '/usr/local/share:/usr/share:/var/lib/snapd/desktop'), ('PYTHONPATH', '/dev_ws/install/interbotix_xs_modules/lib/python3.8/site-packages:/dev_ws/install/interbotix_xs_msgs/lib/python3.8/site-packages:/dev_ws/install/interbotix_common_modules/lib/python3.8/site-packages:/opt/ros/galactic/lib/python3.8/site-packages'), ('MATE_DESKTOP_SESSION_ID', 'this-is-deprecated'), ('COLCON', '1'), ('CMAKE_PREFIX_PATH', '/dev_ws/install/moveit_visual_tools:/dev_ws/install/interbotix_xslocobot_moveit:/dev_ws/install/interbotix_xslocobot_ros_control:/dev_ws/install/interbotix_xslocobot_sim:/dev_ws/install/interbotix_xslocobot_nav:/dev_ws/install/interbotix_xslocobot_joy:/dev_ws/install/interbotix_xslocobot_control:/dev_ws/install/interbotix_xslocobot_descriptions:/dev_ws/install/interbotix_xs_toolbox:/dev_ws/install/interbotix_xs_rviz:/dev_ws/install/interbotix_ros_xseries:/dev_ws/install/interbotix_xs_sdk:/dev_ws/install/interbotix_xs_ros_control:/dev_ws/install/interbotix_xs_msgs:/dev_ws/install/interbotix_xs_driver:/dev_ws/install/interbotix_tf_tools:/dev_ws/install/interbotix_common_toolbox:/dev_ws/install/interbotix_common_sim:/dev_ws/install/dynamixel_workbench_toolbox:/dev_ws/install/interbotix_xs_modules:/dev_ws/install/interbotix_common_modules:/opt/ros/galactic')]), 'shell': False}
[0.197070] (-) TimerEvent: {}
[0.297594] (-) TimerEvent: {}
[0.398173] (-) TimerEvent: {}
[0.499123] (-) TimerEvent: {}
[0.600351] (-) TimerEvent: {}
[0.701044] (-) TimerEvent: {}
[0.707463] (basic) StdoutLine: {'line': b'-- The C compiler identification is GNU 9.4.0\n'}
[0.801149] (-) TimerEvent: {}
[0.902131] (-) TimerEvent: {}
[1.003202] (-) TimerEvent: {}
[1.027317] (basic) StdoutLine: {'line': b'-- The CXX compiler identification is GNU 9.4.0\n'}
[1.103336] (-) TimerEvent: {}
[1.106233] (basic) StdoutLine: {'line': b'-- Check for working C compiler: /usr/bin/cc\n'}
[1.203487] (-) TimerEvent: {}
[1.304672] (-) TimerEvent: {}
[1.408627] (-) TimerEvent: {}
[1.511269] (-) TimerEvent: {}
[1.618005] (-) TimerEvent: {}
[1.718708] (-) TimerEvent: {}
[1.819371] (-) TimerEvent: {}
[1.919847] (-) TimerEvent: {}
[2.020471] (-) TimerEvent: {}
[2.121466] (-) TimerEvent: {}
[2.135583] (basic) StdoutLine: {'line': b'-- Check for working C compiler: /usr/bin/cc -- works\n'}
[2.143060] (basic) StdoutLine: {'line': b'-- Detecting C compiler ABI info\n'}
[2.221544] (-) TimerEvent: {}
[2.326823] (-) TimerEvent: {}
[2.427963] (-) TimerEvent: {}
[2.531637] (-) TimerEvent: {}
[2.632316] (-) TimerEvent: {}
[2.732771] (-) TimerEvent: {}
[2.833435] (-) TimerEvent: {}
[2.934089] (-) TimerEvent: {}
[3.034791] (-) TimerEvent: {}
[3.051231] (basic) StdoutLine: {'line': b'-- Detecting C compiler ABI info - done\n'}
[3.108403] (basic) StdoutLine: {'line': b'-- Detecting C compile features\n'}
[3.110328] (basic) StdoutLine: {'line': b'-- Detecting C compile features - done\n'}
[3.134915] (-) TimerEvent: {}
[3.192282] (basic) StdoutLine: {'line': b'-- Check for working CXX compiler: /usr/bin/c++\n'}
[3.235046] (-) TimerEvent: {}
[3.335800] (-) TimerEvent: {}
[3.436662] (-) TimerEvent: {}
[3.537429] (-) TimerEvent: {}
[3.638160] (-) TimerEvent: {}
[3.738846] (-) TimerEvent: {}
[3.839522] (-) TimerEvent: {}
[3.940080] (-) TimerEvent: {}
[4.041172] (-) TimerEvent: {}
[4.107445] (basic) StdoutLine: {'line': b'-- Check for working CXX compiler: /usr/bin/c++ -- works\n'}
[4.113352] (basic) StdoutLine: {'line': b'-- Detecting CXX compiler ABI info\n'}
[4.141308] (-) TimerEvent: {}
[4.242323] (-) TimerEvent: {}
[4.347496] (-) TimerEvent: {}
[4.448275] (-) TimerEvent: {}
[4.549059] (-) TimerEvent: {}
[4.649719] (-) TimerEvent: {}
[4.750274] (-) TimerEvent: {}
[4.850969] (-) TimerEvent: {}
[4.951689] (-) TimerEvent: {}
[5.052508] (-) TimerEvent: {}
[5.125085] (basic) StdoutLine: {'line': b'-- Detecting CXX compiler ABI info - done\n'}
[5.152622] (-) TimerEvent: {}
[5.177781] (basic) StdoutLine: {'line': b'-- Detecting CXX compile features\n'}
[5.180459] (basic) StdoutLine: {'line': b'-- Detecting CXX compile features - done\n'}
[5.252761] (-) TimerEvent: {}
[5.319018] (basic) StdoutLine: {'line': b'-- Found ament_cmake: 1.1.6 (/opt/ros/galactic/share/ament_cmake/cmake)\n'}
[5.352887] (-) TimerEvent: {}
[5.377293] (basic) StdoutLine: {'line': b'-- Found PythonInterp: /usr/bin/python3 (found suitable version "3.8.10", minimum required is "3") \n'}
[5.378560] (basic) StdoutLine: {'line': b'-- Using PYTHON_EXECUTABLE: /usr/bin/python3\n'}
[5.452955] (-) TimerEvent: {}
[5.553494] (-) TimerEvent: {}
[5.591746] (basic) StdoutLine: {'line': b'-- Found ament_lint_auto: 0.10.7 (/opt/ros/galactic/share/ament_lint_auto/cmake)\n'}
[5.653633] (-) TimerEvent: {}
[5.754404] (-) TimerEvent: {}
[5.858092] (-) TimerEvent: {}
[5.958803] (-) TimerEvent: {}
[6.063508] (-) TimerEvent: {}
[6.151499] (basic) StdoutLine: {'line': b"-- Added test 'copyright' to check source files copyright and LICENSE\n"}
[6.163590] (-) TimerEvent: {}
[6.264252] (-) TimerEvent: {}
[6.364833] (-) TimerEvent: {}
[6.465282] (-) TimerEvent: {}
[6.506077] (basic) StdoutLine: {'line': b"-- Added test 'lint_cmake' to check CMake code style\n"}
[6.565362] (-) TimerEvent: {}
[6.665914] (-) TimerEvent: {}
[6.758633] (basic) StdoutLine: {'line': b"-- Added test 'xmllint' to check XML markup files\n"}
[6.766047] (-) TimerEvent: {}
[6.866669] (-) TimerEvent: {}
[6.949762] (basic) StdoutLine: {'line': b'-- Configuring done\n'}
[6.966776] (-) TimerEvent: {}
[7.074723] (-) TimerEvent: {}
[7.178038] (-) TimerEvent: {}
[7.283065] (-) TimerEvent: {}
[7.365588] (basic) StdoutLine: {'line': b'-- Generating done\n'}
[7.383166] (-) TimerEvent: {}
[7.483884] (-) TimerEvent: {}
[7.584631] (-) TimerEvent: {}
[7.624228] (basic) StdoutLine: {'line': b'-- Build files have been written to: /home/ubuntu/Desktop/Works/ME326GroupProject/build/basic\n'}
[7.630563] (basic) CommandEnded: {'returncode': 0}
[7.637485] (basic) JobProgress: {'identifier': 'basic', 'progress': 'build'}
[7.647701] (basic) Command: {'cmd': ['/usr/bin/cmake', '--build', '/home/ubuntu/Desktop/Works/ME326GroupProject/build/basic', '--', '-j20', '-l20'], 'cwd': '/home/ubuntu/Desktop/Works/ME326GroupProject/build/basic', 'env': OrderedDict([('VNCDESKTOP', 'cbe4caa1ebe3:1 (ubuntu)'), ('QT_SCALE_FACTOR', '1'), ('USER', 'ubuntu'), ('SUPERVISOR_GROUP_NAME', 'vnc'), ('HOSTNAME', 'cbe4caa1ebe3'), ('GIT_ASKPASS', '/usr/share/codium/resources/app/extensions/git/dist/askpass.sh'), ('SHLVL', '2'), ('LD_LIBRARY_PATH', '/dev_ws/install/moveit_visual_tools/lib:/dev_ws/install/interbotix_xs_rviz/lib:/dev_ws/install/interbotix_xs_ros_control/lib:/dev_ws/install/interbotix_xs_msgs/lib:/dev_ws/install/interbotix_xs_driver/lib:/dev_ws/install/interbotix_tf_tools/lib:/dev_ws/install/dynamixel_workbench_toolbox/lib:/usr/lib/x86_64-linux-gnu/gazebo-11/plugins:/opt/ros/galactic/opt/yaml_cpp_vendor/lib:/opt/ros/galactic/opt/rviz_ogre_vendor/lib:/opt/ros/galactic/lib/x86_64-linux-gnu:/opt/ros/galactic/lib:/usr/share/gazebo/../../lib/x86_64-linux-gnu/gazebo-11/plugins:'), ('HOME', '/home/ubuntu'), ('CHROME_DESKTOP', 'codium.desktop'), ('OLDPWD', '/home/ubuntu/Desktop/Works/ME326GroupProject/src'), ('TERM_PROGRAM_VERSION', '1.96.2'), ('GIO_LAUNCHED_DESKTOP_FILE', '/home/ubuntu/Desktop/codium.desktop'), ('GAZEBO_MASTER_URI', 'http://localhost:11345'), ('ROS_PYTHON_VERSION', '3'), ('GTK_MODULES', 'appmenu-gtk-module'), ('VSCODE_GIT_ASKPASS_MAIN', '/usr/share/codium/resources/app/extensions/git/dist/askpass-main.js'), ('VSCODE_GIT_ASKPASS_NODE', '/usr/share/codium/codium'), ('LC_CTYPE', 'C.UTF-8'), ('DBUS_SESSION_BUS_ADDRESS', 'unix:abstract=/tmp/dbus-eFPEujWa32,guid=017905acd645cfe1bf92612367997802'), ('COLORTERM', 'truecolor'), ('GIO_LAUNCHED_DESKTOP_FILE_PID', '547'), ('UBUNTU_MENUPROXY', '1'), ('COLCON_PREFIX_PATH', '/dev_ws/install'), ('ROS_DISTRO', 'galactic'), ('QT_AUTO_SCREEN_SCALE_FACTOR', '0'), ('_', '/usr/bin/colcon'), ('ROS_VERSION', '2'), ('TERM', 'xterm-256color'), ('GTK_OVERLAY_SCROLLING', '0'), ('GAZEBO_MODEL_PATH', '/usr/share/gazebo/../../share/gazebo-11/models:'), ('ROS_LOCALHOST_ONLY', '0'), ('INSIDE_CAJA_PYTHON', ''), ('OGRE_RESOURCE_PATH', '/usr/lib/x86_64-linux-gnu/OGRE-1.9.0'), ('PATH', '/opt/ros/galactic/bin:/usr/local/sbin:/usr/local/bin:/usr/sbin:/usr/bin:/sbin:/bin:/snap/bin'), ('SESSION_MANAGER', 'local/cbe4caa1ebe3:@/tmp/.ICE-unix/89,unix/cbe4caa1ebe3:/tmp/.ICE-unix/89'), ('GDK_BACKEND', 'x11'), ('DISPLAY', ':1'), ('LANG', 'en_US.UTF-8'), ('XDG_CURRENT_DESKTOP', 'MATE'), ('INTERBOTIX_XSLOCOBOT_BASE_TYPE', 'create3'), ('VSCODE_GIT_IPC_HANDLE', '/tmp/vscode-git-4113206b09.sock'), ('INTERBOTIX_WS', '/home/ubuntu/dev_ws'), ('SUPERVISOR_ENABLED', '1'), ('TERM_PROGRAM', 'vscode'), ('AMENT_PREFIX_PATH', '/dev_ws/install/moveit_visual_tools:/dev_ws/install/interbotix_xslocobot_moveit:/dev_ws/install/interbotix_xslocobot_ros_control:/dev_ws/install/interbotix_xslocobot_sim:/dev_ws/install/interbotix_xslocobot_nav:/dev_ws/install/interbotix_xslocobot_joy:/dev_ws/install/interbotix_xslocobot_control:/dev_ws/install/interbotix_xslocobot_descriptions:/dev_ws/install/interbotix_xs_toolbox:/dev_ws/install/interbotix_xs_rviz:/dev_ws/install/interbotix_ros_xseries:/dev_ws/install/interbotix_xs_sdk:/dev_ws/install/interbotix_xs_ros_control:/dev_ws/install/interbotix_xs_modules:/dev_ws/install/interbotix_xs_msgs:/dev_ws/install/interbotix_xs_driver:/dev_ws/install/interbotix_tf_tools:/dev_ws/install/interbotix_common_toolbox:/dev_ws/install/interbotix_common_sim:/dev_ws/install/interbotix_common_modules:/dev_ws/install/dynamixel_workbench_toolbox:/opt/ros/galactic'), ('ORIGINAL_XDG_CURRENT_DESKTOP', 'MATE'), ('NO_AT_BRIDGE', '1'), ('PASSWD', 'ubuntu'), ('SUPERVISOR_SERVER_URL', 'unix:///var/run/supervisor.sock'), ('GAZEBO_RESOURCE_PATH', '/usr/share/gazebo/../../share/gazebo-11:'), ('GAZEBO_MODEL_DATABASE_URI', 'http://models.gazebosim.org'), ('VSCODE_GIT_ASKPASS_EXTRA_ARGS', ''), ('SUPERVISOR_PROCESS_NAME', 'vnc'), ('PWD', '/home/ubuntu/Desktop/Works/ME326GroupProject/build/basic'), ('GAZEBO_PLUGIN_PATH', '/usr/share/gazebo/../../lib/x86_64-linux-gnu/gazebo-11/plugins:'), ('XDG_DATA_DIRS', '/usr/local/share:/usr/share:/var/lib/snapd/desktop'), ('PYTHONPATH', '/dev_ws/install/interbotix_xs_modules/lib/python3.8/site-packages:/dev_ws/install/interbotix_xs_msgs/lib/python3.8/site-packages:/dev_ws/install/interbotix_common_modules/lib/python3.8/site-packages:/opt/ros/galactic/lib/python3.8/site-packages'), ('MATE_DESKTOP_SESSION_ID', 'this-is-deprecated'), ('COLCON', '1'), ('CMAKE_PREFIX_PATH', '/dev_ws/install/moveit_visual_tools:/dev_ws/install/interbotix_xslocobot_moveit:/dev_ws/install/interbotix_xslocobot_ros_control:/dev_ws/install/interbotix_xslocobot_sim:/dev_ws/install/interbotix_xslocobot_nav:/dev_ws/install/interbotix_xslocobot_joy:/dev_ws/install/interbotix_xslocobot_control:/dev_ws/install/interbotix_xslocobot_descriptions:/dev_ws/install/interbotix_xs_toolbox:/dev_ws/install/interbotix_xs_rviz:/dev_ws/install/interbotix_ros_xseries:/dev_ws/install/interbotix_xs_sdk:/dev_ws/install/interbotix_xs_ros_control:/dev_ws/install/interbotix_xs_msgs:/dev_ws/install/interbotix_xs_driver:/dev_ws/install/interbotix_tf_tools:/dev_ws/install/interbotix_common_toolbox:/dev_ws/install/interbotix_common_sim:/dev_ws/install/dynamixel_workbench_toolbox:/dev_ws/install/interbotix_xs_modules:/dev_ws/install/interbotix_common_modules:/opt/ros/galactic')]), 'shell': False}
[7.684739] (-) TimerEvent: {}
[7.785454] (-) TimerEvent: {}
[7.886180] (-) TimerEvent: {}
[7.986806] (-) TimerEvent: {}
[8.087488] (-) TimerEvent: {}
[8.114983] (basic) CommandEnded: {'returncode': 0}
[8.128288] (basic) JobProgress: {'identifier': 'basic', 'progress': 'install'}
[8.187624] (-) TimerEvent: {}
[8.233254] (basic) Command: {'cmd': ['/usr/bin/cmake', '--install', '/home/ubuntu/Desktop/Works/ME326GroupProject/build/basic'], 'cwd': '/home/ubuntu/Desktop/Works/ME326GroupProject/build/basic', 'env': OrderedDict([('VNCDESKTOP', 'cbe4caa1ebe3:1 (ubuntu)'), ('QT_SCALE_FACTOR', '1'), ('USER', 'ubuntu'), ('SUPERVISOR_GROUP_NAME', 'vnc'), ('HOSTNAME', 'cbe4caa1ebe3'), ('GIT_ASKPASS', '/usr/share/codium/resources/app/extensions/git/dist/askpass.sh'), ('SHLVL', '2'), ('LD_LIBRARY_PATH', '/dev_ws/install/moveit_visual_tools/lib:/dev_ws/install/interbotix_xs_rviz/lib:/dev_ws/install/interbotix_xs_ros_control/lib:/dev_ws/install/interbotix_xs_msgs/lib:/dev_ws/install/interbotix_xs_driver/lib:/dev_ws/install/interbotix_tf_tools/lib:/dev_ws/install/dynamixel_workbench_toolbox/lib:/usr/lib/x86_64-linux-gnu/gazebo-11/plugins:/opt/ros/galactic/opt/yaml_cpp_vendor/lib:/opt/ros/galactic/opt/rviz_ogre_vendor/lib:/opt/ros/galactic/lib/x86_64-linux-gnu:/opt/ros/galactic/lib:/usr/share/gazebo/../../lib/x86_64-linux-gnu/gazebo-11/plugins:'), ('HOME', '/home/ubuntu'), ('CHROME_DESKTOP', 'codium.desktop'), ('OLDPWD', '/home/ubuntu/Desktop/Works/ME326GroupProject/src'), ('TERM_PROGRAM_VERSION', '1.96.2'), ('GIO_LAUNCHED_DESKTOP_FILE', '/home/ubuntu/Desktop/codium.desktop'), ('GAZEBO_MASTER_URI', 'http://localhost:11345'), ('ROS_PYTHON_VERSION', '3'), ('GTK_MODULES', 'appmenu-gtk-module'), ('VSCODE_GIT_ASKPASS_MAIN', '/usr/share/codium/resources/app/extensions/git/dist/askpass-main.js'), ('VSCODE_GIT_ASKPASS_NODE', '/usr/share/codium/codium'), ('LC_CTYPE', 'C.UTF-8'), ('DBUS_SESSION_BUS_ADDRESS', 'unix:abstract=/tmp/dbus-eFPEujWa32,guid=017905acd645cfe1bf92612367997802'), ('COLORTERM', 'truecolor'), ('GIO_LAUNCHED_DESKTOP_FILE_PID', '547'), ('UBUNTU_MENUPROXY', '1'), ('COLCON_PREFIX_PATH', '/dev_ws/install'), ('ROS_DISTRO', 'galactic'), ('QT_AUTO_SCREEN_SCALE_FACTOR', '0'), ('_', '/usr/bin/colcon'), ('ROS_VERSION', '2'), ('TERM', 'xterm-256color'), ('GTK_OVERLAY_SCROLLING', '0'), ('GAZEBO_MODEL_PATH', '/usr/share/gazebo/../../share/gazebo-11/models:'), ('ROS_LOCALHOST_ONLY', '0'), ('INSIDE_CAJA_PYTHON', ''), ('OGRE_RESOURCE_PATH', '/usr/lib/x86_64-linux-gnu/OGRE-1.9.0'), ('PATH', '/opt/ros/galactic/bin:/usr/local/sbin:/usr/local/bin:/usr/sbin:/usr/bin:/sbin:/bin:/snap/bin'), ('SESSION_MANAGER', 'local/cbe4caa1ebe3:@/tmp/.ICE-unix/89,unix/cbe4caa1ebe3:/tmp/.ICE-unix/89'), ('GDK_BACKEND', 'x11'), ('DISPLAY', ':1'), ('LANG', 'en_US.UTF-8'), ('XDG_CURRENT_DESKTOP', 'MATE'), ('INTERBOTIX_XSLOCOBOT_BASE_TYPE', 'create3'), ('VSCODE_GIT_IPC_HANDLE', '/tmp/vscode-git-4113206b09.sock'), ('INTERBOTIX_WS', '/home/ubuntu/dev_ws'), ('SUPERVISOR_ENABLED', '1'), ('TERM_PROGRAM', 'vscode'), ('AMENT_PREFIX_PATH', '/dev_ws/install/moveit_visual_tools:/dev_ws/install/interbotix_xslocobot_moveit:/dev_ws/install/interbotix_xslocobot_ros_control:/dev_ws/install/interbotix_xslocobot_sim:/dev_ws/install/interbotix_xslocobot_nav:/dev_ws/install/interbotix_xslocobot_joy:/dev_ws/install/interbotix_xslocobot_control:/dev_ws/install/interbotix_xslocobot_descriptions:/dev_ws/install/interbotix_xs_toolbox:/dev_ws/install/interbotix_xs_rviz:/dev_ws/install/interbotix_ros_xseries:/dev_ws/install/interbotix_xs_sdk:/dev_ws/install/interbotix_xs_ros_control:/dev_ws/install/interbotix_xs_modules:/dev_ws/install/interbotix_xs_msgs:/dev_ws/install/interbotix_xs_driver:/dev_ws/install/interbotix_tf_tools:/dev_ws/install/interbotix_common_toolbox:/dev_ws/install/interbotix_common_sim:/dev_ws/install/interbotix_common_modules:/dev_ws/install/dynamixel_workbench_toolbox:/opt/ros/galactic'), ('ORIGINAL_XDG_CURRENT_DESKTOP', 'MATE'), ('NO_AT_BRIDGE', '1'), ('PASSWD', 'ubuntu'), ('SUPERVISOR_SERVER_URL', 'unix:///var/run/supervisor.sock'), ('GAZEBO_RESOURCE_PATH', '/usr/share/gazebo/../../share/gazebo-11:'), ('GAZEBO_MODEL_DATABASE_URI', 'http://models.gazebosim.org'), ('VSCODE_GIT_ASKPASS_EXTRA_ARGS', ''), ('SUPERVISOR_PROCESS_NAME', 'vnc'), ('PWD', '/home/ubuntu/Desktop/Works/ME326GroupProject/build/basic'), ('GAZEBO_PLUGIN_PATH', '/usr/share/gazebo/../../lib/x86_64-linux-gnu/gazebo-11/plugins:'), ('XDG_DATA_DIRS', '/usr/local/share:/usr/share:/var/lib/snapd/desktop'), ('PYTHONPATH', '/dev_ws/install/interbotix_xs_modules/lib/python3.8/site-packages:/dev_ws/install/interbotix_xs_msgs/lib/python3.8/site-packages:/dev_ws/install/interbotix_common_modules/lib/python3.8/site-packages:/opt/ros/galactic/lib/python3.8/site-packages'), ('MATE_DESKTOP_SESSION_ID', 'this-is-deprecated'), ('COLCON', '1'), ('CMAKE_PREFIX_PATH', '/dev_ws/install/moveit_visual_tools:/dev_ws/install/interbotix_xslocobot_moveit:/dev_ws/install/interbotix_xslocobot_ros_control:/dev_ws/install/interbotix_xslocobot_sim:/dev_ws/install/interbotix_xslocobot_nav:/dev_ws/install/interbotix_xslocobot_joy:/dev_ws/install/interbotix_xslocobot_control:/dev_ws/install/interbotix_xslocobot_descriptions:/dev_ws/install/interbotix_xs_toolbox:/dev_ws/install/interbotix_xs_rviz:/dev_ws/install/interbotix_ros_xseries:/dev_ws/install/interbotix_xs_sdk:/dev_ws/install/interbotix_xs_ros_control:/dev_ws/install/interbotix_xs_msgs:/dev_ws/install/interbotix_xs_driver:/dev_ws/install/interbotix_tf_tools:/dev_ws/install/interbotix_common_toolbox:/dev_ws/install/interbotix_common_sim:/dev_ws/install/dynamixel_workbench_toolbox:/dev_ws/install/interbotix_xs_modules:/dev_ws/install/interbotix_common_modules:/opt/ros/galactic')]), 'shell': False}
[8.287742] (-) TimerEvent: {}
[8.369579] (basic) StdoutLine: {'line': b'-- Install configuration: ""\n'}
[8.387898] (-) TimerEvent: {}
[8.407340] (basic) StdoutLine: {'line': b'-- Installing: /home/ubuntu/Desktop/Works/ME326GroupProject/install/basic/share/ament_index/resource_index/package_run_dependencies/basic\n'}
[8.488031] (-) TimerEvent: {}
[8.505576] (basic) StdoutLine: {'line': b'-- Installing: /home/ubuntu/Desktop/Works/ME326GroupProject/install/basic/share/ament_index/resource_index/parent_prefix_path/basic\n'}
[8.578926] (basic) StdoutLine: {'line': b'-- Installing: /home/ubuntu/Desktop/Works/ME326GroupProject/install/basic/share/basic/environment/ament_prefix_path.sh\n'}
[8.588146] (-) TimerEvent: {}
[8.625533] (basic) StdoutLine: {'line': b'-- Installing: /home/ubuntu/Desktop/Works/ME326GroupProject/install/basic/share/basic/environment/ament_prefix_path.dsv\n'}
[8.677324] (basic) StdoutLine: {'line': b'-- Installing: /home/ubuntu/Desktop/Works/ME326GroupProject/install/basic/share/basic/environment/path.sh\n'}
[8.688273] (-) TimerEvent: {}
[8.742816] (basic) StdoutLine: {'line': b'-- Installing: /home/ubuntu/Desktop/Works/ME326GroupProject/install/basic/share/basic/environment/path.dsv\n'}
[8.788428] (-) TimerEvent: {}
[8.802129] (basic) StdoutLine: {'line': b'-- Installing: /home/ubuntu/Desktop/Works/ME326GroupProject/install/basic/share/basic/local_setup.bash\n'}
[8.855515] (basic) StdoutLine: {'line': b'-- Installing: /home/ubuntu/Desktop/Works/ME326GroupProject/install/basic/share/basic/local_setup.sh\n'}
[8.888546] (-) TimerEvent: {}
[8.911952] (basic) StdoutLine: {'line': b'-- Installing: /home/ubuntu/Desktop/Works/ME326GroupProject/install/basic/share/basic/local_setup.zsh\n'}
[8.948791] (basic) StdoutLine: {'line': b'-- Installing: /home/ubuntu/Desktop/Works/ME326GroupProject/install/basic/share/basic/local_setup.dsv\n'}
[8.988654] (-) TimerEvent: {}
[8.992189] (basic) StdoutLine: {'line': b'-- Installing: /home/ubuntu/Desktop/Works/ME326GroupProject/install/basic/share/basic/package.dsv\n'}
[9.044718] (basic) StdoutLine: {'line': b'-- Installing: /home/ubuntu/Desktop/Works/ME326GroupProject/install/basic/share/ament_index/resource_index/packages/basic\n'}
[9.088790] (-) TimerEvent: {}
[9.114510] (basic) StdoutLine: {'line': b'-- Installing: /home/ubuntu/Desktop/Works/ME326GroupProject/install/basic/share/basic/cmake/basicConfig.cmake\n'}
[9.165092] (basic) StdoutLine: {'line': b'-- Installing: /home/ubuntu/Desktop/Works/ME326GroupProject/install/basic/share/basic/cmake/basicConfig-version.cmake\n'}
[9.188900] (-) TimerEvent: {}
[9.213347] (basic) StdoutLine: {'line': b'-- Installing: /home/ubuntu/Desktop/Works/ME326GroupProject/install/basic/share/basic/package.xml\n'}
[9.253083] (basic) CommandEnded: {'returncode': 0}
[9.289012] (-) TimerEvent: {}
[9.389623] (-) TimerEvent: {}
[9.490130] (-) TimerEvent: {}
[9.591084] (-) TimerEvent: {}
[9.691732] (-) TimerEvent: {}
[9.792525] (-) TimerEvent: {}
[9.826419] (basic) JobEnded: {'identifier': 'basic', 'rc': 0}
[9.876033] (-) EventReactorShutdown: {}
