[0.262s] DEBUG:colcon:Command line arguments: ['/usr/bin/colcon', 'build']
[0.262s] DEBUG:colcon:Parsed command line arguments: Namespace(allow_overriding=[], ament_cmake_args=None, base_paths=['.'], build_base='build', catkin_cmake_args=None, catkin_skip_building_tests=False, cmake_args=None, cmake_clean_cache=False, cmake_clean_first=False, cmake_force_configure=False, cmake_target=None, cmake_target_skip_unavailable=False, continue_on_error=False, event_handlers=None, executor='parallel', ignore_user_meta=False, install_base='install', log_base=None, log_level=None, main=<bound method BuildVerb.main of <colcon_core.verb.build.BuildVerb object at 0x7f7160cadbb0>>, merge_install=False, metas=['./colcon.meta'], packages_above=None, packages_above_and_dependencies=None, packages_above_depth=None, packages_end=None, packages_ignore=None, packages_ignore_regex=None, packages_select=None, packages_select_build_failed=False, packages_select_by_dep=None, packages_select_regex=None, packages_select_test_failures=False, packages_skip=None, packages_skip_build_finished=False, packages_skip_by_dep=None, packages_skip_regex=None, packages_skip_test_passed=False, packages_skip_up_to=None, packages_start=None, packages_up_to=None, packages_up_to_regex=None, parallel_workers=20, paths=None, symlink_install=False, test_result_base=None, verb_extension=<colcon_core.verb.build.BuildVerb object at 0x7f7160cadbb0>, verb_name='build', verb_parser=<colcon_defaults.argument_parser.defaults.DefaultArgumentsDecorator object at 0x7f7160bd0d00>)
[0.426s] Level 1:colcon.colcon_core.package_discovery:discover_packages(colcon_meta) check parameters
[0.427s] Level 1:colcon.colcon_core.package_discovery:discover_packages(recursive) check parameters
[0.427s] Level 1:colcon.colcon_core.package_discovery:discover_packages(ignore) check parameters
[0.427s] Level 1:colcon.colcon_core.package_discovery:discover_packages(path) check parameters
[0.428s] Level 1:colcon.colcon_core.package_discovery:discover_packages(colcon_meta) discover
[0.428s] Level 1:colcon.colcon_core.package_discovery:discover_packages(recursive) discover
[0.428s] INFO:colcon.colcon_core.package_discovery:Crawling recursively for packages in '/home/ubuntu/Desktop/Works/ME326GroupProject'
[0.431s] Level 1:colcon.colcon_core.package_identification:_identify(.) by extensions ['ignore', 'ignore_ament_install']
[0.431s] Level 1:colcon.colcon_core.package_identification:_identify(.) by extension 'ignore'
[0.432s] Level 1:colcon.colcon_core.package_identification:_identify(.) by extension 'ignore_ament_install'
[0.432s] Level 1:colcon.colcon_core.package_identification:_identify(.) by extensions ['colcon_pkg']
[0.432s] Level 1:colcon.colcon_core.package_identification:_identify(.) by extension 'colcon_pkg'
[0.433s] Level 1:colcon.colcon_core.package_identification:_identify(.) by extensions ['colcon_meta']
[0.433s] Level 1:colcon.colcon_core.package_identification:_identify(.) by extension 'colcon_meta'
[0.433s] Level 1:colcon.colcon_core.package_identification:_identify(.) by extensions ['ros']
[0.433s] Level 1:colcon.colcon_core.package_identification:_identify(.) by extension 'ros'
[0.441s] Level 1:colcon.colcon_core.package_identification:_identify(.) by extensions ['cmake', 'python']
[0.442s] Level 1:colcon.colcon_core.package_identification:_identify(.) by extension 'cmake'
[0.442s] Level 1:colcon.colcon_core.package_identification:_identify(.) by extension 'python'
[0.442s] Level 1:colcon.colcon_core.package_identification:_identify(.) by extensions ['python_setup_py']
[0.442s] Level 1:colcon.colcon_core.package_identification:_identify(.) by extension 'python_setup_py'
[0.444s] Level 1:colcon.colcon_core.package_identification:_identify(build) by extensions ['ignore', 'ignore_ament_install']
[0.444s] Level 1:colcon.colcon_core.package_identification:_identify(build) by extension 'ignore'
[0.445s] Level 1:colcon.colcon_core.package_identification:_identify(build) ignored
[0.447s] Level 1:colcon.colcon_core.package_identification:_identify(install) by extensions ['ignore', 'ignore_ament_install']
[0.447s] Level 1:colcon.colcon_core.package_identification:_identify(install) by extension 'ignore'
[0.447s] Level 1:colcon.colcon_core.package_identification:_identify(install) ignored
[0.450s] Level 1:colcon.colcon_core.package_identification:_identify(log) by extensions ['ignore', 'ignore_ament_install']
[0.450s] Level 1:colcon.colcon_core.package_identification:_identify(log) by extension 'ignore'
[0.451s] Level 1:colcon.colcon_core.package_identification:_identify(log) ignored
[0.453s] Level 1:colcon.colcon_core.package_identification:_identify(src) by extensions ['ignore', 'ignore_ament_install']
[0.453s] Level 1:colcon.colcon_core.package_identification:_identify(src) by extension 'ignore'
[0.453s] Level 1:colcon.colcon_core.package_identification:_identify(src) by extension 'ignore_ament_install'
[0.454s] Level 1:colcon.colcon_core.package_identification:_identify(src) by extensions ['colcon_pkg']
[0.455s] Level 1:colcon.colcon_core.package_identification:_identify(src) by extension 'colcon_pkg'
[0.455s] Level 1:colcon.colcon_core.package_identification:_identify(src) by extensions ['colcon_meta']
[0.455s] Level 1:colcon.colcon_core.package_identification:_identify(src) by extension 'colcon_meta'
[0.456s] Level 1:colcon.colcon_core.package_identification:_identify(src) by extensions ['ros']
[0.456s] Level 1:colcon.colcon_core.package_identification:_identify(src) by extension 'ros'
[0.458s] Level 1:colcon.colcon_core.package_identification:_identify(src) by extensions ['cmake', 'python']
[0.458s] Level 1:colcon.colcon_core.package_identification:_identify(src) by extension 'cmake'
[0.459s] Level 1:colcon.colcon_core.package_identification:_identify(src) by extension 'python'
[0.459s] Level 1:colcon.colcon_core.package_identification:_identify(src) by extensions ['python_setup_py']
[0.460s] Level 1:colcon.colcon_core.package_identification:_identify(src) by extension 'python_setup_py'
[0.462s] Level 1:colcon.colcon_core.package_identification:_identify(src/basic) by extensions ['ignore', 'ignore_ament_install']
[0.463s] Level 1:colcon.colcon_core.package_identification:_identify(src/basic) by extension 'ignore'
[0.464s] Level 1:colcon.colcon_core.package_identification:_identify(src/basic) by extension 'ignore_ament_install'
[0.465s] Level 1:colcon.colcon_core.package_identification:_identify(src/basic) by extensions ['colcon_pkg']
[0.465s] Level 1:colcon.colcon_core.package_identification:_identify(src/basic) by extension 'colcon_pkg'
[0.466s] Level 1:colcon.colcon_core.package_identification:_identify(src/basic) by extensions ['colcon_meta']
[0.466s] Level 1:colcon.colcon_core.package_identification:_identify(src/basic) by extension 'colcon_meta'
[0.467s] Level 1:colcon.colcon_core.package_identification:_identify(src/basic) by extensions ['ros']
[0.468s] Level 1:colcon.colcon_core.package_identification:_identify(src/basic) by extension 'ros'
[0.480s] DEBUG:colcon.colcon_core.package_identification:Package 'src/basic' with type 'ros.ament_cmake' and name 'basic'
[0.480s] Level 1:colcon.colcon_core.package_discovery:discover_packages(recursive) using defaults
[0.480s] Level 1:colcon.colcon_core.package_discovery:discover_packages(ignore) discover
[0.480s] Level 1:colcon.colcon_core.package_discovery:discover_packages(ignore) using defaults
[0.480s] Level 1:colcon.colcon_core.package_discovery:discover_packages(path) discover
[0.481s] Level 1:colcon.colcon_core.package_discovery:discover_packages(path) using defaults
[0.503s] Level 1:colcon.colcon_core.package_discovery:discover_packages(prefix_path) check parameters
[0.503s] Level 1:colcon.colcon_core.package_discovery:discover_packages(prefix_path) discover
[0.510s] DEBUG:colcon.colcon_installed_package_information.package_discovery:Found 21 installed packages in /dev_ws/install
[0.513s] DEBUG:colcon.colcon_installed_package_information.package_discovery:Found 383 installed packages in /opt/ros/galactic
[0.524s] Level 1:colcon.colcon_core.package_discovery:discover_packages(prefix_path) using defaults
[0.710s] Level 5:colcon.colcon_core.verb:set package 'basic' build argument 'cmake_args' from command line to 'None'
[0.710s] Level 5:colcon.colcon_core.verb:set package 'basic' build argument 'cmake_target' from command line to 'None'
[0.711s] Level 5:colcon.colcon_core.verb:set package 'basic' build argument 'cmake_target_skip_unavailable' from command line to 'False'
[0.712s] Level 5:colcon.colcon_core.verb:set package 'basic' build argument 'cmake_clean_cache' from command line to 'False'
[0.712s] Level 5:colcon.colcon_core.verb:set package 'basic' build argument 'cmake_clean_first' from command line to 'False'
[0.712s] Level 5:colcon.colcon_core.verb:set package 'basic' build argument 'cmake_force_configure' from command line to 'False'
[0.712s] Level 5:colcon.colcon_core.verb:set package 'basic' build argument 'ament_cmake_args' from command line to 'None'
[0.713s] Level 5:colcon.colcon_core.verb:set package 'basic' build argument 'catkin_cmake_args' from command line to 'None'
[0.713s] Level 5:colcon.colcon_core.verb:set package 'basic' build argument 'catkin_skip_building_tests' from command line to 'False'
[0.714s] DEBUG:colcon.colcon_core.verb:Building package 'basic' with the following arguments: {'ament_cmake_args': None, 'build_base': '/home/ubuntu/Desktop/Works/ME326GroupProject/build/basic', 'catkin_cmake_args': None, 'catkin_skip_building_tests': False, 'cmake_args': None, 'cmake_clean_cache': False, 'cmake_clean_first': False, 'cmake_force_configure': False, 'cmake_target': None, 'cmake_target_skip_unavailable': False, 'install_base': '/home/ubuntu/Desktop/Works/ME326GroupProject/install/basic', 'merge_install': False, 'path': '/home/ubuntu/Desktop/Works/ME326GroupProject/src/basic', 'symlink_install': False, 'test_result_base': None}
[0.714s] INFO:colcon.colcon_core.executor:Executing jobs using 'parallel' executor
[0.716s] DEBUG:colcon.colcon_parallel_executor.executor.parallel:run_until_complete
[0.717s] INFO:colcon.colcon_ros.task.ament_cmake.build:Building ROS package in '/home/ubuntu/Desktop/Works/ME326GroupProject/src/basic' with build type 'ament_cmake'
[0.717s] INFO:colcon.colcon_cmake.task.cmake.build:Building CMake package in '/home/ubuntu/Desktop/Works/ME326GroupProject/src/basic'
[0.724s] INFO:colcon.colcon_core.plugin_system:Skipping extension 'colcon_core.shell.bat': Not used on non-Windows systems
[0.725s] INFO:colcon.colcon_core.shell:Skip shell extension 'powershell' for command environment: Not usable outside of PowerShell
[0.725s] DEBUG:colcon.colcon_core.shell:Skip shell extension 'dsv' for command environment
[0.855s] DEBUG:colcon.colcon_core.event_handler.log_command:Invoking command in '/home/ubuntu/Desktop/Works/ME326GroupProject/build/basic': CMAKE_PREFIX_PATH=${CMAKE_PREFIX_PATH}:/dev_ws/install/interbotix_xs_modules:/dev_ws/install/interbotix_common_modules:/opt/ros/galactic /usr/bin/cmake /home/ubuntu/Desktop/Works/ME326GroupProject/src/basic -DCMAKE_INSTALL_PREFIX=/home/ubuntu/Desktop/Works/ME326GroupProject/install/basic
[8.351s] DEBUG:colcon.colcon_core.event_handler.log_command:Invoked command in '/home/ubuntu/Desktop/Works/ME326GroupProject/build/basic' returned '0': CMAKE_PREFIX_PATH=${CMAKE_PREFIX_PATH}:/dev_ws/install/interbotix_xs_modules:/dev_ws/install/interbotix_common_modules:/opt/ros/galactic /usr/bin/cmake /home/ubuntu/Desktop/Works/ME326GroupProject/src/basic -DCMAKE_INSTALL_PREFIX=/home/ubuntu/Desktop/Works/ME326GroupProject/install/basic
[8.369s] DEBUG:colcon.colcon_core.event_handler.log_command:Invoking command in '/home/ubuntu/Desktop/Works/ME326GroupProject/build/basic': CMAKE_PREFIX_PATH=${CMAKE_PREFIX_PATH}:/dev_ws/install/interbotix_xs_modules:/dev_ws/install/interbotix_common_modules:/opt/ros/galactic /usr/bin/cmake --build /home/ubuntu/Desktop/Works/ME326GroupProject/build/basic -- -j20 -l20
[8.834s] DEBUG:colcon.colcon_core.event_handler.log_command:Invoked command in '/home/ubuntu/Desktop/Works/ME326GroupProject/build/basic' returned '0': CMAKE_PREFIX_PATH=${CMAKE_PREFIX_PATH}:/dev_ws/install/interbotix_xs_modules:/dev_ws/install/interbotix_common_modules:/opt/ros/galactic /usr/bin/cmake --build /home/ubuntu/Desktop/Works/ME326GroupProject/build/basic -- -j20 -l20
[8.955s] DEBUG:colcon.colcon_core.event_handler.log_command:Invoking command in '/home/ubuntu/Desktop/Works/ME326GroupProject/build/basic': CMAKE_PREFIX_PATH=${CMAKE_PREFIX_PATH}:/dev_ws/install/interbotix_xs_modules:/dev_ws/install/interbotix_common_modules:/opt/ros/galactic /usr/bin/cmake --install /home/ubuntu/Desktop/Works/ME326GroupProject/build/basic
[9.971s] Level 1:colcon.colcon_core.environment:create_environment_scripts_only(basic)
[9.973s] DEBUG:colcon.colcon_core.event_handler.log_command:Invoked command in '/home/ubuntu/Desktop/Works/ME326GroupProject/build/basic' returned '0': CMAKE_PREFIX_PATH=${CMAKE_PREFIX_PATH}:/dev_ws/install/interbotix_xs_modules:/dev_ws/install/interbotix_common_modules:/opt/ros/galactic /usr/bin/cmake --install /home/ubuntu/Desktop/Works/ME326GroupProject/build/basic
[9.981s] Level 1:colcon.colcon_core.environment:checking '/home/ubuntu/Desktop/Works/ME326GroupProject/install/basic' for CMake module files
[10.040s] Level 1:colcon.colcon_core.environment:checking '/home/ubuntu/Desktop/Works/ME326GroupProject/install/basic' for CMake config files
[10.073s] Level 1:colcon.colcon_core.shell:create_environment_hook('basic', 'cmake_prefix_path')
[10.074s] INFO:colcon.colcon_core.shell:Creating environment hook '/home/ubuntu/Desktop/Works/ME326GroupProject/install/basic/share/basic/hook/cmake_prefix_path.ps1'
[10.083s] INFO:colcon.colcon_core.shell:Creating environment descriptor '/home/ubuntu/Desktop/Works/ME326GroupProject/install/basic/share/basic/hook/cmake_prefix_path.dsv'
[10.092s] INFO:colcon.colcon_core.shell:Creating environment hook '/home/ubuntu/Desktop/Works/ME326GroupProject/install/basic/share/basic/hook/cmake_prefix_path.sh'
[10.109s] Level 1:colcon.colcon_core.environment:checking '/home/ubuntu/Desktop/Works/ME326GroupProject/install/basic/bin'
[10.110s] Level 1:colcon.colcon_core.environment:checking '/home/ubuntu/Desktop/Works/ME326GroupProject/install/basic/lib/pkgconfig/basic.pc'
[10.111s] Level 1:colcon.colcon_core.environment:checking '/home/ubuntu/Desktop/Works/ME326GroupProject/install/basic/lib/python3.8/site-packages'
[10.112s] Level 1:colcon.colcon_core.environment:checking '/home/ubuntu/Desktop/Works/ME326GroupProject/install/basic/bin'
[10.113s] INFO:colcon.colcon_core.shell:Creating package script '/home/ubuntu/Desktop/Works/ME326GroupProject/install/basic/share/basic/package.ps1'
[10.123s] INFO:colcon.colcon_core.shell:Creating package descriptor '/home/ubuntu/Desktop/Works/ME326GroupProject/install/basic/share/basic/package.dsv'
[10.185s] INFO:colcon.colcon_core.shell:Creating package script '/home/ubuntu/Desktop/Works/ME326GroupProject/install/basic/share/basic/package.sh'
[10.207s] INFO:colcon.colcon_core.shell:Creating package script '/home/ubuntu/Desktop/Works/ME326GroupProject/install/basic/share/basic/package.bash'
[10.234s] INFO:colcon.colcon_core.shell:Creating package script '/home/ubuntu/Desktop/Works/ME326GroupProject/install/basic/share/basic/package.zsh'
[10.254s] Level 1:colcon.colcon_core.environment:create_file_with_runtime_dependencies(/home/ubuntu/Desktop/Works/ME326GroupProject/install/basic/share/colcon-core/packages/basic)
[10.280s] Level 1:colcon.colcon_core.environment:create_environment_scripts_only(basic)
[10.281s] Level 1:colcon.colcon_core.environment:checking '/home/ubuntu/Desktop/Works/ME326GroupProject/install/basic' for CMake module files
[10.345s] Level 1:colcon.colcon_core.environment:checking '/home/ubuntu/Desktop/Works/ME326GroupProject/install/basic' for CMake config files
[10.382s] Level 1:colcon.colcon_core.shell:create_environment_hook('basic', 'cmake_prefix_path')
[10.382s] INFO:colcon.colcon_core.shell:Creating environment hook '/home/ubuntu/Desktop/Works/ME326GroupProject/install/basic/share/basic/hook/cmake_prefix_path.ps1'
[10.400s] INFO:colcon.colcon_core.shell:Creating environment descriptor '/home/ubuntu/Desktop/Works/ME326GroupProject/install/basic/share/basic/hook/cmake_prefix_path.dsv'
[10.414s] INFO:colcon.colcon_core.shell:Creating environment hook '/home/ubuntu/Desktop/Works/ME326GroupProject/install/basic/share/basic/hook/cmake_prefix_path.sh'
[10.433s] Level 1:colcon.colcon_core.environment:checking '/home/ubuntu/Desktop/Works/ME326GroupProject/install/basic/bin'
[10.434s] Level 1:colcon.colcon_core.environment:checking '/home/ubuntu/Desktop/Works/ME326GroupProject/install/basic/lib/pkgconfig/basic.pc'
[10.435s] Level 1:colcon.colcon_core.environment:checking '/home/ubuntu/Desktop/Works/ME326GroupProject/install/basic/lib/python3.8/site-packages'
[10.437s] Level 1:colcon.colcon_core.environment:checking '/home/ubuntu/Desktop/Works/ME326GroupProject/install/basic/bin'
[10.438s] INFO:colcon.colcon_core.shell:Creating package script '/home/ubuntu/Desktop/Works/ME326GroupProject/install/basic/share/basic/package.ps1'
[10.451s] INFO:colcon.colcon_core.shell:Creating package descriptor '/home/ubuntu/Desktop/Works/ME326GroupProject/install/basic/share/basic/package.dsv'
[10.461s] INFO:colcon.colcon_core.shell:Creating package script '/home/ubuntu/Desktop/Works/ME326GroupProject/install/basic/share/basic/package.sh'
[10.472s] INFO:colcon.colcon_core.shell:Creating package script '/home/ubuntu/Desktop/Works/ME326GroupProject/install/basic/share/basic/package.bash'
[10.513s] INFO:colcon.colcon_core.shell:Creating package script '/home/ubuntu/Desktop/Works/ME326GroupProject/install/basic/share/basic/package.zsh'
[10.532s] Level 1:colcon.colcon_core.environment:create_file_with_runtime_dependencies(/home/ubuntu/Desktop/Works/ME326GroupProject/install/basic/share/colcon-core/packages/basic)
[10.545s] DEBUG:colcon.colcon_parallel_executor.executor.parallel:closing loop
[10.546s] DEBUG:colcon.colcon_parallel_executor.executor.parallel:loop closed
[10.546s] DEBUG:colcon.colcon_parallel_executor.executor.parallel:run_until_complete finished with '0'
[10.548s] DEBUG:colcon.colcon_core.event_reactor:joining thread
[10.642s] INFO:colcon.colcon_core.plugin_system:Skipping extension 'colcon_notification.desktop_notification.terminal_notifier': Not used on non-Darwin systems
[10.642s] INFO:colcon.colcon_core.plugin_system:Skipping extension 'colcon_notification.desktop_notification.win32': Not used on non-Windows systems
[10.642s] INFO:colcon.colcon_notification.desktop_notification:Sending desktop notification using 'notify2'
[10.829s] DEBUG:colcon.colcon_core.event_reactor:joined thread
[10.830s] INFO:colcon.colcon_core.shell:Creating prefix script '/home/ubuntu/Desktop/Works/ME326GroupProject/install/local_setup.ps1'
[10.836s] INFO:colcon.colcon_core.shell:Creating prefix util module '/home/ubuntu/Desktop/Works/ME326GroupProject/install/_local_setup_util_ps1.py'
[10.841s] INFO:colcon.colcon_core.shell:Creating prefix chain script '/home/ubuntu/Desktop/Works/ME326GroupProject/install/setup.ps1'
[10.853s] INFO:colcon.colcon_core.shell:Creating prefix script '/home/ubuntu/Desktop/Works/ME326GroupProject/install/local_setup.sh'
[10.893s] INFO:colcon.colcon_core.shell:Creating prefix util module '/home/ubuntu/Desktop/Works/ME326GroupProject/install/_local_setup_util_sh.py'
[10.905s] INFO:colcon.colcon_core.shell:Creating prefix chain script '/home/ubuntu/Desktop/Works/ME326GroupProject/install/setup.sh'
[10.914s] INFO:colcon.colcon_core.shell:Creating prefix script '/home/ubuntu/Desktop/Works/ME326GroupProject/install/local_setup.bash'
[10.920s] INFO:colcon.colcon_core.shell:Creating prefix chain script '/home/ubuntu/Desktop/Works/ME326GroupProject/install/setup.bash'
[10.932s] INFO:colcon.colcon_core.shell:Creating prefix script '/home/ubuntu/Desktop/Works/ME326GroupProject/install/local_setup.zsh'
[10.939s] INFO:colcon.colcon_core.shell:Creating prefix chain script '/home/ubuntu/Desktop/Works/ME326GroupProject/install/setup.zsh'
