[0.212s] Invoking command in '/home/ubuntu/Desktop/Works/ME326GroupProject/build/basic': CMAKE_PREFIX_PATH=${CMAKE_PREFIX_PATH}:/dev_ws/install/interbotix_xs_modules:/dev_ws/install/interbotix_common_modules:/opt/ros/galactic /usr/bin/cmake --build /home/ubuntu/Desktop/Works/ME326GroupProject/build/basic -- -j20 -l20
[1.113s] Invoked command in '/home/ubuntu/Desktop/Works/ME326GroupProject/build/basic' returned '0': CMAKE_PREFIX_PATH=${CMAKE_PREFIX_PATH}:/dev_ws/install/interbotix_xs_modules:/dev_ws/install/interbotix_common_modules:/opt/ros/galactic /usr/bin/cmake --build /home/ubuntu/Desktop/Works/ME326GroupProject/build/basic -- -j20 -l20
[1.338s] Invoking command in '/home/ubuntu/Desktop/Works/ME326GroupProject/build/basic': CMAKE_PREFIX_PATH=${CMAKE_PREFIX_PATH}:/dev_ws/install/interbotix_xs_modules:/dev_ws/install/interbotix_common_modules:/opt/ros/galactic /usr/bin/cmake --install /home/ubuntu/Desktop/Works/ME326GroupProject/build/basic
[1.518s] -- Install configuration: ""
[1.538s] -- Execute custom install script
[1.617s] -- Up-to-date symlink: /home/ubuntu/Desktop/Works/ME326GroupProject/install/basic/lib/basic/input_node.py
[1.748s] -- Up-to-date symlink: /home/ubuntu/Desktop/Works/ME326GroupProject/install/basic/share/ament_index/resource_index/package_run_dependencies/basic
[1.878s] -- Up-to-date symlink: /home/ubuntu/Desktop/Works/ME326GroupProject/install/basic/share/ament_index/resource_index/parent_prefix_path/basic
[1.958s] -- Up-to-date symlink: /home/ubuntu/Desktop/Works/ME326GroupProject/install/basic/share/basic/environment/ament_prefix_path.sh
[1.998s] -- Up-to-date symlink: /home/ubuntu/Desktop/Works/ME326GroupProject/install/basic/share/basic/environment/ament_prefix_path.dsv
[2.049s] -- Up-to-date symlink: /home/ubuntu/Desktop/Works/ME326GroupProject/install/basic/share/basic/environment/path.sh
[2.113s] -- Up-to-date symlink: /home/ubuntu/Desktop/Works/ME326GroupProject/install/basic/share/basic/environment/path.dsv
[2.197s] -- Up-to-date symlink: /home/ubuntu/Desktop/Works/ME326GroupProject/install/basic/share/basic/local_setup.bash
[2.257s] -- Up-to-date symlink: /home/ubuntu/Desktop/Works/ME326GroupProject/install/basic/share/basic/local_setup.sh
[2.314s] -- Up-to-date symlink: /home/ubuntu/Desktop/Works/ME326GroupProject/install/basic/share/basic/local_setup.zsh
[2.376s] -- Up-to-date symlink: /home/ubuntu/Desktop/Works/ME326GroupProject/install/basic/share/basic/local_setup.dsv
[2.393s] -- Symlinking: /home/ubuntu/Desktop/Works/ME326GroupProject/install/basic/share/basic/package.dsv
[2.742s] -- Up-to-date symlink: /home/ubuntu/Desktop/Works/ME326GroupProject/install/basic/share/ament_index/resource_index/packages/basic
[2.810s] -- Up-to-date symlink: /home/ubuntu/Desktop/Works/ME326GroupProject/install/basic/share/basic/cmake/basicConfig.cmake
[2.869s] -- Up-to-date symlink: /home/ubuntu/Desktop/Works/ME326GroupProject/install/basic/share/basic/cmake/basicConfig-version.cmake
[2.937s] -- Up-to-date symlink: /home/ubuntu/Desktop/Works/ME326GroupProject/install/basic/share/basic/package.xml
[2.949s] Invoked command in '/home/ubuntu/Desktop/Works/ME326GroupProject/build/basic' returned '0': CMAKE_PREFIX_PATH=${CMAKE_PREFIX_PATH}:/dev_ws/install/interbotix_xs_modules:/dev_ws/install/interbotix_common_modules:/opt/ros/galactic /usr/bin/cmake --install /home/ubuntu/Desktop/Works/ME326GroupProject/build/basic
