[0.000000] (-) TimerEvent: {}
[0.000567] (basic) JobQueued: {'identifier': 'basic', 'dependencies': OrderedDict()}
[0.001038] (basic) JobStarted: {'identifier': 'basic'}
[0.097793] (-) TimerEvent: {}
[0.129219] (basic) JobProgress: {'identifier': 'basic', 'progress': 'cmake'}
[0.164701] (basic) JobProgress: {'identifier': 'basic', 'progress': 'build'}
[0.172243] (basic) Command: {'cmd': ['/usr/bin/cmake', '--build', '/home/ubuntu/Desktop/Works/ME326GroupProject/build/basic', '--', '-j20', '-l20'], 'cwd': '/home/ubuntu/Desktop/Works/ME326GroupProject/build/basic', 'env': OrderedDict([('VNCDESKTOP', 'cbe4caa1ebe3:1 (ubuntu)'), ('QT_SCALE_FACTOR', '1'), ('USER', 'ubuntu'), ('SUPERVISOR_GROUP_NAME', 'vnc'), ('HOSTNAME', 'cbe4caa1ebe3'), ('GIT_ASKPASS', '/usr/share/codium/resources/app/extensions/git/dist/askpass.sh'), ('SHLVL', '2'), ('LD_LIBRARY_PATH', '/dev_ws/install/moveit_visual_tools/lib:/dev_ws/install/interbotix_xs_rviz/lib:/dev_ws/install/interbotix_xs_ros_control/lib:/dev_ws/install/interbotix_xs_msgs/lib:/dev_ws/install/interbotix_xs_driver/lib:/dev_ws/install/interbotix_tf_tools/lib:/dev_ws/install/dynamixel_workbench_toolbox/lib:/usr/lib/x86_64-linux-gnu/gazebo-11/plugins:/opt/ros/galactic/opt/yaml_cpp_vendor/lib:/opt/ros/galactic/opt/rviz_ogre_vendor/lib:/opt/ros/galactic/lib/x86_64-linux-gnu:/opt/ros/galactic/lib:/usr/share/gazebo/../../lib/x86_64-linux-gnu/gazebo-11/plugins:'), ('HOME', '/home/ubuntu'), ('CHROME_DESKTOP', 'codium.desktop'), ('OLDPWD', '/home/ubuntu/Desktop/Works/ME326GroupProject/src'), ('TERM_PROGRAM_VERSION', '1.96.2'), ('GIO_LAUNCHED_DESKTOP_FILE', '/home/ubuntu/Desktop/codium.desktop'), ('GAZEBO_MASTER_URI', 'http://localhost:11345'), ('ROS_PYTHON_VERSION', '3'), ('GTK_MODULES', 'appmenu-gtk-module'), ('VSCODE_GIT_ASKPASS_MAIN', '/usr/share/codium/resources/app/extensions/git/dist/askpass-main.js'), ('VSCODE_GIT_ASKPASS_NODE', '/usr/share/codium/codium'), ('LC_CTYPE', 'C.UTF-8'), ('DBUS_SESSION_BUS_ADDRESS', 'unix:abstract=/tmp/dbus-eFPEujWa32,guid=017905acd645cfe1bf92612367997802'), ('COLORTERM', 'truecolor'), ('GIO_LAUNCHED_DESKTOP_FILE_PID', '547'), ('UBUNTU_MENUPROXY', '1'), ('COLCON_PREFIX_PATH', '/home/ubuntu/Desktop/Works/ME326GroupProject/install:/dev_ws/install'), ('ROS_DISTRO', 'galactic'), ('QT_AUTO_SCREEN_SCALE_FACTOR', '0'), ('_', '/usr/bin/colcon'), ('ROS_VERSION', '2'), ('TERM', 'xterm-256color'), ('GTK_OVERLAY_SCROLLING', '0'), ('GAZEBO_MODEL_PATH', '/usr/share/gazebo/../../share/gazebo-11/models:'), ('ROS_LOCALHOST_ONLY', '0'), ('INSIDE_CAJA_PYTHON', ''), ('OGRE_RESOURCE_PATH', '/usr/lib/x86_64-linux-gnu/OGRE-1.9.0'), ('PATH', '/opt/ros/galactic/bin:/usr/local/sbin:/usr/local/bin:/usr/sbin:/usr/bin:/sbin:/bin:/snap/bin'), ('SESSION_MANAGER', 'local/cbe4caa1ebe3:@/tmp/.ICE-unix/89,unix/cbe4caa1ebe3:/tmp/.ICE-unix/89'), ('GDK_BACKEND', 'x11'), ('DISPLAY', ':1'), ('LANG', 'en_US.UTF-8'), ('XDG_CURRENT_DESKTOP', 'MATE'), ('INTERBOTIX_XSLOCOBOT_BASE_TYPE', 'create3'), ('VSCODE_GIT_IPC_HANDLE', '/tmp/vscode-git-4113206b09.sock'), ('INTERBOTIX_WS', '/home/ubuntu/dev_ws'), ('SUPERVISOR_ENABLED', '1'), ('TERM_PROGRAM', 'vscode'), ('AMENT_PREFIX_PATH', '/home/ubuntu/Desktop/Works/ME326GroupProject/install/basic:/dev_ws/install/moveit_visual_tools:/dev_ws/install/interbotix_xslocobot_moveit:/dev_ws/install/interbotix_xslocobot_ros_control:/dev_ws/install/interbotix_xslocobot_sim:/dev_ws/install/interbotix_xslocobot_nav:/dev_ws/install/interbotix_xslocobot_joy:/dev_ws/install/interbotix_xslocobot_control:/dev_ws/install/interbotix_xslocobot_descriptions:/dev_ws/install/interbotix_xs_toolbox:/dev_ws/install/interbotix_xs_rviz:/dev_ws/install/interbotix_ros_xseries:/dev_ws/install/interbotix_xs_sdk:/dev_ws/install/interbotix_xs_ros_control:/dev_ws/install/interbotix_xs_modules:/dev_ws/install/interbotix_xs_msgs:/dev_ws/install/interbotix_xs_driver:/dev_ws/install/interbotix_tf_tools:/dev_ws/install/interbotix_common_toolbox:/dev_ws/install/interbotix_common_sim:/dev_ws/install/interbotix_common_modules:/dev_ws/install/dynamixel_workbench_toolbox:/opt/ros/galactic'), ('ORIGINAL_XDG_CURRENT_DESKTOP', 'MATE'), ('NO_AT_BRIDGE', '1'), ('PASSWD', 'ubuntu'), ('SUPERVISOR_SERVER_URL', 'unix:///var/run/supervisor.sock'), ('GAZEBO_RESOURCE_PATH', '/usr/share/gazebo/../../share/gazebo-11:'), ('GAZEBO_MODEL_DATABASE_URI', 'http://models.gazebosim.org'), ('VSCODE_GIT_ASKPASS_EXTRA_ARGS', ''), ('SUPERVISOR_PROCESS_NAME', 'vnc'), ('PWD', '/home/ubuntu/Desktop/Works/ME326GroupProject/build/basic'), ('GAZEBO_PLUGIN_PATH', '/usr/share/gazebo/../../lib/x86_64-linux-gnu/gazebo-11/plugins:'), ('XDG_DATA_DIRS', '/usr/local/share:/usr/share:/var/lib/snapd/desktop'), ('PYTHONPATH', '/dev_ws/install/interbotix_xs_modules/lib/python3.8/site-packages:/dev_ws/install/interbotix_xs_msgs/lib/python3.8/site-packages:/dev_ws/install/interbotix_common_modules/lib/python3.8/site-packages:/opt/ros/galactic/lib/python3.8/site-packages'), ('MATE_DESKTOP_SESSION_ID', 'this-is-deprecated'), ('COLCON', '1'), ('CMAKE_PREFIX_PATH', '/home/ubuntu/Desktop/Works/ME326GroupProject/install/basic:/dev_ws/install/moveit_visual_tools:/dev_ws/install/interbotix_xslocobot_moveit:/dev_ws/install/interbotix_xslocobot_ros_control:/dev_ws/install/interbotix_xslocobot_sim:/dev_ws/install/interbotix_xslocobot_nav:/dev_ws/install/interbotix_xslocobot_joy:/dev_ws/install/interbotix_xslocobot_control:/dev_ws/install/interbotix_xslocobot_descriptions:/dev_ws/install/interbotix_xs_toolbox:/dev_ws/install/interbotix_xs_rviz:/dev_ws/install/interbotix_ros_xseries:/dev_ws/install/interbotix_xs_sdk:/dev_ws/install/interbotix_xs_ros_control:/dev_ws/install/interbotix_xs_msgs:/dev_ws/install/interbotix_xs_driver:/dev_ws/install/interbotix_tf_tools:/dev_ws/install/interbotix_common_toolbox:/dev_ws/install/interbotix_common_sim:/dev_ws/install/dynamixel_workbench_toolbox:/dev_ws/install/interbotix_xs_modules:/dev_ws/install/interbotix_common_modules:/opt/ros/galactic')]), 'shell': False}
[0.217438] (-) TimerEvent: {}
[0.318136] (-) TimerEvent: {}
[0.419773] (-) TimerEvent: {}
[0.520730] (-) TimerEvent: {}
[0.621730] (-) TimerEvent: {}
[0.722712] (-) TimerEvent: {}
[0.823574] (-) TimerEvent: {}
[0.924518] (-) TimerEvent: {}
[0.967402] (basic) CommandEnded: {'returncode': 0}
[0.999460] (basic) JobProgress: {'identifier': 'basic', 'progress': 'install'}
[1.024758] (-) TimerEvent: {}
[1.125988] (-) TimerEvent: {}
[1.146210] (basic) Command: {'cmd': ['/usr/bin/cmake', '--install', '/home/ubuntu/Desktop/Works/ME326GroupProject/build/basic'], 'cwd': '/home/ubuntu/Desktop/Works/ME326GroupProject/build/basic', 'env': OrderedDict([('VNCDESKTOP', 'cbe4caa1ebe3:1 (ubuntu)'), ('QT_SCALE_FACTOR', '1'), ('USER', 'ubuntu'), ('SUPERVISOR_GROUP_NAME', 'vnc'), ('HOSTNAME', 'cbe4caa1ebe3'), ('GIT_ASKPASS', '/usr/share/codium/resources/app/extensions/git/dist/askpass.sh'), ('SHLVL', '2'), ('LD_LIBRARY_PATH', '/dev_ws/install/moveit_visual_tools/lib:/dev_ws/install/interbotix_xs_rviz/lib:/dev_ws/install/interbotix_xs_ros_control/lib:/dev_ws/install/interbotix_xs_msgs/lib:/dev_ws/install/interbotix_xs_driver/lib:/dev_ws/install/interbotix_tf_tools/lib:/dev_ws/install/dynamixel_workbench_toolbox/lib:/usr/lib/x86_64-linux-gnu/gazebo-11/plugins:/opt/ros/galactic/opt/yaml_cpp_vendor/lib:/opt/ros/galactic/opt/rviz_ogre_vendor/lib:/opt/ros/galactic/lib/x86_64-linux-gnu:/opt/ros/galactic/lib:/usr/share/gazebo/../../lib/x86_64-linux-gnu/gazebo-11/plugins:'), ('HOME', '/home/ubuntu'), ('CHROME_DESKTOP', 'codium.desktop'), ('OLDPWD', '/home/ubuntu/Desktop/Works/ME326GroupProject/src'), ('TERM_PROGRAM_VERSION', '1.96.2'), ('GIO_LAUNCHED_DESKTOP_FILE', '/home/ubuntu/Desktop/codium.desktop'), ('GAZEBO_MASTER_URI', 'http://localhost:11345'), ('ROS_PYTHON_VERSION', '3'), ('GTK_MODULES', 'appmenu-gtk-module'), ('VSCODE_GIT_ASKPASS_MAIN', '/usr/share/codium/resources/app/extensions/git/dist/askpass-main.js'), ('VSCODE_GIT_ASKPASS_NODE', '/usr/share/codium/codium'), ('LC_CTYPE', 'C.UTF-8'), ('DBUS_SESSION_BUS_ADDRESS', 'unix:abstract=/tmp/dbus-eFPEujWa32,guid=017905acd645cfe1bf92612367997802'), ('COLORTERM', 'truecolor'), ('GIO_LAUNCHED_DESKTOP_FILE_PID', '547'), ('UBUNTU_MENUPROXY', '1'), ('COLCON_PREFIX_PATH', '/home/ubuntu/Desktop/Works/ME326GroupProject/install:/dev_ws/install'), ('ROS_DISTRO', 'galactic'), ('QT_AUTO_SCREEN_SCALE_FACTOR', '0'), ('_', '/usr/bin/colcon'), ('ROS_VERSION', '2'), ('TERM', 'xterm-256color'), ('GTK_OVERLAY_SCROLLING', '0'), ('GAZEBO_MODEL_PATH', '/usr/share/gazebo/../../share/gazebo-11/models:'), ('ROS_LOCALHOST_ONLY', '0'), ('INSIDE_CAJA_PYTHON', ''), ('OGRE_RESOURCE_PATH', '/usr/lib/x86_64-linux-gnu/OGRE-1.9.0'), ('PATH', '/opt/ros/galactic/bin:/usr/local/sbin:/usr/local/bin:/usr/sbin:/usr/bin:/sbin:/bin:/snap/bin'), ('SESSION_MANAGER', 'local/cbe4caa1ebe3:@/tmp/.ICE-unix/89,unix/cbe4caa1ebe3:/tmp/.ICE-unix/89'), ('GDK_BACKEND', 'x11'), ('DISPLAY', ':1'), ('LANG', 'en_US.UTF-8'), ('XDG_CURRENT_DESKTOP', 'MATE'), ('INTERBOTIX_XSLOCOBOT_BASE_TYPE', 'create3'), ('VSCODE_GIT_IPC_HANDLE', '/tmp/vscode-git-4113206b09.sock'), ('INTERBOTIX_WS', '/home/ubuntu/dev_ws'), ('SUPERVISOR_ENABLED', '1'), ('TERM_PROGRAM', 'vscode'), ('AMENT_PREFIX_PATH', '/home/ubuntu/Desktop/Works/ME326GroupProject/install/basic:/dev_ws/install/moveit_visual_tools:/dev_ws/install/interbotix_xslocobot_moveit:/dev_ws/install/interbotix_xslocobot_ros_control:/dev_ws/install/interbotix_xslocobot_sim:/dev_ws/install/interbotix_xslocobot_nav:/dev_ws/install/interbotix_xslocobot_joy:/dev_ws/install/interbotix_xslocobot_control:/dev_ws/install/interbotix_xslocobot_descriptions:/dev_ws/install/interbotix_xs_toolbox:/dev_ws/install/interbotix_xs_rviz:/dev_ws/install/interbotix_ros_xseries:/dev_ws/install/interbotix_xs_sdk:/dev_ws/install/interbotix_xs_ros_control:/dev_ws/install/interbotix_xs_modules:/dev_ws/install/interbotix_xs_msgs:/dev_ws/install/interbotix_xs_driver:/dev_ws/install/interbotix_tf_tools:/dev_ws/install/interbotix_common_toolbox:/dev_ws/install/interbotix_common_sim:/dev_ws/install/interbotix_common_modules:/dev_ws/install/dynamixel_workbench_toolbox:/opt/ros/galactic'), ('ORIGINAL_XDG_CURRENT_DESKTOP', 'MATE'), ('NO_AT_BRIDGE', '1'), ('PASSWD', 'ubuntu'), ('SUPERVISOR_SERVER_URL', 'unix:///var/run/supervisor.sock'), ('GAZEBO_RESOURCE_PATH', '/usr/share/gazebo/../../share/gazebo-11:'), ('GAZEBO_MODEL_DATABASE_URI', 'http://models.gazebosim.org'), ('VSCODE_GIT_ASKPASS_EXTRA_ARGS', ''), ('SUPERVISOR_PROCESS_NAME', 'vnc'), ('PWD', '/home/ubuntu/Desktop/Works/ME326GroupProject/build/basic'), ('GAZEBO_PLUGIN_PATH', '/usr/share/gazebo/../../lib/x86_64-linux-gnu/gazebo-11/plugins:'), ('XDG_DATA_DIRS', '/usr/local/share:/usr/share:/var/lib/snapd/desktop'), ('PYTHONPATH', '/dev_ws/install/interbotix_xs_modules/lib/python3.8/site-packages:/dev_ws/install/interbotix_xs_msgs/lib/python3.8/site-packages:/dev_ws/install/interbotix_common_modules/lib/python3.8/site-packages:/opt/ros/galactic/lib/python3.8/site-packages'), ('MATE_DESKTOP_SESSION_ID', 'this-is-deprecated'), ('COLCON', '1'), ('CMAKE_PREFIX_PATH', '/home/ubuntu/Desktop/Works/ME326GroupProject/install/basic:/dev_ws/install/moveit_visual_tools:/dev_ws/install/interbotix_xslocobot_moveit:/dev_ws/install/interbotix_xslocobot_ros_control:/dev_ws/install/interbotix_xslocobot_sim:/dev_ws/install/interbotix_xslocobot_nav:/dev_ws/install/interbotix_xslocobot_joy:/dev_ws/install/interbotix_xslocobot_control:/dev_ws/install/interbotix_xslocobot_descriptions:/dev_ws/install/interbotix_xs_toolbox:/dev_ws/install/interbotix_xs_rviz:/dev_ws/install/interbotix_ros_xseries:/dev_ws/install/interbotix_xs_sdk:/dev_ws/install/interbotix_xs_ros_control:/dev_ws/install/interbotix_xs_msgs:/dev_ws/install/interbotix_xs_driver:/dev_ws/install/interbotix_tf_tools:/dev_ws/install/interbotix_common_toolbox:/dev_ws/install/interbotix_common_sim:/dev_ws/install/dynamixel_workbench_toolbox:/dev_ws/install/interbotix_xs_modules:/dev_ws/install/interbotix_common_modules:/opt/ros/galactic')]), 'shell': False}
[1.226175] (-) TimerEvent: {}
[1.323898] (basic) StdoutLine: {'line': b'-- Install configuration: ""\n'}
[1.326339] (-) TimerEvent: {}
[1.337658] (basic) StdoutLine: {'line': b'-- Execute custom install script\n'}
[1.408409] (basic) StdoutLine: {'line': b'-- Up-to-date symlink: /home/ubuntu/Desktop/Works/ME326GroupProject/install/basic/lib/basic/input_node.py\n'}
[1.426481] (-) TimerEvent: {}
[1.520045] (basic) StdoutLine: {'line': b'-- Up-to-date symlink: /home/ubuntu/Desktop/Works/ME326GroupProject/install/basic/share/ament_index/resource_index/package_run_dependencies/basic\n'}
[1.526640] (-) TimerEvent: {}
[1.624987] (basic) StdoutLine: {'line': b'-- Up-to-date symlink: /home/ubuntu/Desktop/Works/ME326GroupProject/install/basic/share/ament_index/resource_index/parent_prefix_path/basic\n'}
[1.626692] (-) TimerEvent: {}
[1.681071] (basic) StdoutLine: {'line': b'-- Up-to-date symlink: /home/ubuntu/Desktop/Works/ME326GroupProject/install/basic/share/basic/environment/ament_prefix_path.sh\n'}
[1.726889] (-) TimerEvent: {}
[1.753796] (basic) StdoutLine: {'line': b'-- Up-to-date symlink: /home/ubuntu/Desktop/Works/ME326GroupProject/install/basic/share/basic/environment/ament_prefix_path.dsv\n'}
[1.796015] (basic) StdoutLine: {'line': b'-- Up-to-date symlink: /home/ubuntu/Desktop/Works/ME326GroupProject/install/basic/share/basic/environment/path.sh\n'}
[1.827018] (-) TimerEvent: {}
[1.857525] (basic) StdoutLine: {'line': b'-- Up-to-date symlink: /home/ubuntu/Desktop/Works/ME326GroupProject/install/basic/share/basic/environment/path.dsv\n'}
[1.913887] (basic) StdoutLine: {'line': b'-- Up-to-date symlink: /home/ubuntu/Desktop/Works/ME326GroupProject/install/basic/share/basic/local_setup.bash\n'}
[1.927172] (-) TimerEvent: {}
[1.955279] (basic) StdoutLine: {'line': b'-- Up-to-date symlink: /home/ubuntu/Desktop/Works/ME326GroupProject/install/basic/share/basic/local_setup.sh\n'}
[2.011052] (basic) StdoutLine: {'line': b'-- Up-to-date symlink: /home/ubuntu/Desktop/Works/ME326GroupProject/install/basic/share/basic/local_setup.zsh\n'}
[2.027348] (-) TimerEvent: {}
[2.063957] (basic) StdoutLine: {'line': b'-- Up-to-date symlink: /home/ubuntu/Desktop/Works/ME326GroupProject/install/basic/share/basic/local_setup.dsv\n'}
[2.084134] (basic) StdoutLine: {'line': b'-- Symlinking: /home/ubuntu/Desktop/Works/ME326GroupProject/install/basic/share/basic/package.dsv\n'}
[2.127492] (-) TimerEvent: {}
[2.228421] (-) TimerEvent: {}
[2.329169] (-) TimerEvent: {}
[2.351834] (basic) StdoutLine: {'line': b'-- Up-to-date symlink: /home/ubuntu/Desktop/Works/ME326GroupProject/install/basic/share/ament_index/resource_index/packages/basic\n'}
[2.406001] (basic) StdoutLine: {'line': b'-- Up-to-date symlink: /home/ubuntu/Desktop/Works/ME326GroupProject/install/basic/share/basic/cmake/basicConfig.cmake\n'}
[2.429420] (-) TimerEvent: {}
[2.464395] (basic) StdoutLine: {'line': b'-- Up-to-date symlink: /home/ubuntu/Desktop/Works/ME326GroupProject/install/basic/share/basic/cmake/basicConfig-version.cmake\n'}
[2.517802] (basic) StdoutLine: {'line': b'-- Up-to-date symlink: /home/ubuntu/Desktop/Works/ME326GroupProject/install/basic/share/basic/package.xml\n'}
[2.526238] (basic) CommandEnded: {'returncode': 0}
[2.530409] (-) TimerEvent: {}
[2.631791] (-) TimerEvent: {}
[2.732520] (-) TimerEvent: {}
[2.833280] (-) TimerEvent: {}
[2.934919] (-) TimerEvent: {}
[3.035868] (-) TimerEvent: {}
[3.136775] (-) TimerEvent: {}
[3.237844] (-) TimerEvent: {}
[3.338496] (-) TimerEvent: {}
[3.439362] (-) TimerEvent: {}
[3.540517] (-) TimerEvent: {}
[3.641322] (-) TimerEvent: {}
[3.742107] (-) TimerEvent: {}
[3.834802] (basic) JobEnded: {'identifier': 'basic', 'rc': 0}
[3.849943] (-) TimerEvent: {}
[3.850666] (-) EventReactorShutdown: {}
