[0.214s] Invoking command in '/home/ubuntu/Desktop/Works/ME326GroupProject/build/basic': CMAKE_PREFIX_PATH=${CMAKE_PREFIX_PATH}:/dev_ws/install/interbotix_xs_modules:/dev_ws/install/interbotix_common_modules:/opt/ros/galactic /usr/bin/cmake --build /home/ubuntu/Desktop/Works/ME326GroupProject/build/basic -- -j20 -l20
[0.996s] Invoked command in '/home/ubuntu/Desktop/Works/ME326GroupProject/build/basic' returned '0': CMAKE_PREFIX_PATH=${CMAKE_PREFIX_PATH}:/dev_ws/install/interbotix_xs_modules:/dev_ws/install/interbotix_common_modules:/opt/ros/galactic /usr/bin/cmake --build /home/ubuntu/Desktop/Works/ME326GroupProject/build/basic -- -j20 -l20
[1.147s] Invoking command in '/home/ubuntu/Desktop/Works/ME326GroupProject/build/basic': CMAKE_PREFIX_PATH=${CMAKE_PREFIX_PATH}:/dev_ws/install/interbotix_xs_modules:/dev_ws/install/interbotix_common_modules:/opt/ros/galactic /usr/bin/cmake --install /home/ubuntu/Desktop/Works/ME326GroupProject/build/basic
[1.324s] -- Install configuration: ""
[1.337s] -- Execute custom install script
[1.408s] -- Up-to-date symlink: /home/ubuntu/Desktop/Works/ME326GroupProject/install/basic/lib/basic/input_node.py
[1.520s] -- Up-to-date symlink: /home/ubuntu/Desktop/Works/ME326GroupProject/install/basic/share/ament_index/resource_index/package_run_dependencies/basic
[1.624s] -- Up-to-date symlink: /home/ubuntu/Desktop/Works/ME326GroupProject/install/basic/share/ament_index/resource_index/parent_prefix_path/basic
[1.685s] -- Up-to-date symlink: /home/ubuntu/Desktop/Works/ME326GroupProject/install/basic/share/basic/environment/ament_prefix_path.sh
[1.754s] -- Up-to-date symlink: /home/ubuntu/Desktop/Works/ME326GroupProject/install/basic/share/basic/environment/ament_prefix_path.dsv
[1.796s] -- Up-to-date symlink: /home/ubuntu/Desktop/Works/ME326GroupProject/install/basic/share/basic/environment/path.sh
[1.857s] -- Up-to-date symlink: /home/ubuntu/Desktop/Works/ME326GroupProject/install/basic/share/basic/environment/path.dsv
[1.913s] -- Up-to-date symlink: /home/ubuntu/Desktop/Works/ME326GroupProject/install/basic/share/basic/local_setup.bash
[1.955s] -- Up-to-date symlink: /home/ubuntu/Desktop/Works/ME326GroupProject/install/basic/share/basic/local_setup.sh
[2.011s] -- Up-to-date symlink: /home/ubuntu/Desktop/Works/ME326GroupProject/install/basic/share/basic/local_setup.zsh
[2.064s] -- Up-to-date symlink: /home/ubuntu/Desktop/Works/ME326GroupProject/install/basic/share/basic/local_setup.dsv
[2.084s] -- Symlinking: /home/ubuntu/Desktop/Works/ME326GroupProject/install/basic/share/basic/package.dsv
[2.351s] -- Up-to-date symlink: /home/ubuntu/Desktop/Works/ME326GroupProject/install/basic/share/ament_index/resource_index/packages/basic
[2.406s] -- Up-to-date symlink: /home/ubuntu/Desktop/Works/ME326GroupProject/install/basic/share/basic/cmake/basicConfig.cmake
[2.464s] -- Up-to-date symlink: /home/ubuntu/Desktop/Works/ME326GroupProject/install/basic/share/basic/cmake/basicConfig-version.cmake
[2.518s] -- Up-to-date symlink: /home/ubuntu/Desktop/Works/ME326GroupProject/install/basic/share/basic/package.xml
[2.527s] Invoked command in '/home/ubuntu/Desktop/Works/ME326GroupProject/build/basic' returned '0': CMAKE_PREFIX_PATH=${CMAKE_PREFIX_PATH}:/dev_ws/install/interbotix_xs_modules:/dev_ws/install/interbotix_common_modules:/opt/ros/galactic /usr/bin/cmake --install /home/ubuntu/Desktop/Works/ME326GroupProject/build/basic
